Send Err-INIT ErrRate: 0.10 Drop: Y Flip: Y Rand: Y Debug: Y
SEND MSG#   1 SEQ#   0 LEN   35 FLAGS  8   -FNAME request
RECV          SEQ#   0 LEN    7 FLAGS  9   -FNAME response
RECV          SEQ#   0 LEN 1007 FLAGS 16   -Data #:    0
SEND MSG#   2 SEQ#   0 LEN   11 FLAGS  5   -RR #:      1
RECV          SEQ#   1 LEN 1007 FLAGS 16   -Data #:    1
RECV          SEQ#   2 LEN 1007 FLAGS 16   -Data #:    2
SEND MSG#   3 SEQ#   0 LEN   11 FLAGS  5   -RR #:      3
RECV          SEQ#   3 LEN 1007 FLAGS 16   -Data #:    3
RECV          SEQ#   4 LEN 1007 FLAGS 16   -Data #:    4
SEND MSG#   4 SEQ#   0 LEN   11 FLAGS  5   -RR #:      5
RECV          SEQ#   5 LEN 1007 FLAGS 16   -Data #:    5
RECV          SEQ#   6 LEN 1007 FLAGS 16   -Data #:    6
SEND MSG#   5 SEQ#   0 LEN   11 FLAGS  5   -RR #:      7
RECV          SEQ#   7 LEN 1007 FLAGS 16   -Data #:    7
RECV          SEQ#   8 LEN 1007 FLAGS 16   -Data #:    8
SEND MSG#   6 SEQ#   0 LEN   11 FLAGS  5   -RR #:      9
RECV          SEQ#   9 LEN 1007 FLAGS 16   -Data #:    9
RECV          SEQ#  10 LEN 1007 FLAGS 16   -Data #:   10
SEND MSG#   7 SEQ#   0 LEN   11 FLAGS  5   -RR #:     11
RECV          SEQ#  11 LEN 1007 FLAGS 16   -Data #:   11
RECV          SEQ#  12 LEN 1007 FLAGS 16   -Data #:   12
SEND MSG#   8 SEQ#   0 LEN   11 FLAGS  5   -RR #:     13
RECV          SEQ#  13 LEN 1007 FLAGS 16   -Data #:   13
RECV          SEQ#  14 LEN 1007 FLAGS 16   -Data #:   14
SEND MSG#   9 SEQ#   0 LEN   11 FLAGS  5   -RR #:     15
RECV          SEQ#  15 LEN 1007 FLAGS 16   -Data #:   15
RECV          SEQ#  16 LEN 1007 FLAGS 16   -Data #:   16
SEND MSG#  10 SEQ#   0 LEN   11 FLAGS  5   -RR #:     17
RECV          SEQ#  17 LEN 1007 FLAGS 16   -Data #:   17
RECV          SEQ#  18 LEN 1007 FLAGS 16   -Data #:   18
SEND MSG#  11 SEQ#   0 LEN   11 FLAGS  5   -RR #:     19
RECV          SEQ#  19 LEN 1007 FLAGS 16   -Data #:   19
RECV          SEQ#  20 LEN 1007 FLAGS 16   -Data #:   20
SEND MSG#  12 SEQ#   0 LEN   11 FLAGS  5   -RR #:     21
RECV          SEQ#  21 LEN 1007 FLAGS 16   -Data #:   21
RECV          SEQ#  22 LEN 1007 FLAGS 16   -Data #:   22
SEND MSG#  13 SEQ#   0 LEN   11 FLAGS  5   -RR #:     23
RECV          SEQ#  23 LEN 1007 FLAGS 16   -Data #:   23
RECV          SEQ#  24 LEN 1007 FLAGS 16   -Data #:   24
SEND MSG#  14 SEQ#   0 LEN   11 FLAGS  5   -RR #:     25
RECV          SEQ#  25 LEN 1007 FLAGS 16   -Data #:   25
RECV          SEQ#  26 LEN 1007 FLAGS 16   -Data #:   26
SEND MSG#  15 SEQ#   0 LEN   11 FLAGS  5   -RR #:     27
RECV          SEQ#  27 LEN 1007 FLAGS 16   -Data #:   27
RECV          SEQ#  28 LEN 1007 FLAGS 16   -Data #:   28
SEND MSG#  16 SEQ#   0 LEN   11 FLAGS  5   -RR #:     29
RECV          SEQ#  29 LEN 1007 FLAGS 16   -Data #:   29
RECV          SEQ#  30 LEN 1007 FLAGS 16   -Data #:   30
SEND MSG#  17 SEQ#   0 LEN   11 FLAGS  5   -RR #:     31
RECV          SEQ#  31 LEN 1007 FLAGS 16   -Data #:   31
RECV          SEQ#  32 LEN 1007 FLAGS 16   -Data #:   32
SEND MSG#  18 SEQ#   0 LEN   11 FLAGS  5   -RR #:     33
RECV          SEQ#  33 LEN 1007 FLAGS 16   -Data #:   33
RECV          SEQ#  34 LEN 1007 FLAGS 16   -Data #:   34
SEND MSG#  19 SEQ#   0 LEN   11 FLAGS  5   -RR #:     35
RECV          SEQ#  35 LEN 1007 FLAGS 16   -Data #:   35
RECV          SEQ#  36 LEN 1007 FLAGS 16   -Data #:   36
SEND MSG#  20 SEQ#   0 LEN   11 FLAGS  5   -RR #:     37
RECV          SEQ#  37 LEN 1007 FLAGS 16   -Data #:   37
RECV          SEQ#  38 LEN 1007 FLAGS 16   -Data #:   38
SEND MSG#  21 SEQ#   0 LEN   11 FLAGS  5   -RR #:     39
RECV          SEQ#  39 LEN 1007 FLAGS 16   -Data #:   39
RECV          SEQ#  40 LEN 1007 FLAGS 16   -Data #:   40
SEND MSG#  22 SEQ#   0 LEN   11 FLAGS  5   -RR #:     41
RECV          SEQ#  41 LEN 1007 FLAGS 16   -Data #:   41
RECV          SEQ#  42 LEN 1007 FLAGS 16   -Data #:   42
SEND MSG#  23 SEQ#   0 LEN   11 FLAGS  5   -RR #:     43 - FLIPPED BITS 
RECV          SEQ#  43 LEN 1007 FLAGS 16   -Data #:   43
RECV          SEQ#  44 LEN 1007 FLAGS 16   -Data #:   44
SEND MSG#  24 SEQ#   0 LEN   11 FLAGS  5   -RR #:     45
RECV          SEQ#  41 LEN 1007 FLAGS 17   -Resent Data #:   41
RECV          SEQ#  45 LEN 1007 FLAGS 16   -Data #:   45
SEND MSG#  25 SEQ#   0 LEN   11 FLAGS  5   -RR #:     46
RECV          SEQ#  46 LEN 1007 FLAGS 16   -Data #:   46
RECV          SEQ#  47 LEN 1007 FLAGS 16   -Data #:   47
SEND MSG#  26 SEQ#   0 LEN   11 FLAGS  5   -RR #:     48
RECV          SEQ#  48 LEN 1007 FLAGS 16   -Data #:   48
RECV          SEQ#  49 LEN 1007 FLAGS 16   -Data #:   49
SEND MSG#  27 SEQ#   0 LEN   11 FLAGS  5   -RR #:     50
RECV          SEQ#  50 LEN 1007 FLAGS 16   -Data #:   50
RECV          SEQ#  51 LEN 1007 FLAGS 16   -Data #:   51
SEND MSG#  28 SEQ#   0 LEN   11 FLAGS  5   -RR #:     52
RECV          SEQ#  52 LEN 1007 FLAGS 16   -Data #:   52
RECV          SEQ#  53 LEN 1007 FLAGS 16   -Data #:   53
SEND MSG#  29 SEQ#   0 LEN   11 FLAGS  5   -RR #:     54
RECV          SEQ#  54 LEN 1007 FLAGS 16   -Data #:   54
RECV          SEQ#  55 LEN 1007 FLAGS 16   -Data #:   55
Server info - IP: ::ffff:127.0.0.1 Port: 41418 
packet length = 35
Attempt 1: Sent filename packet
Incoming bytes: 7, Received response from server: 
Flag: 9
Filename exist, the server will be sending data
~~~~~Expected: 0  ~~~~~~~ 
~~~~~~~~~~~Highest: 0, Current: 0, Lowest: 0~~~~~~~~~~~~~~~~~
Sending RR and SREJ in buffer:1 
BUFFERING:
~~~~~Expected: 2  ~~~~~~~ 
~~~~~~~~~~~Highest: 0, Current: 2, Lowest: 0~~~~~~~~~~~~~~~~~
Sending RR and SREJ in buffer:3 
BUFFERING:
~~~~~Expected: 4  ~~~~~~~ 
~~~~~~~~~~~Highest: 2, Current: 4, Lowest: 0~~~~~~~~~~~~~~~~~
Sending RR and SREJ in buffer:5 
BUFFERING:
~~~~~Expected: 6  ~~~~~~~ 
~~~~~~~~~~~Highest: 4, Current: 6, Lowest: 0~~~~~~~~~~~~~~~~~
Sending RR and SREJ in buffer:7 
BUFFERING:
~~~~~Expected: 8  ~~~~~~~ 
~~~~~~~~~~~Highest: 6, Current: 8, Lowest: 0~~~~~~~~~~~~~~~~~
Sending RR and SREJ in buffer:9 
BUFFERING:
~~~~~Expected: 10  ~~~~~~~ 
~~~~~~~~~~~Highest: 8, Current: 10, Lowest: 0~~~~~~~~~~~~~~~~~
Sending RR and SREJ in buffer:11 
BUFFERING:
~~~~~Expected: 12  ~~~~~~~ 
~~~~~~~~~~~Highest: 10, Current: 12, Lowest: 0~~~~~~~~~~~~~~~~~
Sending RR and SREJ in buffer:13 
BUFFERING:
~~~~~Expected: 14  ~~~~~~~ 
~~~~~~~~~~~Highest: 12, Current: 14, Lowest: 0~~~~~~~~~~~~~~~~~
Sending RR and SREJ in buffer:15 
BUFFERING:
~~~~~Expected: 16  ~~~~~~~ 
~~~~~~~~~~~Highest: 14, Current: 16, Lowest: 0~~~~~~~~~~~~~~~~~
Sending RR and SREJ in buffer:17 
BUFFERING:
~~~~~Expected: 18  ~~~~~~~ 
~~~~~~~~~~~Highest: 16, Current: 18, Lowest: 0~~~~~~~~~~~~~~~~~
Sending RR and SREJ in buffer:19 
BUFFERING:
~~~~~Expected: 20  ~~~~~~~ 
~~~~~~~~~~~Highest: 18, Current: 20, Lowest: 0~~~~~~~~~~~~~~~~~
Sending RR and SREJ in buffer:21 
BUFFERING:
~~~~~Expected: 22  ~~~~~~~ 
~~~~~~~~~~~Highest: 20, Current: 22, Lowest: 0~~~~~~~~~~~~~~~~~
Sending RR and SREJ in buffer:23 
BUFFERING:
~~~~~Expected: 24  ~~~~~~~ 
~~~~~~~~~~~Highest: 22, Current: 24, Lowest: 0~~~~~~~~~~~~~~~~~
Sending RR and SREJ in buffer:25 
BUFFERING:
~~~~~Expected: 26  ~~~~~~~ 
~~~~~~~~~~~Highest: 24, Current: 26, Lowest: 0~~~~~~~~~~~~~~~~~
Sending RR and SREJ in buffer:27 
BUFFERING:
~~~~~Expected: 28  ~~~~~~~ 
~~~~~~~~~~~Highest: 26, Current: 28, Lowest: 0~~~~~~~~~~~~~~~~~
Sending RR and SREJ in buffer:29 
BUFFERING:
~~~~~Expected: 30  ~~~~~~~ 
~~~~~~~~~~~Highest: 28, Current: 30, Lowest: 0~~~~~~~~~~~~~~~~~
Sending RR and SREJ in buffer:31 
BUFFERING:
~~~~~Expected: 32  ~~~~~~~ 
~~~~~~~~~~~Highest: 30, Current: 32, Lowest: 0~~~~~~~~~~~~~~~~~
Sending RR and SREJ in buffer:33 
BUFFERING:
~~~~~Expected: 34  ~~~~~~~ 
~~~~~~~~~~~Highest: 32, Current: 34, Lowest: 0~~~~~~~~~~~~~~~~~
Sending RR and SREJ in buffer:35 
BUFFERING:
~~~~~Expected: 36  ~~~~~~~ 
~~~~~~~~~~~Highest: 34, Current: 36, Lowest: 0~~~~~~~~~~~~~~~~~
Sending RR and SREJ in buffer:37 
BUFFERING:
~~~~~Expected: 38  ~~~~~~~ 
~~~~~~~~~~~Highest: 36, Current: 38, Lowest: 0~~~~~~~~~~~~~~~~~
Sending RR and SREJ in buffer:39 
BUFFERING:
~~~~~Expected: 40  ~~~~~~~ 
~~~~~~~~~~~Highest: 38, Current: 40, Lowest: 0~~~~~~~~~~~~~~~~~
Sending RR and SREJ in buffer:41 
BUFFERING:
~~~~~Expected: 42  ~~~~~~~ 
~~~~~~~~~~~Highest: 40, Current: 42, Lowest: 0~~~~~~~~~~~~~~~~~
Sending RR and SREJ in buffer:43 
BUFFERING:
~~~~~Expected: 44  ~~~~~~~ 
~~~~~~~~~~~Highest: 42, Current: 44, Lowest: 0~~~~~~~~~~~~~~~~~
Sending RR and SREJ in buffer:45 
BUFFERING:
~~~~~Expected: 45  ~~~~~~~ 
~~~~~~~~~~~Highest: 44, Current: 45, Lowest: 0~~~~~~~~~~~~~~~~~
Sending RR and SREJ in buffer:46 
BUFFERING:
~~~~~Expected: 47  ~~~~~~~ 
~~~~~~~~~~~Highest: 45, Current: 47, Lowest: 0~~~~~~~~~~~~~~~~~
Sending RR and SREJ in buffer:48 
BUFFERING:
~~~~~Expected: 49  ~~~~~~~ 
~~~~~~~~~~~Highest: 47, Current: 49, Lowest: 0~~~~~~~~~~~~~~~~~
Sending RR and SREJ in buffer:50 
BUFFERING:
~~~~~Expected: 51  ~~~~~~~ 
~~~~~~~~~~~Highest: 49, Current: 51, Lowest: 0~~~~~~~~~~~~~~~~~
Sending RR and SREJ in buffer:52 
BUFFERING:
~~~~~Expected: 53  ~~~~~~~ 
~~~~~~~~~~~Highest: 51, Current: 53, Lowest: 0~~~~~~~~~~~~~~~~~
Sending RR and SREJ in buffer:54 
BUFFERING:
~~~~~Expected: 55  ~~~~~~~ 
~~~~~~~~~~~Highest: 53, Current: 55, Lowest: 0~SEND MSG#  30 SEQ#   0 LEN   11 FLAGS  5   -RR #:     56
RECV          SEQ#  56 LEN 1007 FLAGS 16   -Data #:   56
RECV          SEQ#  57 LEN 1007 FLAGS 16   -Data #:   57
SEND MSG#  31 SEQ#   0 LEN   11 FLAGS  5   -RR #:     58
RECV          SEQ#  58 LEN 1007 FLAGS 16   -Data #:   58
RECV          SEQ#  59 LEN 1007 FLAGS 16   -Data #:   59
SEND MSG#  32 SEQ#   0 LEN   11 FLAGS  5   -RR #:     60 - FLIPPED BITS 
RECV          SEQ#  60 LEN 1007 FLAGS 16   -Data #:   60
RECV          SEQ#  58 LEN 1007 FLAGS 17   -Resent Data #:   58
SEND MSG#  33 SEQ#   0 LEN   11 FLAGS  5   -RR #:     61
RECV          SEQ#  61 LEN 1007 FLAGS 16   -Data #:   61
RECV          SEQ#  62 LEN 1007 FLAGS 16   -Data #:   62
SEND MSG#  34 SEQ#   0 LEN   11 FLAGS  5   -RR #:     63
RECV          SEQ#  63 LEN 1007 FLAGS 16   -Data #:   63
RECV          SEQ#  64 LEN 1007 FLAGS 16   -Data #:   64
SEND MSG#  35 SEQ#   0 LEN   11 FLAGS  5   -RR #:     65
RECV          SEQ#  65 LEN 1007 FLAGS 16   -Data #:   65
RECV          SEQ#  66 LEN 1007 FLAGS 16   -Data #:   66
SEND MSG#  36 SEQ#   0 LEN   11 FLAGS  5   -RR #:     67
RECV          SEQ#  67 LEN 1007 FLAGS 16   -Data #:   67
RECV          SEQ#  68 LEN 1007 FLAGS 16   -Data #:   68
SEND MSG#  37 SEQ#   0 LEN   11 FLAGS  5   -RR #:     69
RECV          SEQ#  69 LEN 1007 FLAGS 16   -Data #:   69
RECV          SEQ#  70 LEN 1007 FLAGS 16   -Data #:   70
SEND MSG#  38 SEQ#   0 LEN   11 FLAGS  5   -RR #:     71
RECV          SEQ#  71 LEN 1007 FLAGS 16   -Data #:   71
RECV          SEQ#  72 LEN 1007 FLAGS 16   -Data #:   72
SEND MSG#  39 SEQ#   0 LEN   11 FLAGS  5   -RR #:     73
RECV          SEQ#  73 LEN 1007 FLAGS 16   -Data #:   73
RECV          SEQ#  74 LEN 1007 FLAGS 16   -Data #:   74
SEND MSG#  40 SEQ#   0 LEN   11 FLAGS  5   -RR #:     75
RECV          SEQ#  75 LEN 1007 FLAGS 16   -Data #:   75
RECV          SEQ#  76 LEN 1007 FLAGS 16   -Data #:   76
SEND MSG#  41 SEQ#   0 LEN   11 FLAGS  5   -RR #:     77
RECV          SEQ#  77 LEN 1007 FLAGS 16   -Data #:   77
RECV          SEQ#  78 LEN 1007 FLAGS 16   -Data #:   78
SEND MSG#  42 SEQ#   0 LEN   11 FLAGS  5   -RR #:     79
RECV          SEQ#  79 LEN 1007 FLAGS 16   -Data #:   79
RECV          SEQ#  80 LEN 1007 FLAGS 16   -Data #:   80
SEND MSG#  43 SEQ#   0 LEN   11 FLAGS  5   -RR #:     81 - DROPPED 
RECV          SEQ#  81 LEN 1007 FLAGS 16   -Data #:   81
RECV          SEQ#  82 LEN 1007 FLAGS 16   -Data #:   82
SEND MSG#  44 SEQ#   0 LEN   11 FLAGS  5   -RR #:     83
RECV          SEQ#  83 LEN 1007 FLAGS 16   -Data #:   83
RECV          SEQ#  84 LEN 1007 FLAGS 16   -Data #:   84
SEND MSG#  45 SEQ#   0 LEN   11 FLAGS  5   -RR #:     85
RECV          SEQ#  85 LEN 1007 FLAGS 16   -Data #:   85
RECV          SEQ#  86 LEN 1007 FLAGS 16   -Data #:   86
SEND MSG#  46 SEQ#   0 LEN   11 FLAGS  5   -RR #:     87
RECV          SEQ#  87 LEN 1007 FLAGS 16   -Data #:   87
RECV          SEQ#  88 LEN 1007 FLAGS 16   -Data #:   88
SEND MSG#  47 SEQ#   0 LEN   11 FLAGS  5   -RR #:     89
RECV          SEQ#  89 LEN 1007 FLAGS 16   -Data #:   89
RECV          SEQ#  90 LEN 1007 FLAGS 16   -Data #:   90
SEND MSG#  48 SEQ#   0 LEN   11 FLAGS  5   -RR #:     91 - FLIPPED BITS 
RECV          SEQ#  91 LEN 1007 FLAGS 16   -Data #:   91
RECV          SEQ#  92 LEN 1007 FLAGS 16   -Data #:   92
SEND MSG#  49 SEQ#   0 LEN   11 FLAGS  5   -RR #:     93 - DROPPED 
RECV          SEQ#  89 LEN 1007 FLAGS 17   -Resent Data #:   89
RECV          SEQ#  93 LEN 1007 FLAGS 16   -Data #:   93
SEND MSG#  50 SEQ#   0 LEN   11 FLAGS  5   -RR #:     94
RECV          SEQ#  94 LEN 1007 FLAGS 16   -Data #:   94
RECV          SEQ#  95 LEN 1007 FLAGS 16   -Data #:   95
SEND MSG#  51 SEQ#   0 LEN   11 FLAGS  5   -RR #:     96
RECV          SEQ#  96 LEN 1007 FLAGS 16   -Data #:   96
RECV          SEQ#  97 LEN 1007 FLAGS 16   -Data #:   97
SEND MSG#  52 SEQ#   0 LEN   11 FLAGS  5   -RR #:     98
RECV          SEQ#  98 LEN 1007 FLAGS 16   -Data #:   98
RECV          SEQ#  99 LEN 1007 FLAGS 16   -Data #:   99
SEND MSG#  53 SEQ#   0 LEN   11 FLAGS  5   -RR #:    100
RECV          SEQ# 100 LEN 1007 FLAGS 16   -Data #:  100
RECV          SEQ# 101 LEN 1007 FLAGS 16   -Data #:  101
SEND MSG#  54 SEQ#   0 LEN   11 FLAGS  5   -RR #:    102
RECV          SEQ# 102 LEN 1007 FLAGS 16   -Data #:  102
RECV          SEQ# 103 LEN 1007 FLAGS 16   -Data #:  103
SEND MSG#  55 SEQ#   0 LEN   11 FLAGS  5   -RR #:    104
RECV          SEQ# 104 LEN 1007 FLAGS 16   -Data #:  104
RECV          SEQ# 105 LEN 1007 FLAGS 16   -Data #:  105
SEND MSG#  56 SEQ#   0 LEN   11 FLAGS  5   -RR #:    106
RECV          SEQ# 106 LEN 1007 FLAGS 16   -Data #:  106
RECV          SEQ# 107 LEN 1007 FLAGS 16   -Data #:  107
SEND MSG#  57 SEQ#   0 LEN   11 FLAGS  5   -RR #:    108
RECV          SEQ# 108 LEN 1007 FLAGS 16   -Data #:  108
RECV          SEQ# 109 LEN 1007 FLAGS 16   -Data #:  109
SEND MSG#  58 SEQ#   0 LEN   11 FLAGS  5   -RR #:    110
RECV          SEQ# 110 LEN 1007 FLAGS 16   -Data #:  110
RECV          SEQ# 111 LEN 1007 FLAGS 16   -Data #:  111
SEND MSG#  59 SEQ#   0 LEN   11 FLAGS  5   -RR #:    112
RECV          SEQ# 112 LEN 1007 FLAGS 16   -Data #:  112
RECV          SEQ# 113 LEN 1007 FLAGS 16   -Data #:  113
~~~~~~~~~~~~~~~~
Sending RR and SREJ in buffer:56 
BUFFERING:
~~~~~Expected: 57  ~~~~~~~ 
~~~~~~~~~~~Highest: 55, Current: 57, Lowest: 0~~~~~~~~~~~~~~~~~
Sending RR and SREJ in buffer:58 
BUFFERING:
~~~~~Expected: 59  ~~~~~~~ 
~~~~~~~~~~~Highest: 57, Current: 59, Lowest: 0~~~~~~~~~~~~~~~~~
Sending RR and SREJ in buffer:60 
BUFFERING:
~~~~~Expected: 61  ~~~~~~~ 
~~~~~~~~~~~Highest: 59, Current: 61, Lowest: 0~~~~~~~~~~~~~~~~~
BUFFERING:
~~~~~Expected: 62  ~~~~~~~ 
~~~~~~~~~~~Highest: 59, Current: 62, Lowest: 0~~~~~~~~~~~~~~~~~
Sending RR and SREJ in buffer:63 
BUFFERING:
~~~~~Expected: 64  ~~~~~~~ 
~~~~~~~~~~~Highest: 62, Current: 64, Lowest: 0~~~~~~~~~~~~~~~~~
Sending RR and SREJ in buffer:65 
BUFFERING:
~~~~~Expected: 66  ~~~~~~~ 
~~~~~~~~~~~Highest: 64, Current: 66, Lowest: 0~~~~~~~~~~~~~~~~~
Sending RR and SREJ in buffer:67 
BUFFERING:
~~~~~Expected: 68  ~~~~~~~ 
~~~~~~~~~~~Highest: 66, Current: 68, Lowest: 0~~~~~~~~~~~~~~~~~
Sending RR and SREJ in buffer:69 
BUFFERING:
~~~~~Expected: 70  ~~~~~~~ 
~~~~~~~~~~~Highest: 68, Current: 70, Lowest: 0~~~~~~~~~~~~~~~~~
Sending RR and SREJ in buffer:71 
BUFFERING:
~~~~~Expected: 72  ~~~~~~~ 
~~~~~~~~~~~Highest: 70, Current: 72, Lowest: 0~~~~~~~~~~~~~~~~~
Sending RR and SREJ in buffer:73 
BUFFERING:
~~~~~Expected: 74  ~~~~~~~ 
~~~~~~~~~~~Highest: 72, Current: 74, Lowest: 0~~~~~~~~~~~~~~~~~
Sending RR and SREJ in buffer:75 
BUFFERING:
~~~~~Expected: 76  ~~~~~~~ 
~~~~~~~~~~~Highest: 74, Current: 76, Lowest: 0~~~~~~~~~~~~~~~~~
Sending RR and SREJ in buffer:77 
BUFFERING:
~~~~~Expected: 78  ~~~~~~~ 
~~~~~~~~~~~Highest: 76, Current: 78, Lowest: 0~~~~~~~~~~~~~~~~~
Sending RR and SREJ in buffer:79 
BUFFERING:
~~~~~Expected: 80  ~~~~~~~ 
~~~~~~~~~~~Highest: 78, Current: 80, Lowest: 0~~~~~~~~~~~~~~~~~
Sending RR and SREJ in buffer:81 
BUFFERING:
~~~~~Expected: 82  ~~~~~~~ 
~~~~~~~~~~~Highest: 80, Current: 82, Lowest: 0~~~~~~~~~~~~~~~~~
Sending RR and SREJ in buffer:83 
BUFFERING:
~~~~~Expected: 84  ~~~~~~~ 
~~~~~~~~~~~Highest: 82, Current: 84, Lowest: 0~~~~~~~~~~~~~~~~~
Sending RR and SREJ in buffer:85 
BUFFERING:
~~~~~Expected: 86  ~~~~~~~ 
~~~~~~~~~~~Highest: 84, Current: 86, Lowest: 0~~~~~~~~~~~~~~~~~
Sending RR and SREJ in buffer:87 
BUFFERING:
~~~~~Expected: 88  ~~~~~~~ 
~~~~~~~~~~~Highest: 86, Current: 88, Lowest: 0~~~~~~~~~~~~~~~~~
Sending RR and SREJ in buffer:89 
BUFFERING:
~~~~~Expected: 90  ~~~~~~~ 
~~~~~~~~~~~Highest: 88, Current: 90, Lowest: 0~~~~~~~~~~~~~~~~~
Sending RR and SREJ in buffer:91 
BUFFERING:
~~~~~Expected: 92  ~~~~~~~ 
~~~~~~~~~~~Highest: 90, Current: 92, Lowest: 0~~~~~~~~~~~~~~~~~
Sending RR and SREJ in buffer:93 
BUFFERING:
~~~~~Expected: 93  ~~~~~~~ 
~~~~~~~~~~~Highest: 92, Current: 93, Lowest: 0~~~~~~~~~~~~~~~~~
Sending RR and SREJ in buffer:94 
BUFFERING:
~~~~~Expected: 95  ~~~~~~~ 
~~~~~~~~~~~Highest: 93, Current: 95, Lowest: 0~~~~~~~~~~~~~~~~~
Sending RR and SREJ in buffer:96 
BUFFERING:
~~~~~Expected: 97  ~~~~~~~ 
~~~~~~~~~~~Highest: 95, Current: 97, Lowest: 0~~~~~~~~~~~~~~~~~
Sending RR and SREJ in buffer:98 
BUFFERING:
~~~~~Expected: 99  ~~~~~~~ 
~~~~~~~~~~~Highest: 97, Current: 99, Lowest: 0~~~~~~~~~~~~~~~~~
Sending RR and SREJ in buffer:100 
BUFFERING:
~~~~~Expected: 101  ~~~~~~~ 
~~~~~~~~~~~Highest: 99, Current: 101, Lowest: 0~~~~~~~~~~~~~~~~~
Sending RR and SREJ in buffer:102 
BUFFERING:
~~~~~Expected: 103  ~~~~~~~ 
~~~~~~~~~~~Highest: 101, Current: 103, Lowest: 0~~~~~~~~~~~~~~~~~
Sending RR and SREJ in buffer:104 
BUFFERING:
~~~~~Expected: 105  ~~~~~~~ 
~~~~~~~~~~~Highest: 103, Current: 105, Lowest: 0~~~~~~~~~~~~~~~~~
Sending RR and SREJ in buffer:106 
BUFFERING:
~~~~~Expected: 107  ~~~~~~~ 
~~~~~~~~~~~Highest: 105, Current: 107, Lowest: 0~~~~~~~~~~~~~~~~~
Sending RR and SREJ in buffer:108 
BUFFERING:
~~~~~Expected: 109  ~~~~~~~ 
~~~~~~~~~~~Highest: 107, Current: 109, Lowest: 0~~~~~~~~~~~~~~~~~
Sending RR and SREJ in buffer:110 
BUFFERING:
~~~~~Expected: 111  ~~~~~~~ 
~~~~~~~~~~~Highest: 109, Current: 111, Lowest: 0~~~~~~~~~~~~~~~~~
Sending RR and SREJ in buffer:112 
BUFFERING:
~~~~~Expected: 113  ~~~~~~~ 
~~~~~~~~~~~Highest: 111, Current: 113, LowSEND MSG#  60 SEQ#   0 LEN   11 FLAGS  5   -RR #:    114 - DROPPED 
RECV          SEQ# 114 LEN 1007 FLAGS 16   -Data #:  114
RECV          SEQ# 115 LEN 1007 FLAGS 16   -Data #:  115
SEND MSG#  61 SEQ#   0 LEN   11 FLAGS  5   -RR #:    116
RECV          SEQ# 116 LEN 1007 FLAGS 16   -Data #:  116
RECV          SEQ# 117 LEN 1007 FLAGS 16   -Data #:  117
SEND MSG#  62 SEQ#   0 LEN   11 FLAGS  5   -RR #:    118
RECV          SEQ# 118 LEN 1007 FLAGS 16   -Data #:  118
RECV          SEQ# 119 LEN 1007 FLAGS 16   -Data #:  119
SEND MSG#  63 SEQ#   0 LEN   11 FLAGS  5   -RR #:    120 - DROPPED 
RECV          SEQ# 120 LEN 1007 FLAGS 16   -Data #:  120
RECV          SEQ# 121 LEN 1007 FLAGS 16   -Data #:  121
SEND MSG#  64 SEQ#   0 LEN   11 FLAGS  5   -RR #:    122 - DROPPED 
RECV          SEQ# 122 LEN 1007 FLAGS 16   -Data #:  122
RECV          SEQ# 123 LEN 1007 FLAGS 16   -Data #:  123
SEND MSG#  65 SEQ#   0 LEN   11 FLAGS  5   -RR #:    124
RECV          SEQ# 124 LEN 1007 FLAGS 16   -Data #:  124
RECV          SEQ# 125 LEN 1007 FLAGS 16   -Data #:  125
SEND MSG#  66 SEQ#   0 LEN   11 FLAGS  5   -RR #:    126
RECV          SEQ# 126 LEN 1007 FLAGS 16   -Data #:  126
RECV          SEQ# 127 LEN 1007 FLAGS 16   -Data #:  127
SEND MSG#  67 SEQ#   0 LEN   11 FLAGS  5   -RR #:    128
RECV          SEQ# 128 LEN 1007 FLAGS 16   -Data #:  128
RECV          SEQ# 129 LEN 1007 FLAGS 16   -Data #:  129
SEND MSG#  68 SEQ#   0 LEN   11 FLAGS  5   -RR #:    130
RECV          SEQ# 130 LEN 1007 FLAGS 16   -Data #:  130
RECV          SEQ# 131 LEN 1007 FLAGS 16   -Data #:  131
SEND MSG#  69 SEQ#   0 LEN   11 FLAGS  5   -RR #:    132
RECV          SEQ# 132 LEN 1007 FLAGS 16   -Data #:  132
RECV          SEQ# 133 LEN 1007 FLAGS 16   -Data #:  133
SEND MSG#  70 SEQ#   0 LEN   11 FLAGS  5   -RR #:    134
RECV          SEQ# 134 LEN 1007 FLAGS 16   -Data #:  134
RECV          SEQ# 135 LEN 1007 FLAGS 16   -Data #:  135
SEND MSG#  71 SEQ#   0 LEN   11 FLAGS  5   -RR #:    136
RECV          SEQ# 136 LEN 1007 FLAGS 16   -Data #:  136
RECV          SEQ# 137 LEN 1007 FLAGS 16   -Data #:  137
SEND MSG#  72 SEQ#   0 LEN   11 FLAGS  5   -RR #:    138
RECV          SEQ# 138 LEN 1007 FLAGS 16   -Data #:  138
RECV          SEQ# 139 LEN 1007 FLAGS 16   -Data #:  139
SEND MSG#  73 SEQ#   0 LEN   11 FLAGS  5   -RR #:    140
RECV          SEQ# 140 LEN 1007 FLAGS 16   -Data #:  140
RECV          SEQ# 141 LEN 1007 FLAGS 16   -Data #:  141
SEND MSG#  74 SEQ#   0 LEN   11 FLAGS  5   -RR #:    142
RECV          SEQ# 142 LEN 1007 FLAGS 16   -Data #:  142
RECV          SEQ# 143 LEN 1007 FLAGS 16   -Data #:  143
SEND MSG#  75 SEQ#   0 LEN   11 FLAGS  5   -RR #:    144
RECV          SEQ# 144 LEN 1007 FLAGS 16   -Data #:  144
RECV          SEQ# 145 LEN 1007 FLAGS 16   -Data #:  145
SEND MSG#  76 SEQ#   0 LEN   11 FLAGS  5   -RR #:    146
RECV          SEQ# 146 LEN 1007 FLAGS 16   -Data #:  146
RECV          SEQ# 147 LEN 1007 FLAGS 16   -Data #:  147
SEND MSG#  77 SEQ#   0 LEN   11 FLAGS  5   -RR #:    148
RECV          SEQ# 148 LEN 1007 FLAGS 16   -Data #:  148
RECV          SEQ# 149 LEN 1007 FLAGS 16   -Data #:  149
SEND MSG#  78 SEQ#   0 LEN   11 FLAGS  5   -RR #:    150
RECV          SEQ# 150 LEN 1007 FLAGS 16   -Data #:  150
RECV          SEQ# 151 LEN 1007 FLAGS 16   -Data #:  151
SEND MSG#  79 SEQ#   0 LEN   11 FLAGS  5   -RR #:    152
RECV          SEQ# 152 LEN 1007 FLAGS 16   -Data #:  152
RECV          SEQ# 153 LEN 1007 FLAGS 16   -Data #:  153
SEND MSG#  80 SEQ#   0 LEN   11 FLAGS  5   -RR #:    154
RECV          SEQ# 154 LEN 1007 FLAGS 16   -Data #:  154
RECV          SEQ# 155 LEN 1007 FLAGS 16   -Data #:  155
SEND MSG#  81 SEQ#   0 LEN   11 FLAGS  5   -RR #:    156
RECV          SEQ# 156 LEN 1007 FLAGS 16   -Data #:  156
RECV          SEQ# 157 LEN 1007 FLAGS 16   -Data #:  157
SEND MSG#  82 SEQ#   0 LEN   11 FLAGS  5   -RR #:    158
RECV          SEQ# 158 LEN 1007 FLAGS 16   -Data #:  158
RECV          SEQ# 159 LEN 1007 FLAGS 16   -Data #:  159
SEND MSG#  83 SEQ#   0 LEN   11 FLAGS  5   -RR #:    160
RECV          SEQ# 160 LEN 1007 FLAGS 16   -Data #:  160
RECV          SEQ# 161 LEN 1007 FLAGS 16   -Data #:  161
SEND MSG#  84 SEQ#   0 LEN   11 FLAGS  5   -RR #:    162
RECV          SEQ# 162 LEN 1007 FLAGS 16   -Data #:  162
RECV          SEQ# 163 LEN 1007 FLAGS 16   -Data #:  163
SEND MSG#  85 SEQ#   0 LEN   11 FLAGS  5   -RR #:    164
RECV          SEQ# 164 LEN 1007 FLAGS 16   -Data #:  164
RECV          SEQ# 165 LEN 1007 FLAGS 16   -Data #:  165
SEND MSG#  86 SEQ#   0 LEN   11 FLAGS  5   -RR #:    166
RECV          SEQ# 166 LEN 1007 FLAGS 16   -Data #:  166
RECV          SEQ# 167 LEN 1007 FLAGS 16   -Data #:  167
SEND MSG#  87 SEQ#   0 LEN   11 FLAGS  5   -RR #:    168
RECV          SEQ# 168 LEN 1007 FLAGS 16   -Data #:  168
RECV          SEQ# 169 LEN 1007 FLAGS 16   -Data #:  169
SEND MSG#  88 SEQ#   0 LEN   11 FLAGS  5   -RR #:    170
RECV          SEQ# 170 LEN 1007 FLAGS 16   -Data #:  170
RECV          SEQ# 171 LEN 1007 FLAGS 16   -Data #:  171
est: 0~~~~~~~~~~~~~~~~~
Sending RR and SREJ in buffer:114 
BUFFERING:
~~~~~Expected: 115  ~~~~~~~ 
~~~~~~~~~~~Highest: 113, Current: 115, Lowest: 0~~~~~~~~~~~~~~~~~
Sending RR and SREJ in buffer:116 
BUFFERING:
~~~~~Expected: 117  ~~~~~~~ 
~~~~~~~~~~~Highest: 115, Current: 117, Lowest: 0~~~~~~~~~~~~~~~~~
Sending RR and SREJ in buffer:118 
BUFFERING:
~~~~~Expected: 119  ~~~~~~~ 
~~~~~~~~~~~Highest: 117, Current: 119, Lowest: 0~~~~~~~~~~~~~~~~~
Sending RR and SREJ in buffer:120 
BUFFERING:
~~~~~Expected: 121  ~~~~~~~ 
~~~~~~~~~~~Highest: 119, Current: 121, Lowest: 0~~~~~~~~~~~~~~~~~
Sending RR and SREJ in buffer:122 
BUFFERING:
~~~~~Expected: 123  ~~~~~~~ 
~~~~~~~~~~~Highest: 121, Current: 123, Lowest: 0~~~~~~~~~~~~~~~~~
Sending RR and SREJ in buffer:124 
BUFFERING:
~~~~~Expected: 125  ~~~~~~~ 
~~~~~~~~~~~Highest: 123, Current: 125, Lowest: 0~~~~~~~~~~~~~~~~~
Sending RR and SREJ in buffer:126 
BUFFERING:
~~~~~Expected: 127  ~~~~~~~ 
~~~~~~~~~~~Highest: 125, Current: 127, Lowest: 0~~~~~~~~~~~~~~~~~
Sending RR and SREJ in buffer:128 
BUFFERING:
~~~~~Expected: 129  ~~~~~~~ 
~~~~~~~~~~~Highest: 127, Current: 129, Lowest: 0~~~~~~~~~~~~~~~~~
Sending RR and SREJ in buffer:130 
BUFFERING:
~~~~~Expected: 131  ~~~~~~~ 
~~~~~~~~~~~Highest: 129, Current: 131, Lowest: 0~~~~~~~~~~~~~~~~~
Sending RR and SREJ in buffer:132 
BUFFERING:
~~~~~Expected: 133  ~~~~~~~ 
~~~~~~~~~~~Highest: 131, Current: 133, Lowest: 0~~~~~~~~~~~~~~~~~
Sending RR and SREJ in buffer:134 
BUFFERING:
~~~~~Expected: 135  ~~~~~~~ 
~~~~~~~~~~~Highest: 133, Current: 135, Lowest: 0~~~~~~~~~~~~~~~~~
Sending RR and SREJ in buffer:136 
BUFFERING:
~~~~~Expected: 137  ~~~~~~~ 
~~~~~~~~~~~Highest: 135, Current: 137, Lowest: 0~~~~~~~~~~~~~~~~~
Sending RR and SREJ in buffer:138 
BUFFERING:
~~~~~Expected: 139  ~~~~~~~ 
~~~~~~~~~~~Highest: 137, Current: 139, Lowest: 0~~~~~~~~~~~~~~~~~
Sending RR and SREJ in buffer:140 
BUFFERING:
~~~~~Expected: 141  ~~~~~~~ 
~~~~~~~~~~~Highest: 139, Current: 141, Lowest: 0~~~~~~~~~~~~~~~~~
Sending RR and SREJ in buffer:142 
BUFFERING:
~~~~~Expected: 143  ~~~~~~~ 
~~~~~~~~~~~Highest: 141, Current: 143, Lowest: 0~~~~~~~~~~~~~~~~~
Sending RR and SREJ in buffer:144 
BUFFERING:
~~~~~Expected: 145  ~~~~~~~ 
~~~~~~~~~~~Highest: 143, Current: 145, Lowest: 0~~~~~~~~~~~~~~~~~
Sending RR and SREJ in buffer:146 
BUFFERING:
~~~~~Expected: 147  ~~~~~~~ 
~~~~~~~~~~~Highest: 145, Current: 147, Lowest: 0~~~~~~~~~~~~~~~~~
Sending RR and SREJ in buffer:148 
BUFFERING:
~~~~~Expected: 149  ~~~~~~~ 
~~~~~~~~~~~Highest: 147, Current: 149, Lowest: 0~~~~~~~~~~~~~~~~~
Sending RR and SREJ in buffer:150 
BUFFERING:
~~~~~Expected: 151  ~~~~~~~ 
~~~~~~~~~~~Highest: 149, Current: 151, Lowest: 0~~~~~~~~~~~~~~~~~
Sending RR and SREJ in buffer:152 
BUFFERING:
~~~~~Expected: 153  ~~~~~~~ 
~~~~~~~~~~~Highest: 151, Current: 153, Lowest: 0~~~~~~~~~~~~~~~~~
Sending RR and SREJ in buffer:154 
BUFFERING:
~~~~~Expected: 155  ~~~~~~~ 
~~~~~~~~~~~Highest: 153, Current: 155, Lowest: 0~~~~~~~~~~~~~~~~~
Sending RR and SREJ in buffer:156 
BUFFERING:
~~~~~Expected: 157  ~~~~~~~ 
~~~~~~~~~~~Highest: 155, Current: 157, Lowest: 0~~~~~~~~~~~~~~~~~
Sending RR and SREJ in buffer:158 
BUFFERING:
~~~~~Expected: 159  ~~~~~~~ 
~~~~~~~~~~~Highest: 157, Current: 159, Lowest: 0~~~~~~~~~~~~~~~~~
Sending RR and SREJ in buffer:160 
BUFFERING:
~~~~~Expected: 161  ~~~~~~~ 
~~~~~~~~~~~Highest: 159, Current: 161, Lowest: 0~~~~~~~~~~~~~~~~~
Sending RR and SREJ in buffer:162 
BUFFERING:
~~~~~Expected: 163  ~~~~~~~ 
~~~~~~~~~~~Highest: 161, Current: 163, Lowest: 0~~~~~~~~~~~~~~~~~
Sending RR and SREJ in buffer:164 
BUFFERING:
~~~~~Expected: 165  ~~~~~~~ 
~~~~~~~~~~~Highest: 163, Current: 165, Lowest: 0~~~~~~~~~~~~~~~~~
Sending RR and SREJ in buffer:166 
BUFFERING:
~~~~~Expected: 167  ~~~~~~~ 
~~~~~~~~~~~Highest: 165, Current: 167, Lowest: 0~~~~~~~~~~~~~~~~~
Sending RR and SREJ in buffer:168 
BUFFERING:
~~~~~Expected: 169  ~~~~~~~ 
~~~~~~~~~~~Highest: 167, Current: 169, Lowest: 0~~~~~~~~~~~~~~~~~
Sending RR and SREJ in buffer:170 
BUFFERING:
~~~~~Expected: 171  ~~~~~~~ 
~~~~~~~~~~~Highest: 169, Current: 171, Lowest: 0~SEND MSG#  89 SEQ#   0 LEN   11 FLAGS  5   -RR #:    172
RECV          SEQ# 172 LEN 1007 FLAGS 16   -Data #:  172
RECV          SEQ# 173 LEN 1007 FLAGS 16   -Data #:  173
SEND MSG#  90 SEQ#   0 LEN   11 FLAGS  5   -RR #:    174
RECV          SEQ# 174 LEN 1007 FLAGS 16   -Data #:  174
RECV          SEQ# 175 LEN 1007 FLAGS 16   -Data #:  175
SEND MSG#  91 SEQ#   0 LEN   11 FLAGS  5   -RR #:    176
RECV          SEQ# 176 LEN 1007 FLAGS 16   -Data #:  176
RECV          SEQ# 177 LEN 1007 FLAGS 16   -Data #:  177
SEND MSG#  92 SEQ#   0 LEN   11 FLAGS  5   -RR #:    178 - DROPPED 
RECV          SEQ# 178 LEN 1007 FLAGS 16   -Data #:  178
RECV          SEQ# 179 LEN 1007 FLAGS 16   -Data #:  179
SEND MSG#  93 SEQ#   0 LEN   11 FLAGS  5   -RR #:    180
RECV          SEQ# 180 LEN 1007 FLAGS 16   -Data #:  180
RECV          SEQ# 181 LEN 1007 FLAGS 16   -Data #:  181
SEND MSG#  94 SEQ#   0 LEN   11 FLAGS  5   -RR #:    182
RECV          SEQ# 182 LEN 1007 FLAGS 16   -Data #:  182
RECV          SEQ# 183 LEN 1007 FLAGS 16   -Data #:  183
SEND MSG#  95 SEQ#   0 LEN   11 FLAGS  5   -RR #:    184
RECV          SEQ# 184 LEN 1007 FLAGS 16   -Data #:  184
RECV          SEQ# 185 LEN 1007 FLAGS 16   -Data #:  185
SEND MSG#  96 SEQ#   0 LEN   11 FLAGS  5   -RR #:    186 - FLIPPED BITS 
RECV          SEQ# 186 LEN 1007 FLAGS 16   -Data #:  186
RECV          SEQ# 187 LEN 1007 FLAGS 16   -Data #:  187
SEND MSG#  97 SEQ#   0 LEN   11 FLAGS  5   -RR #:    188
RECV          SEQ# 188 LEN 1007 FLAGS 16   -Data #:  188
RECV          SEQ# 184 LEN 1007 FLAGS 17   -Resent Data #:  184
SEND MSG#  98 SEQ#   0 LEN   11 FLAGS  5   -RR #:    189
RECV          SEQ# 189 LEN 1007 FLAGS 16   -Data #:  189
RECV          SEQ# 190 LEN 1007 FLAGS 16   -Data #:  190
SEND MSG#  99 SEQ#   0 LEN   11 FLAGS  5   -RR #:    191
RECV          SEQ# 191 LEN 1007 FLAGS 16   -Data #:  191
RECV          SEQ# 192 LEN 1007 FLAGS 16   -Data #:  192
SEND MSG# 100 SEQ#   0 LEN   11 FLAGS  5   -RR #:    193
RECV          SEQ# 193 LEN 1007 FLAGS 16   -Data #:  193
RECV          SEQ# 194 LEN 1007 FLAGS 16   -Data #:  194
SEND MSG# 101 SEQ#   0 LEN   11 FLAGS  5   -RR #:    195
RECV          SEQ# 195 LEN 1007 FLAGS 16   -Data #:  195
RECV          SEQ# 196 LEN 1007 FLAGS 16   -Data #:  196
SEND MSG# 102 SEQ#   0 LEN   11 FLAGS  5   -RR #:    197
RECV          SEQ# 197 LEN 1007 FLAGS 16   -Data #:  197
RECV          SEQ# 198 LEN 1007 FLAGS 16   -Data #:  198
SEND MSG# 103 SEQ#   0 LEN   11 FLAGS  5   -RR #:    199
RECV          SEQ# 199 LEN 1007 FLAGS 16   -Data #:  199
RECV          SEQ# 200 LEN 1007 FLAGS 16   -Data #:  200
SEND MSG# 104 SEQ#   0 LEN   11 FLAGS  5   -RR #:    201
RECV          SEQ# 201 LEN 1007 FLAGS 16   -Data #:  201
RECV          SEQ# 202 LEN 1007 FLAGS 16   -Data #:  202
SEND MSG# 105 SEQ#   0 LEN   11 FLAGS  5   -RR #:    203
RECV          SEQ# 203 LEN 1007 FLAGS 16   -Data #:  203
RECV          SEQ# 204 LEN 1007 FLAGS 16   -Data #:  204
SEND MSG# 106 SEQ#   0 LEN   11 FLAGS  5   -RR #:    205
RECV          SEQ# 205 LEN 1007 FLAGS 16   -Data #:  205
RECV          SEQ# 206 LEN 1007 FLAGS 16   -Data #:  206
SEND MSG# 107 SEQ#   0 LEN   11 FLAGS  5   -RR #:    207
RECV          SEQ# 207 LEN 1007 FLAGS 16   -Data #:  207
RECV          SEQ# 208 LEN 1007 FLAGS 16   -Data #:  208
SEND MSG# 108 SEQ#   0 LEN   11 FLAGS  5   -RR #:    209
RECV          SEQ# 209 LEN 1007 FLAGS 16   -Data #:  209
RECV          SEQ# 210 LEN 1007 FLAGS 16   -Data #:  210
SEND MSG# 109 SEQ#   0 LEN   11 FLAGS  5   -RR #:    211
RECV          SEQ# 211 LEN 1007 FLAGS 16   -Data #:  211
RECV          SEQ# 212 LEN 1007 FLAGS 16   -Data #:  212
SEND MSG# 110 SEQ#   0 LEN   11 FLAGS  5   -RR #:    213
RECV          SEQ# 213 LEN 1007 FLAGS 16   -Data #:  213
RECV          SEQ# 214 LEN 1007 FLAGS 16   -Data #:  214
SEND MSG# 111 SEQ#   0 LEN   11 FLAGS  5   -RR #:    215
RECV          SEQ# 215 LEN 1007 FLAGS 16   -Data #:  215
RECV          SEQ# 216 LEN 1007 FLAGS 16   -Data #:  216
SEND MSG# 112 SEQ#   0 LEN   11 FLAGS  5   -RR #:    217
RECV          SEQ# 217 LEN 1007 FLAGS 16   -Data #:  217
RECV          SEQ# 218 LEN 1007 FLAGS 16   -Data #:  218
SEND MSG# 113 SEQ#   0 LEN   11 FLAGS  5   -RR #:    219
RECV          SEQ# 219 LEN 1007 FLAGS 16   -Data #:  219
RECV          SEQ# 220 LEN 1007 FLAGS 16   -Data #:  220
SEND MSG# 114 SEQ#   0 LEN   11 FLAGS  5   -RR #:    221
RECV          SEQ# 221 LEN 1007 FLAGS 16   -Data #:  221
RECV          SEQ# 222 LEN 1007 FLAGS 16   -Data #:  222
SEND MSG# 115 SEQ#   0 LEN   11 FLAGS  5   -RR #:    223
RECV          SEQ# 223 LEN 1007 FLAGS 16   -Data #:  223
RECV          SEQ# 224 LEN 1007 FLAGS 16   -Data #:  224
SEND MSG# 116 SEQ#   0 LEN   11 FLAGS  5   -RR #:    225
RECV          SEQ# 225 LEN 1007 FLAGS 16   -Data #:  225
RECV          SEQ# 226 LEN 1007 FLAGS 16   -Data #:  226
SEND MSG# 117 SEQ#   0 LEN   11 FLAGS  5   -RR #:    227
RECV          SEQ# 227 LEN 1007 FLAGS 16   -Data #:  227
RECV          SEQ# 228 LEN 1007 FLAGS 16   -Data #:  228
SEND MSG# 118 SEQ#   0 LEN   11 FLAGS  5   -RR #:    229
~~~~~~~~~~~~~~~~
Sending RR and SREJ in buffer:172 
BUFFERING:
~~~~~Expected: 173  ~~~~~~~ 
~~~~~~~~~~~Highest: 171, Current: 173, Lowest: 0~~~~~~~~~~~~~~~~~
Sending RR and SREJ in buffer:174 
BUFFERING:
~~~~~Expected: 175  ~~~~~~~ 
~~~~~~~~~~~Highest: 173, Current: 175, Lowest: 0~~~~~~~~~~~~~~~~~
Sending RR and SREJ in buffer:176 
BUFFERING:
~~~~~Expected: 177  ~~~~~~~ 
~~~~~~~~~~~Highest: 175, Current: 177, Lowest: 0~~~~~~~~~~~~~~~~~
Sending RR and SREJ in buffer:178 
BUFFERING:
~~~~~Expected: 179  ~~~~~~~ 
~~~~~~~~~~~Highest: 177, Current: 179, Lowest: 0~~~~~~~~~~~~~~~~~
Sending RR and SREJ in buffer:180 
BUFFERING:
~~~~~Expected: 181  ~~~~~~~ 
~~~~~~~~~~~Highest: 179, Current: 181, Lowest: 0~~~~~~~~~~~~~~~~~
Sending RR and SREJ in buffer:182 
BUFFERING:
~~~~~Expected: 183  ~~~~~~~ 
~~~~~~~~~~~Highest: 181, Current: 183, Lowest: 0~~~~~~~~~~~~~~~~~
Sending RR and SREJ in buffer:184 
BUFFERING:
~~~~~Expected: 185  ~~~~~~~ 
~~~~~~~~~~~Highest: 183, Current: 185, Lowest: 0~~~~~~~~~~~~~~~~~
Sending RR and SREJ in buffer:186 
BUFFERING:
~~~~~Expected: 187  ~~~~~~~ 
~~~~~~~~~~~Highest: 185, Current: 187, Lowest: 0~~~~~~~~~~~~~~~~~
Sending RR and SREJ in buffer:188 
BUFFERING:
~~~~~Expected: 189  ~~~~~~~ 
~~~~~~~~~~~Highest: 187, Current: 189, Lowest: 0~~~~~~~~~~~~~~~~~
BUFFERING:
~~~~~Expected: 190  ~~~~~~~ 
~~~~~~~~~~~Highest: 187, Current: 190, Lowest: 0~~~~~~~~~~~~~~~~~
Sending RR and SREJ in buffer:191 
BUFFERING:
~~~~~Expected: 192  ~~~~~~~ 
~~~~~~~~~~~Highest: 190, Current: 192, Lowest: 0~~~~~~~~~~~~~~~~~
Sending RR and SREJ in buffer:193 
BUFFERING:
~~~~~Expected: 194  ~~~~~~~ 
~~~~~~~~~~~Highest: 192, Current: 194, Lowest: 0~~~~~~~~~~~~~~~~~
Sending RR and SREJ in buffer:195 
BUFFERING:
~~~~~Expected: 196  ~~~~~~~ 
~~~~~~~~~~~Highest: 194, Current: 196, Lowest: 0~~~~~~~~~~~~~~~~~
Sending RR and SREJ in buffer:197 
BUFFERING:
~~~~~Expected: 198  ~~~~~~~ 
~~~~~~~~~~~Highest: 196, Current: 198, Lowest: 0~~~~~~~~~~~~~~~~~
Sending RR and SREJ in buffer:199 
BUFFERING:
~~~~~Expected: 200  ~~~~~~~ 
~~~~~~~~~~~Highest: 198, Current: 200, Lowest: 0~~~~~~~~~~~~~~~~~
Sending RR and SREJ in buffer:201 
BUFFERING:
~~~~~Expected: 202  ~~~~~~~ 
~~~~~~~~~~~Highest: 200, Current: 202, Lowest: 0~~~~~~~~~~~~~~~~~
Sending RR and SREJ in buffer:203 
BUFFERING:
~~~~~Expected: 204  ~~~~~~~ 
~~~~~~~~~~~Highest: 202, Current: 204, Lowest: 0~~~~~~~~~~~~~~~~~
Sending RR and SREJ in buffer:205 
BUFFERING:
~~~~~Expected: 206  ~~~~~~~ 
~~~~~~~~~~~Highest: 204, Current: 206, Lowest: 0~~~~~~~~~~~~~~~~~
Sending RR and SREJ in buffer:207 
BUFFERING:
~~~~~Expected: 208  ~~~~~~~ 
~~~~~~~~~~~Highest: 206, Current: 208, Lowest: 0~~~~~~~~~~~~~~~~~
Sending RR and SREJ in buffer:209 
BUFFERING:
~~~~~Expected: 210  ~~~~~~~ 
~~~~~~~~~~~Highest: 208, Current: 210, Lowest: 0~~~~~~~~~~~~~~~~~
Sending RR and SREJ in buffer:211 
BUFFERING:
~~~~~Expected: 212  ~~~~~~~ 
~~~~~~~~~~~Highest: 210, Current: 212, Lowest: 0~~~~~~~~~~~~~~~~~
Sending RR and SREJ in buffer:213 
BUFFERING:
~~~~~Expected: 214  ~~~~~~~ 
~~~~~~~~~~~Highest: 212, Current: 214, Lowest: 0~~~~~~~~~~~~~~~~~
Sending RR and SREJ in buffer:215 
BUFFERING:
~~~~~Expected: 216  ~~~~~~~ 
~~~~~~~~~~~Highest: 214, Current: 216, Lowest: 0~~~~~~~~~~~~~~~~~
Sending RR and SREJ in buffer:217 
BUFFERING:
~~~~~Expected: 218  ~~~~~~~ 
~~~~~~~~~~~Highest: 216, Current: 218, Lowest: 0~~~~~~~~~~~~~~~~~
Sending RR and SREJ in buffer:219 
BUFFERING:
~~~~~Expected: 220  ~~~~~~~ 
~~~~~~~~~~~Highest: 218, Current: 220, Lowest: 0~~~~~~~~~~~~~~~~~
Sending RR and SREJ in buffer:221 
BUFFERING:
~~~~~Expected: 222  ~~~~~~~ 
~~~~~~~~~~~Highest: 220, Current: 222, Lowest: 0~~~~~~~~~~~~~~~~~
Sending RR and SREJ in buffer:223 
BUFFERING:
~~~~~Expected: 224  ~~~~~~~ 
~~~~~~~~~~~Highest: 222, Current: 224, Lowest: 0~~~~~~~~~~~~~~~~~
Sending RR and SREJ in buffer:225 
BUFFERING:
~~~~~Expected: 226  ~~~~~~~ 
~~~~~~~~~~~Highest: 224, Current: 226, Lowest: 0~~~~~~~~~~~~~~~~~
Sending RR and SREJ in buffer:227 
BUFFERING:
~~~~~Expected: 228  ~~~~~~~ 
~~~~~~~~~~~Highest: 226, Current: 228, Lowest: 0~~~~~~~~~~~~~~~~~
Sending RR and SREJ in buRECV          SEQ# 229 LEN 1007 FLAGS 16   -Data #:  229
RECV          SEQ# 230 LEN 1007 FLAGS 16   -Data #:  230
SEND MSG# 119 SEQ#   0 LEN   11 FLAGS  5   -RR #:    231
RECV          SEQ# 231 LEN 1007 FLAGS 16   -Data #:  231
RECV          SEQ# 232 LEN 1007 FLAGS 16   -Data #:  232
SEND MSG# 120 SEQ#   0 LEN   11 FLAGS  5   -RR #:    233
RECV          SEQ# 233 LEN 1007 FLAGS 16   -Data #:  233
RECV          SEQ# 234 LEN 1007 FLAGS 16   -Data #:  234
SEND MSG# 121 SEQ#   0 LEN   11 FLAGS  5   -RR #:    235
RECV          SEQ# 235 LEN 1007 FLAGS 16   -Data #:  235
RECV          SEQ# 236 LEN 1007 FLAGS 16   -Data #:  236
SEND MSG# 122 SEQ#   0 LEN   11 FLAGS  5   -RR #:    237 - DROPPED 
RECV          SEQ# 237 LEN 1007 FLAGS 16   -Data #:  237
RECV          SEQ# 238 LEN 1007 FLAGS 16   -Data #:  238
SEND MSG# 123 SEQ#   0 LEN   11 FLAGS  5   -RR #:    239
RECV          SEQ# 239 LEN 1007 FLAGS 16   -Data #:  239
RECV          SEQ# 240 LEN 1007 FLAGS 16   -Data #:  240
SEND MSG# 124 SEQ#   0 LEN   11 FLAGS  5   -RR #:    241
RECV          SEQ# 241 LEN 1007 FLAGS 16   -Data #:  241
RECV          SEQ# 242 LEN 1007 FLAGS 16   -Data #:  242
SEND MSG# 125 SEQ#   0 LEN   11 FLAGS  5   -RR #:    243
RECV          SEQ# 243 LEN 1007 FLAGS 16   -Data #:  243
RECV          SEQ# 244 LEN 1007 FLAGS 16   -Data #:  244
SEND MSG# 126 SEQ#   0 LEN   11 FLAGS  5   -RR #:    245
RECV          SEQ# 245 LEN 1007 FLAGS 16   -Data #:  245
RECV          SEQ# 246 LEN 1007 FLAGS 16   -Data #:  246
SEND MSG# 127 SEQ#   0 LEN   11 FLAGS  5   -RR #:    247
RECV          SEQ# 247 LEN 1007 FLAGS 16   -Data #:  247
RECV          SEQ# 248 LEN 1007 FLAGS 16   -Data #:  248
SEND MSG# 128 SEQ#   0 LEN   11 FLAGS  5   -RR #:    249
RECV          SEQ# 249 LEN 1007 FLAGS 16   -Data #:  249
RECV          SEQ# 250 LEN 1007 FLAGS 16   -Data #:  250
SEND MSG# 129 SEQ#   0 LEN   11 FLAGS  5   -RR #:    251
RECV          SEQ# 251 LEN 1007 FLAGS 16   -Data #:  251
RECV          SEQ# 252 LEN 1007 FLAGS 16   -Data #:  252
SEND MSG# 130 SEQ#   0 LEN   11 FLAGS  5   -RR #:    253
RECV          SEQ# 253 LEN 1007 FLAGS 16   -Data #:  253
RECV          SEQ# 254 LEN 1007 FLAGS 16   -Data #:  254
SEND MSG# 131 SEQ#   0 LEN   11 FLAGS  5   -RR #:    255
RECV          SEQ# 255 LEN 1007 FLAGS 16   -Data #:  255
RECV          SEQ# 256 LEN 1007 FLAGS 16   -Data #:  256
SEND MSG# 132 SEQ#   0 LEN   11 FLAGS  5   -RR #:    257
RECV          SEQ# 257 LEN 1007 FLAGS 16   -Data #:  257
RECV          SEQ# 258 LEN 1007 FLAGS 16   -Data #:  258
SEND MSG# 133 SEQ#   0 LEN   11 FLAGS  5   -RR #:    259
RECV          SEQ# 259 LEN 1007 FLAGS 16   -Data #:  259
RECV          SEQ# 260 LEN 1007 FLAGS 16   -Data #:  260
SEND MSG# 134 SEQ#   0 LEN   11 FLAGS  5   -RR #:    261
RECV          SEQ# 261 LEN 1007 FLAGS 16   -Data #:  261
RECV          SEQ# 262 LEN 1007 FLAGS 16   -Data #:  262
SEND MSG# 135 SEQ#   0 LEN   11 FLAGS  5   -RR #:    263
RECV          SEQ# 263 LEN 1007 FLAGS 16   -Data #:  263
RECV          SEQ# 264 LEN 1007 FLAGS 16   -Data #:  264
SEND MSG# 136 SEQ#   0 LEN   11 FLAGS  5   -RR #:    265
RECV          SEQ# 265 LEN 1007 FLAGS 16   -Data #:  265
RECV          SEQ# 266 LEN 1007 FLAGS 16   -Data #:  266
SEND MSG# 137 SEQ#   0 LEN   11 FLAGS  5   -RR #:    267
RECV          SEQ# 267 LEN 1007 FLAGS 16   -Data #:  267
RECV          SEQ# 268 LEN 1007 FLAGS 16   -Data #:  268
SEND MSG# 138 SEQ#   0 LEN   11 FLAGS  5   -RR #:    269
RECV          SEQ# 269 LEN 1007 FLAGS 16   -Data #:  269
RECV          SEQ# 270 LEN 1007 FLAGS 16   -Data #:  270
SEND MSG# 139 SEQ#   0 LEN   11 FLAGS  5   -RR #:    271
RECV          SEQ# 271 LEN 1007 FLAGS 16   -Data #:  271
RECV          SEQ# 272 LEN 1007 FLAGS 16   -Data #:  272
SEND MSG# 140 SEQ#   0 LEN   11 FLAGS  5   -RR #:    273
RECV          SEQ# 273 LEN 1007 FLAGS 16   -Data #:  273
RECV          SEQ# 274 LEN 1007 FLAGS 16   -Data #:  274
SEND MSG# 141 SEQ#   0 LEN   11 FLAGS  5   -RR #:    275
RECV          SEQ# 275 LEN 1007 FLAGS 16   -Data #:  275
RECV          SEQ# 276 LEN 1007 FLAGS 16   -Data #:  276
SEND MSG# 142 SEQ#   0 LEN   11 FLAGS  5   -RR #:    277
RECV          SEQ# 277 LEN 1007 FLAGS 16   -Data #:  277
RECV          SEQ# 278 LEN 1007 FLAGS 16   -Data #:  278
SEND MSG# 143 SEQ#   0 LEN   11 FLAGS  5   -RR #:    279
RECV          SEQ# 279 LEN 1007 FLAGS 16   -Data #:  279
RECV          SEQ# 280 LEN 1007 FLAGS 16   -Data #:  280
SEND MSG# 144 SEQ#   0 LEN   11 FLAGS  5   -RR #:    281
RECV          SEQ# 281 LEN 1007 FLAGS 16   -Data #:  281
RECV          SEQ# 282 LEN 1007 FLAGS 16   -Data #:  282
SEND MSG# 145 SEQ#   0 LEN   11 FLAGS  5   -RR #:    283
RECV          SEQ# 283 LEN 1007 FLAGS 16   -Data #:  283
RECV          SEQ# 284 LEN 1007 FLAGS 16   -Data #:  284
SEND MSG# 146 SEQ#   0 LEN   11 FLAGS  5   -RR #:    285
RECV          SEQ# 285 LEN 1007 FLAGS 16   -Data #:  285
RECV          SEQ# 286 LEN 1007 FLAGS 16   -Data #:  286
SEND MSG# 147 SEQ#   0 LEN   11 FLAGS  5   -RR #:    287
ffer:229 
BUFFERING:
~~~~~Expected: 230  ~~~~~~~ 
~~~~~~~~~~~Highest: 228, Current: 230, Lowest: 0~~~~~~~~~~~~~~~~~
Sending RR and SREJ in buffer:231 
BUFFERING:
~~~~~Expected: 232  ~~~~~~~ 
~~~~~~~~~~~Highest: 230, Current: 232, Lowest: 0~~~~~~~~~~~~~~~~~
Sending RR and SREJ in buffer:233 
BUFFERING:
~~~~~Expected: 234  ~~~~~~~ 
~~~~~~~~~~~Highest: 232, Current: 234, Lowest: 0~~~~~~~~~~~~~~~~~
Sending RR and SREJ in buffer:235 
BUFFERING:
~~~~~Expected: 236  ~~~~~~~ 
~~~~~~~~~~~Highest: 234, Current: 236, Lowest: 0~~~~~~~~~~~~~~~~~
Sending RR and SREJ in buffer:237 
BUFFERING:
~~~~~Expected: 238  ~~~~~~~ 
~~~~~~~~~~~Highest: 236, Current: 238, Lowest: 0~~~~~~~~~~~~~~~~~
Sending RR and SREJ in buffer:239 
BUFFERING:
~~~~~Expected: 240  ~~~~~~~ 
~~~~~~~~~~~Highest: 238, Current: 240, Lowest: 0~~~~~~~~~~~~~~~~~
Sending RR and SREJ in buffer:241 
BUFFERING:
~~~~~Expected: 242  ~~~~~~~ 
~~~~~~~~~~~Highest: 240, Current: 242, Lowest: 0~~~~~~~~~~~~~~~~~
Sending RR and SREJ in buffer:243 
BUFFERING:
~~~~~Expected: 244  ~~~~~~~ 
~~~~~~~~~~~Highest: 242, Current: 244, Lowest: 0~~~~~~~~~~~~~~~~~
Sending RR and SREJ in buffer:245 
BUFFERING:
~~~~~Expected: 246  ~~~~~~~ 
~~~~~~~~~~~Highest: 244, Current: 246, Lowest: 0~~~~~~~~~~~~~~~~~
Sending RR and SREJ in buffer:247 
BUFFERING:
~~~~~Expected: 248  ~~~~~~~ 
~~~~~~~~~~~Highest: 246, Current: 248, Lowest: 0~~~~~~~~~~~~~~~~~
Sending RR and SREJ in buffer:249 
BUFFERING:
~~~~~Expected: 250  ~~~~~~~ 
~~~~~~~~~~~Highest: 248, Current: 250, Lowest: 0~~~~~~~~~~~~~~~~~
Sending RR and SREJ in buffer:251 
BUFFERING:
~~~~~Expected: 252  ~~~~~~~ 
~~~~~~~~~~~Highest: 250, Current: 252, Lowest: 0~~~~~~~~~~~~~~~~~
Sending RR and SREJ in buffer:253 
BUFFERING:
~~~~~Expected: 254  ~~~~~~~ 
~~~~~~~~~~~Highest: 252, Current: 254, Lowest: 0~~~~~~~~~~~~~~~~~
Sending RR and SREJ in buffer:255 
BUFFERING:
~~~~~Expected: 256  ~~~~~~~ 
~~~~~~~~~~~Highest: 254, Current: 256, Lowest: 0~~~~~~~~~~~~~~~~~
Sending RR and SREJ in buffer:257 
BUFFERING:
~~~~~Expected: 258  ~~~~~~~ 
~~~~~~~~~~~Highest: 256, Current: 258, Lowest: 0~~~~~~~~~~~~~~~~~
Sending RR and SREJ in buffer:259 
BUFFERING:
~~~~~Expected: 260  ~~~~~~~ 
~~~~~~~~~~~Highest: 258, Current: 260, Lowest: 0~~~~~~~~~~~~~~~~~
Sending RR and SREJ in buffer:261 
BUFFERING:
~~~~~Expected: 262  ~~~~~~~ 
~~~~~~~~~~~Highest: 260, Current: 262, Lowest: 0~~~~~~~~~~~~~~~~~
Sending RR and SREJ in buffer:263 
BUFFERING:
~~~~~Expected: 264  ~~~~~~~ 
~~~~~~~~~~~Highest: 262, Current: 264, Lowest: 0~~~~~~~~~~~~~~~~~
Sending RR and SREJ in buffer:265 
BUFFERING:
~~~~~Expected: 266  ~~~~~~~ 
~~~~~~~~~~~Highest: 264, Current: 266, Lowest: 0~~~~~~~~~~~~~~~~~
Sending RR and SREJ in buffer:267 
BUFFERING:
~~~~~Expected: 268  ~~~~~~~ 
~~~~~~~~~~~Highest: 266, Current: 268, Lowest: 0~~~~~~~~~~~~~~~~~
Sending RR and SREJ in buffer:269 
BUFFERING:
~~~~~Expected: 270  ~~~~~~~ 
~~~~~~~~~~~Highest: 268, Current: 270, Lowest: 0~~~~~~~~~~~~~~~~~
Sending RR and SREJ in buffer:271 
BUFFERING:
~~~~~Expected: 272  ~~~~~~~ 
~~~~~~~~~~~Highest: 270, Current: 272, Lowest: 0~~~~~~~~~~~~~~~~~
Sending RR and SREJ in buffer:273 
BUFFERING:
~~~~~Expected: 274  ~~~~~~~ 
~~~~~~~~~~~Highest: 272, Current: 274, Lowest: 0~~~~~~~~~~~~~~~~~
Sending RR and SREJ in buffer:275 
BUFFERING:
~~~~~Expected: 276  ~~~~~~~ 
~~~~~~~~~~~Highest: 274, Current: 276, Lowest: 0~~~~~~~~~~~~~~~~~
Sending RR and SREJ in buffer:277 
BUFFERING:
~~~~~Expected: 278  ~~~~~~~ 
~~~~~~~~~~~Highest: 276, Current: 278, Lowest: 0~~~~~~~~~~~~~~~~~
Sending RR and SREJ in buffer:279 
BUFFERING:
~~~~~Expected: 280  ~~~~~~~ 
~~~~~~~~~~~Highest: 278, Current: 280, Lowest: 0~~~~~~~~~~~~~~~~~
Sending RR and SREJ in buffer:281 
BUFFERING:
~~~~~Expected: 282  ~~~~~~~ 
~~~~~~~~~~~Highest: 280, Current: 282, Lowest: 0~~~~~~~~~~~~~~~~~
Sending RR and SREJ in buffer:283 
BUFFERING:
~~~~~Expected: 284  ~~~~~~~ 
~~~~~~~~~~~Highest: 282, Current: 284, Lowest: 0~~~~~~~~~~~~~~~~~
Sending RR and SREJ in buffer:285 
BUFFERING:
~~~~~Expected: 286  ~~~~~~~ 
~~~~~~~~~~~Highest: 284, Current: 286, Lowest: 0~~~~~~~~~~~~~~~~~
Sending RR and SREJ in buffer:28RECV          SEQ# 287 LEN 1007 FLAGS 16   -Data #:  287
RECV          SEQ# 288 LEN 1007 FLAGS 16   -Data #:  288
SEND MSG# 148 SEQ#   0 LEN   11 FLAGS  5   -RR #:    289
RECV          SEQ# 289 LEN 1007 FLAGS 16   -Data #:  289
RECV          SEQ# 290 LEN 1007 FLAGS 16   -Data #:  290
SEND MSG# 149 SEQ#   0 LEN   11 FLAGS  5   -RR #:    291
RECV          SEQ# 291 LEN 1007 FLAGS 16   -Data #:  291
RECV          SEQ# 292 LEN 1007 FLAGS 16   -Data #:  292
SEND MSG# 150 SEQ#   0 LEN   11 FLAGS  5   -RR #:    293
RECV          SEQ# 293 LEN 1007 FLAGS 16   -Data #:  293
RECV          SEQ# 294 LEN 1007 FLAGS 16   -Data #:  294
SEND MSG# 151 SEQ#   0 LEN   11 FLAGS  5   -RR #:    295
RECV          SEQ# 295 LEN 1007 FLAGS 16   -Data #:  295
RECV          SEQ# 296 LEN 1007 FLAGS 16   -Data #:  296
SEND MSG# 152 SEQ#   0 LEN   11 FLAGS  5   -RR #:    297
RECV          SEQ# 297 LEN 1007 FLAGS 16   -Data #:  297
RECV          SEQ# 298 LEN 1007 FLAGS 16   -Data #:  298
SEND MSG# 153 SEQ#   0 LEN   11 FLAGS  5   -RR #:    299
RECV          SEQ# 299 LEN 1007 FLAGS 16   -Data #:  299
RECV          SEQ# 300 LEN 1007 FLAGS 16   -Data #:  300
SEND MSG# 154 SEQ#   0 LEN   11 FLAGS  5   -RR #:    301
RECV          SEQ# 301 LEN 1007 FLAGS 16   -Data #:  301
RECV          SEQ# 302 LEN 1007 FLAGS 16   -Data #:  302
SEND MSG# 155 SEQ#   0 LEN   11 FLAGS  5   -RR #:    303
RECV          SEQ# 303 LEN 1007 FLAGS 16   -Data #:  303
RECV          SEQ# 304 LEN 1007 FLAGS 16   -Data #:  304
SEND MSG# 156 SEQ#   0 LEN   11 FLAGS  5   -RR #:    305
RECV          SEQ# 305 LEN 1007 FLAGS 16   -Data #:  305
RECV          SEQ# 306 LEN 1007 FLAGS 16   -Data #:  306
SEND MSG# 157 SEQ#   0 LEN   11 FLAGS  5   -RR #:    307
RECV          SEQ# 307 LEN 1007 FLAGS 16   -Data #:  307
RECV          SEQ# 308 LEN 1007 FLAGS 16   -Data #:  308
SEND MSG# 158 SEQ#   0 LEN   11 FLAGS  5   -RR #:    309
RECV          SEQ# 309 LEN 1007 FLAGS 16   -Data #:  309
RECV          SEQ# 310 LEN 1007 FLAGS 16   -Data #:  310
SEND MSG# 159 SEQ#   0 LEN   11 FLAGS  5   -RR #:    311
RECV          SEQ# 311 LEN 1007 FLAGS 16   -Data #:  311
RECV          SEQ# 312 LEN 1007 FLAGS 16   -Data #:  312
SEND MSG# 160 SEQ#   0 LEN   11 FLAGS  5   -RR #:    313
RECV          SEQ# 313 LEN 1007 FLAGS 16   -Data #:  313
RECV          SEQ# 314 LEN 1007 FLAGS 16   -Data #:  314
SEND MSG# 161 SEQ#   0 LEN   11 FLAGS  5   -RR #:    315
RECV          SEQ# 315 LEN 1007 FLAGS 16   -Data #:  315
RECV          SEQ# 316 LEN 1007 FLAGS 16   -Data #:  316
SEND MSG# 162 SEQ#   0 LEN   11 FLAGS  5   -RR #:    317
RECV          SEQ# 317 LEN 1007 FLAGS 16   -Data #:  317
RECV          SEQ# 318 LEN 1007 FLAGS 16   -Data #:  318
SEND MSG# 163 SEQ#   0 LEN   11 FLAGS  5   -RR #:    319
RECV          SEQ# 319 LEN 1007 FLAGS 16   -Data #:  319
RECV          SEQ# 320 LEN 1007 FLAGS 16   -Data #:  320
SEND MSG# 164 SEQ#   0 LEN   11 FLAGS  5   -RR #:    321
RECV          SEQ# 321 LEN 1007 FLAGS 16   -Data #:  321
RECV          SEQ# 322 LEN 1007 FLAGS 16   -Data #:  322
SEND MSG# 165 SEQ#   0 LEN   11 FLAGS  5   -RR #:    323
RECV          SEQ# 323 LEN 1007 FLAGS 16   -Data #:  323
RECV          SEQ# 324 LEN 1007 FLAGS 16   -Data #:  324
SEND MSG# 166 SEQ#   0 LEN   11 FLAGS  5   -RR #:    325
RECV          SEQ# 325 LEN 1007 FLAGS 16   -Data #:  325
RECV          SEQ# 326 LEN 1007 FLAGS 16   -Data #:  326
SEND MSG# 167 SEQ#   0 LEN   11 FLAGS  5   -RR #:    327
RECV          SEQ# 327 LEN 1007 FLAGS 16   -Data #:  327
RECV          SEQ# 328 LEN 1007 FLAGS 16   -Data #:  328
SEND MSG# 168 SEQ#   0 LEN   11 FLAGS  5   -RR #:    329
RECV          SEQ# 329 LEN 1007 FLAGS 16   -Data #:  329
RECV          SEQ# 330 LEN 1007 FLAGS 16   -Data #:  330
SEND MSG# 169 SEQ#   0 LEN   11 FLAGS  5   -RR #:    331
RECV          SEQ# 331 LEN 1007 FLAGS 16   -Data #:  331
RECV          SEQ# 332 LEN 1007 FLAGS 16   -Data #:  332
SEND MSG# 170 SEQ#   0 LEN   11 FLAGS  5   -RR #:    333
RECV          SEQ# 333 LEN 1007 FLAGS 16   -Data #:  333
RECV          SEQ# 334 LEN 1007 FLAGS 16   -Data #:  334
SEND MSG# 171 SEQ#   0 LEN   11 FLAGS  5   -RR #:    335
RECV          SEQ# 335 LEN 1007 FLAGS 16   -Data #:  335
RECV          SEQ# 336 LEN 1007 FLAGS 16   -Data #:  336
SEND MSG# 172 SEQ#   0 LEN   11 FLAGS  5   -RR #:    337
RECV          SEQ# 337 LEN 1007 FLAGS 16   -Data #:  337
RECV          SEQ# 338 LEN 1007 FLAGS 16   -Data #:  338
SEND MSG# 173 SEQ#   0 LEN   11 FLAGS  5   -RR #:    339 - FLIPPED BITS 
RECV          SEQ# 339 LEN 1007 FLAGS 16   -Data #:  339
RECV          SEQ# 340 LEN 1007 FLAGS 16   -Data #:  340
SEND MSG# 174 SEQ#   0 LEN   11 FLAGS  5   -RR #:    341 - DROPPED 
RECV          SEQ# 337 LEN 1007 FLAGS 17   -Resent Data #:  337
RECV          SEQ# 341 LEN 1007 FLAGS 16   -Data #:  341
SEND MSG# 175 SEQ#   0 LEN   11 FLAGS  5   -RR #:    342
RECV          SEQ# 342 LEN 1007 FLAGS 16   -Data #:  342
RECV          SEQ# 343 LEN 1007 FLAGS 16   -Data #:  343
SEND MSG# 176 SEQ#   0 LEN   11 FLAGS  5   -RR #:    344
7 
BUFFERING:
~~~~~Expected: 288  ~~~~~~~ 
~~~~~~~~~~~Highest: 286, Current: 288, Lowest: 0~~~~~~~~~~~~~~~~~
Sending RR and SREJ in buffer:289 
BUFFERING:
~~~~~Expected: 290  ~~~~~~~ 
~~~~~~~~~~~Highest: 288, Current: 290, Lowest: 0~~~~~~~~~~~~~~~~~
Sending RR and SREJ in buffer:291 
BUFFERING:
~~~~~Expected: 292  ~~~~~~~ 
~~~~~~~~~~~Highest: 290, Current: 292, Lowest: 0~~~~~~~~~~~~~~~~~
Sending RR and SREJ in buffer:293 
BUFFERING:
~~~~~Expected: 294  ~~~~~~~ 
~~~~~~~~~~~Highest: 292, Current: 294, Lowest: 0~~~~~~~~~~~~~~~~~
Sending RR and SREJ in buffer:295 
BUFFERING:
~~~~~Expected: 296  ~~~~~~~ 
~~~~~~~~~~~Highest: 294, Current: 296, Lowest: 0~~~~~~~~~~~~~~~~~
Sending RR and SREJ in buffer:297 
BUFFERING:
~~~~~Expected: 298  ~~~~~~~ 
~~~~~~~~~~~Highest: 296, Current: 298, Lowest: 0~~~~~~~~~~~~~~~~~
Sending RR and SREJ in buffer:299 
BUFFERING:
~~~~~Expected: 300  ~~~~~~~ 
~~~~~~~~~~~Highest: 298, Current: 300, Lowest: 0~~~~~~~~~~~~~~~~~
Sending RR and SREJ in buffer:301 
BUFFERING:
~~~~~Expected: 302  ~~~~~~~ 
~~~~~~~~~~~Highest: 300, Current: 302, Lowest: 0~~~~~~~~~~~~~~~~~
Sending RR and SREJ in buffer:303 
BUFFERING:
~~~~~Expected: 304  ~~~~~~~ 
~~~~~~~~~~~Highest: 302, Current: 304, Lowest: 0~~~~~~~~~~~~~~~~~
Sending RR and SREJ in buffer:305 
BUFFERING:
~~~~~Expected: 306  ~~~~~~~ 
~~~~~~~~~~~Highest: 304, Current: 306, Lowest: 0~~~~~~~~~~~~~~~~~
Sending RR and SREJ in buffer:307 
BUFFERING:
~~~~~Expected: 308  ~~~~~~~ 
~~~~~~~~~~~Highest: 306, Current: 308, Lowest: 0~~~~~~~~~~~~~~~~~
Sending RR and SREJ in buffer:309 
BUFFERING:
~~~~~Expected: 310  ~~~~~~~ 
~~~~~~~~~~~Highest: 308, Current: 310, Lowest: 0~~~~~~~~~~~~~~~~~
Sending RR and SREJ in buffer:311 
BUFFERING:
~~~~~Expected: 312  ~~~~~~~ 
~~~~~~~~~~~Highest: 310, Current: 312, Lowest: 0~~~~~~~~~~~~~~~~~
Sending RR and SREJ in buffer:313 
BUFFERING:
~~~~~Expected: 314  ~~~~~~~ 
~~~~~~~~~~~Highest: 312, Current: 314, Lowest: 0~~~~~~~~~~~~~~~~~
Sending RR and SREJ in buffer:315 
BUFFERING:
~~~~~Expected: 316  ~~~~~~~ 
~~~~~~~~~~~Highest: 314, Current: 316, Lowest: 0~~~~~~~~~~~~~~~~~
Sending RR and SREJ in buffer:317 
BUFFERING:
~~~~~Expected: 318  ~~~~~~~ 
~~~~~~~~~~~Highest: 316, Current: 318, Lowest: 0~~~~~~~~~~~~~~~~~
Sending RR and SREJ in buffer:319 
BUFFERING:
~~~~~Expected: 320  ~~~~~~~ 
~~~~~~~~~~~Highest: 318, Current: 320, Lowest: 0~~~~~~~~~~~~~~~~~
Sending RR and SREJ in buffer:321 
BUFFERING:
~~~~~Expected: 322  ~~~~~~~ 
~~~~~~~~~~~Highest: 320, Current: 322, Lowest: 0~~~~~~~~~~~~~~~~~
Sending RR and SREJ in buffer:323 
BUFFERING:
~~~~~Expected: 324  ~~~~~~~ 
~~~~~~~~~~~Highest: 322, Current: 324, Lowest: 0~~~~~~~~~~~~~~~~~
Sending RR and SREJ in buffer:325 
BUFFERING:
~~~~~Expected: 326  ~~~~~~~ 
~~~~~~~~~~~Highest: 324, Current: 326, Lowest: 0~~~~~~~~~~~~~~~~~
Sending RR and SREJ in buffer:327 
BUFFERING:
~~~~~Expected: 328  ~~~~~~~ 
~~~~~~~~~~~Highest: 326, Current: 328, Lowest: 0~~~~~~~~~~~~~~~~~
Sending RR and SREJ in buffer:329 
BUFFERING:
~~~~~Expected: 330  ~~~~~~~ 
~~~~~~~~~~~Highest: 328, Current: 330, Lowest: 0~~~~~~~~~~~~~~~~~
Sending RR and SREJ in buffer:331 
BUFFERING:
~~~~~Expected: 332  ~~~~~~~ 
~~~~~~~~~~~Highest: 330, Current: 332, Lowest: 0~~~~~~~~~~~~~~~~~
Sending RR and SREJ in buffer:333 
BUFFERING:
~~~~~Expected: 334  ~~~~~~~ 
~~~~~~~~~~~Highest: 332, Current: 334, Lowest: 0~~~~~~~~~~~~~~~~~
Sending RR and SREJ in buffer:335 
BUFFERING:
~~~~~Expected: 336  ~~~~~~~ 
~~~~~~~~~~~Highest: 334, Current: 336, Lowest: 0~~~~~~~~~~~~~~~~~
Sending RR and SREJ in buffer:337 
BUFFERING:
~~~~~Expected: 338  ~~~~~~~ 
~~~~~~~~~~~Highest: 336, Current: 338, Lowest: 0~~~~~~~~~~~~~~~~~
Sending RR and SREJ in buffer:339 
BUFFERING:
~~~~~Expected: 340  ~~~~~~~ 
~~~~~~~~~~~Highest: 338, Current: 340, Lowest: 0~~~~~~~~~~~~~~~~~
Sending RR and SREJ in buffer:341 
BUFFERING:
~~~~~Expected: 341  ~~~~~~~ 
~~~~~~~~~~~Highest: 340, Current: 341, Lowest: 0~~~~~~~~~~~~~~~~~
Sending RR and SREJ in buffer:342 
BUFFERING:
~~~~~Expected: 343  ~~~~~~~ 
~~~~~~~~~~~Highest: 341, Current: 343, Lowest: 0~~~~~~~~~~~~~~~~~
Sending RR and SREJ in buffer:344 
BUFFRECV          SEQ# 344 LEN 1007 FLAGS 16   -Data #:  344
RECV          SEQ# 345 LEN 1007 FLAGS 16   -Data #:  345
SEND MSG# 177 SEQ#   0 LEN   11 FLAGS  5   -RR #:    346 - DROPPED 
RECV          SEQ# 346 LEN 1007 FLAGS 16   -Data #:  346
RECV          SEQ# 347 LEN 1007 FLAGS 16   -Data #:  347
SEND MSG# 178 SEQ#   0 LEN   11 FLAGS  5   -RR #:    348
RECV          SEQ# 348 LEN 1007 FLAGS 16   -Data #:  348
RECV          SEQ# 349 LEN 1007 FLAGS 16   -Data #:  349
SEND MSG# 179 SEQ#   0 LEN   11 FLAGS  5   -RR #:    350
RECV          SEQ# 350 LEN 1007 FLAGS 16   -Data #:  350
RECV          SEQ# 351 LEN 1007 FLAGS 16   -Data #:  351
SEND MSG# 180 SEQ#   0 LEN   11 FLAGS  5   -RR #:    352
RECV          SEQ# 352 LEN 1007 FLAGS 16   -Data #:  352
RECV          SEQ# 353 LEN 1007 FLAGS 16   -Data #:  353
SEND MSG# 181 SEQ#   0 LEN   11 FLAGS  5   -RR #:    354
RECV          SEQ# 354 LEN 1007 FLAGS 16   -Data #:  354
RECV          SEQ# 355 LEN 1007 FLAGS 16   -Data #:  355
SEND MSG# 182 SEQ#   0 LEN   11 FLAGS  5   -RR #:    356
RECV          SEQ# 356 LEN 1007 FLAGS 16   -Data #:  356
RECV          SEQ# 357 LEN 1007 FLAGS 16   -Data #:  357
SEND MSG# 183 SEQ#   0 LEN   11 FLAGS  5   -RR #:    358
RECV          SEQ# 358 LEN 1007 FLAGS 16   -Data #:  358
RECV          SEQ# 359 LEN 1007 FLAGS 16   -Data #:  359
SEND MSG# 184 SEQ#   0 LEN   11 FLAGS  5   -RR #:    360
RECV          SEQ# 360 LEN 1007 FLAGS 16   -Data #:  360
RECV          SEQ# 361 LEN 1007 FLAGS 16   -Data #:  361
SEND MSG# 185 SEQ#   0 LEN   11 FLAGS  5   -RR #:    362
RECV          SEQ# 362 LEN 1007 FLAGS 16   -Data #:  362
RECV          SEQ# 363 LEN 1007 FLAGS 16   -Data #:  363
SEND MSG# 186 SEQ#   0 LEN   11 FLAGS  5   -RR #:    364
RECV          SEQ# 364 LEN 1007 FLAGS 16   -Data #:  364
RECV          SEQ# 365 LEN 1007 FLAGS 16   -Data #:  365
SEND MSG# 187 SEQ#   0 LEN   11 FLAGS  5   -RR #:    366 - DROPPED 
RECV          SEQ# 366 LEN 1007 FLAGS 16   -Data #:  366
RECV          SEQ# 367 LEN 1007 FLAGS 16   -Data #:  367
SEND MSG# 188 SEQ#   0 LEN   11 FLAGS  5   -RR #:    368
RECV          SEQ# 368 LEN 1007 FLAGS 16   -Data #:  368
RECV          SEQ# 369 LEN 1007 FLAGS 16   -Data #:  369
SEND MSG# 189 SEQ#   0 LEN   11 FLAGS  5   -RR #:    370
RECV          SEQ# 370 LEN 1007 FLAGS 16   -Data #:  370
RECV          SEQ# 371 LEN 1007 FLAGS 16   -Data #:  371
SEND MSG# 190 SEQ#   0 LEN   11 FLAGS  5   -RR #:    372
RECV          SEQ# 372 LEN 1007 FLAGS 16   -Data #:  372
RECV          SEQ# 373 LEN 1007 FLAGS 16   -Data #:  373
SEND MSG# 191 SEQ#   0 LEN   11 FLAGS  5   -RR #:    374
RECV          SEQ# 374 LEN 1007 FLAGS 16   -Data #:  374
RECV          SEQ# 375 LEN 1007 FLAGS 16   -Data #:  375
SEND MSG# 192 SEQ#   0 LEN   11 FLAGS  5   -RR #:    376
RECV          SEQ# 376 LEN 1007 FLAGS 16   -Data #:  376
RECV          SEQ# 377 LEN 1007 FLAGS 16   -Data #:  377
SEND MSG# 193 SEQ#   0 LEN   11 FLAGS  5   -RR #:    378
RECV          SEQ# 378 LEN 1007 FLAGS 16   -Data #:  378
RECV          SEQ# 379 LEN 1007 FLAGS 16   -Data #:  379
SEND MSG# 194 SEQ#   0 LEN   11 FLAGS  5   -RR #:    380
RECV          SEQ# 380 LEN 1007 FLAGS 16   -Data #:  380
RECV          SEQ# 381 LEN 1007 FLAGS 16   -Data #:  381
SEND MSG# 195 SEQ#   0 LEN   11 FLAGS  5   -RR #:    382
RECV          SEQ# 382 LEN 1007 FLAGS 16   -Data #:  382
RECV          SEQ# 383 LEN 1007 FLAGS 16   -Data #:  383
SEND MSG# 196 SEQ#   0 LEN   11 FLAGS  5   -RR #:    384
RECV          SEQ# 384 LEN 1007 FLAGS 16   -Data #:  384
RECV          SEQ# 385 LEN 1007 FLAGS 16   -Data #:  385
SEND MSG# 197 SEQ#   0 LEN   11 FLAGS  5   -RR #:    386
RECV          SEQ# 386 LEN 1007 FLAGS 16   -Data #:  386
RECV          SEQ# 387 LEN 1007 FLAGS 16   -Data #:  387
SEND MSG# 198 SEQ#   0 LEN   11 FLAGS  5   -RR #:    388
RECV          SEQ# 388 LEN 1007 FLAGS 16   -Data #:  388
RECV          SEQ# 389 LEN 1007 FLAGS 16   -Data #:  389
SEND MSG# 199 SEQ#   0 LEN   11 FLAGS  5   -RR #:    390
RECV          SEQ# 390 LEN 1007 FLAGS 16   -Data #:  390
RECV          SEQ# 391 LEN 1007 FLAGS 16   -Data #:  391
SEND MSG# 200 SEQ#   0 LEN   11 FLAGS  5   -RR #:    392
RECV          SEQ# 392 LEN 1007 FLAGS 16   -Data #:  392
RECV          SEQ# 393 LEN 1007 FLAGS 16   -Data #:  393
SEND MSG# 201 SEQ#   0 LEN   11 FLAGS  5   -RR #:    394
RECV          SEQ# 394 LEN 1007 FLAGS 16   -Data #:  394
RECV          SEQ# 395 LEN 1007 FLAGS 16   -Data #:  395
SEND MSG# 202 SEQ#   0 LEN   11 FLAGS  5   -RR #:    396
RECV          SEQ# 396 LEN 1007 FLAGS 16   -Data #:  396
RECV          SEQ# 397 LEN 1007 FLAGS 16   -Data #:  397
SEND MSG# 203 SEQ#   0 LEN   11 FLAGS  5   -RR #:    398
RECV          SEQ# 398 LEN 1007 FLAGS 16   -Data #:  398
RECV          SEQ# 399 LEN 1007 FLAGS 16   -Data #:  399
SEND MSG# 204 SEQ#   0 LEN   11 FLAGS  5   -RR #:    400
RECV          SEQ# 400 LEN 1007 FLAGS 16   -Data #:  400
RECV          SEQ# 401 LEN 1007 FLAGS 16   -Data #:  401
SEND MSG# 205 SEQ#   0 LEN   11 FLAGS  5   -RR #:    402
RECV          SEQ# 402 LEN 1007 FLAGS 16   -Data #:  402
ERING:
~~~~~Expected: 345  ~~~~~~~ 
~~~~~~~~~~~Highest: 343, Current: 345, Lowest: 0~~~~~~~~~~~~~~~~~
Sending RR and SREJ in buffer:346 
BUFFERING:
~~~~~Expected: 347  ~~~~~~~ 
~~~~~~~~~~~Highest: 345, Current: 347, Lowest: 0~~~~~~~~~~~~~~~~~
Sending RR and SREJ in buffer:348 
BUFFERING:
~~~~~Expected: 349  ~~~~~~~ 
~~~~~~~~~~~Highest: 347, Current: 349, Lowest: 0~~~~~~~~~~~~~~~~~
Sending RR and SREJ in buffer:350 
BUFFERING:
~~~~~Expected: 351  ~~~~~~~ 
~~~~~~~~~~~Highest: 349, Current: 351, Lowest: 0~~~~~~~~~~~~~~~~~
Sending RR and SREJ in buffer:352 
BUFFERING:
~~~~~Expected: 353  ~~~~~~~ 
~~~~~~~~~~~Highest: 351, Current: 353, Lowest: 0~~~~~~~~~~~~~~~~~
Sending RR and SREJ in buffer:354 
BUFFERING:
~~~~~Expected: 355  ~~~~~~~ 
~~~~~~~~~~~Highest: 353, Current: 355, Lowest: 0~~~~~~~~~~~~~~~~~
Sending RR and SREJ in buffer:356 
BUFFERING:
~~~~~Expected: 357  ~~~~~~~ 
~~~~~~~~~~~Highest: 355, Current: 357, Lowest: 0~~~~~~~~~~~~~~~~~
Sending RR and SREJ in buffer:358 
BUFFERING:
~~~~~Expected: 359  ~~~~~~~ 
~~~~~~~~~~~Highest: 357, Current: 359, Lowest: 0~~~~~~~~~~~~~~~~~
Sending RR and SREJ in buffer:360 
BUFFERING:
~~~~~Expected: 361  ~~~~~~~ 
~~~~~~~~~~~Highest: 359, Current: 361, Lowest: 0~~~~~~~~~~~~~~~~~
Sending RR and SREJ in buffer:362 
BUFFERING:
~~~~~Expected: 363  ~~~~~~~ 
~~~~~~~~~~~Highest: 361, Current: 363, Lowest: 0~~~~~~~~~~~~~~~~~
Sending RR and SREJ in buffer:364 
BUFFERING:
~~~~~Expected: 365  ~~~~~~~ 
~~~~~~~~~~~Highest: 363, Current: 365, Lowest: 0~~~~~~~~~~~~~~~~~
Sending RR and SREJ in buffer:366 
BUFFERING:
~~~~~Expected: 367  ~~~~~~~ 
~~~~~~~~~~~Highest: 365, Current: 367, Lowest: 0~~~~~~~~~~~~~~~~~
Sending RR and SREJ in buffer:368 
BUFFERING:
~~~~~Expected: 369  ~~~~~~~ 
~~~~~~~~~~~Highest: 367, Current: 369, Lowest: 0~~~~~~~~~~~~~~~~~
Sending RR and SREJ in buffer:370 
BUFFERING:
~~~~~Expected: 371  ~~~~~~~ 
~~~~~~~~~~~Highest: 369, Current: 371, Lowest: 0~~~~~~~~~~~~~~~~~
Sending RR and SREJ in buffer:372 
BUFFERING:
~~~~~Expected: 373  ~~~~~~~ 
~~~~~~~~~~~Highest: 371, Current: 373, Lowest: 0~~~~~~~~~~~~~~~~~
Sending RR and SREJ in buffer:374 
BUFFERING:
~~~~~Expected: 375  ~~~~~~~ 
~~~~~~~~~~~Highest: 373, Current: 375, Lowest: 0~~~~~~~~~~~~~~~~~
Sending RR and SREJ in buffer:376 
BUFFERING:
~~~~~Expected: 377  ~~~~~~~ 
~~~~~~~~~~~Highest: 375, Current: 377, Lowest: 0~~~~~~~~~~~~~~~~~
Sending RR and SREJ in buffer:378 
BUFFERING:
~~~~~Expected: 379  ~~~~~~~ 
~~~~~~~~~~~Highest: 377, Current: 379, Lowest: 0~~~~~~~~~~~~~~~~~
Sending RR and SREJ in buffer:380 
BUFFERING:
~~~~~Expected: 381  ~~~~~~~ 
~~~~~~~~~~~Highest: 379, Current: 381, Lowest: 0~~~~~~~~~~~~~~~~~
Sending RR and SREJ in buffer:382 
BUFFERING:
~~~~~Expected: 383  ~~~~~~~ 
~~~~~~~~~~~Highest: 381, Current: 383, Lowest: 0~~~~~~~~~~~~~~~~~
Sending RR and SREJ in buffer:384 
BUFFERING:
~~~~~Expected: 385  ~~~~~~~ 
~~~~~~~~~~~Highest: 383, Current: 385, Lowest: 0~~~~~~~~~~~~~~~~~
Sending RR and SREJ in buffer:386 
BUFFERING:
~~~~~Expected: 387  ~~~~~~~ 
~~~~~~~~~~~Highest: 385, Current: 387, Lowest: 0~~~~~~~~~~~~~~~~~
Sending RR and SREJ in buffer:388 
BUFFERING:
~~~~~Expected: 389  ~~~~~~~ 
~~~~~~~~~~~Highest: 387, Current: 389, Lowest: 0~~~~~~~~~~~~~~~~~
Sending RR and SREJ in buffer:390 
BUFFERING:
~~~~~Expected: 391  ~~~~~~~ 
~~~~~~~~~~~Highest: 389, Current: 391, Lowest: 0~~~~~~~~~~~~~~~~~
Sending RR and SREJ in buffer:392 
BUFFERING:
~~~~~Expected: 393  ~~~~~~~ 
~~~~~~~~~~~Highest: 391, Current: 393, Lowest: 0~~~~~~~~~~~~~~~~~
Sending RR and SREJ in buffer:394 
BUFFERING:
~~~~~Expected: 395  ~~~~~~~ 
~~~~~~~~~~~Highest: 393, Current: 395, Lowest: 0~~~~~~~~~~~~~~~~~
Sending RR and SREJ in buffer:396 
BUFFERING:
~~~~~Expected: 397  ~~~~~~~ 
~~~~~~~~~~~Highest: 395, Current: 397, Lowest: 0~~~~~~~~~~~~~~~~~
Sending RR and SREJ in buffer:398 
BUFFERING:
~~~~~Expected: 399  ~~~~~~~ 
~~~~~~~~~~~Highest: 397, Current: 399, Lowest: 0~~~~~~~~~~~~~~~~~
Sending RR and SREJ in buffer:400 
BUFFERING:
~~~~~Expected: 401  ~~~~~~~ 
~~~~~~~~~~~Highest: 399, Current: 401, Lowest: 0~~~~~~~~~~~~~~~~~
Sending RR and SREJ in buffer:402 
BUFFERING:
RECV          SEQ# 403 LEN 1007 FLAGS 16   -Data #:  403
SEND MSG# 206 SEQ#   0 LEN   11 FLAGS  5   -RR #:    404
RECV          SEQ# 404 LEN 1007 FLAGS 16   -Data #:  404
RECV          SEQ# 405 LEN 1007 FLAGS 16   -Data #:  405
SEND MSG# 207 SEQ#   0 LEN   11 FLAGS  5   -RR #:    406
RECV          SEQ# 406 LEN 1007 FLAGS 16   -Data #:  406
RECV          SEQ# 407 LEN 1007 FLAGS 16   -Data #:  407
SEND MSG# 208 SEQ#   0 LEN   11 FLAGS  5   -RR #:    408
RECV          SEQ# 408 LEN 1007 FLAGS 16   -Data #:  408
RECV          SEQ# 409 LEN 1007 FLAGS 16   -Data #:  409
SEND MSG# 209 SEQ#   0 LEN   11 FLAGS  5   -RR #:    410
RECV          SEQ# 410 LEN 1007 FLAGS 16   -Data #:  410
RECV          SEQ# 411 LEN 1007 FLAGS 16   -Data #:  411
SEND MSG# 210 SEQ#   0 LEN   11 FLAGS  5   -RR #:    412
RECV          SEQ# 412 LEN 1007 FLAGS 16   -Data #:  412
RECV          SEQ# 413 LEN 1007 FLAGS 16   -Data #:  413
SEND MSG# 211 SEQ#   0 LEN   11 FLAGS  5   -RR #:    414 - DROPPED 
RECV          SEQ# 414 LEN 1007 FLAGS 16   -Data #:  414
RECV          SEQ# 415 LEN 1007 FLAGS 16   -Data #:  415
SEND MSG# 212 SEQ#   0 LEN   11 FLAGS  5   -RR #:    416
RECV          SEQ# 416 LEN 1007 FLAGS 16   -Data #:  416
RECV          SEQ# 417 LEN 1007 FLAGS 16   -Data #:  417
SEND MSG# 213 SEQ#   0 LEN   11 FLAGS  5   -RR #:    418
RECV          SEQ# 418 LEN 1007 FLAGS 16   -Data #:  418
RECV          SEQ# 419 LEN 1007 FLAGS 16   -Data #:  419
SEND MSG# 214 SEQ#   0 LEN   11 FLAGS  5   -RR #:    420
RECV          SEQ# 420 LEN 1007 FLAGS 16   -Data #:  420
RECV          SEQ# 421 LEN 1007 FLAGS 16   -Data #:  421
SEND MSG# 215 SEQ#   0 LEN   11 FLAGS  5   -RR #:    422
RECV          SEQ# 422 LEN 1007 FLAGS 16   -Data #:  422
RECV          SEQ# 423 LEN 1007 FLAGS 16   -Data #:  423
SEND MSG# 216 SEQ#   0 LEN   11 FLAGS  5   -RR #:    424
RECV          SEQ# 424 LEN 1007 FLAGS 16   -Data #:  424
RECV          SEQ# 425 LEN 1007 FLAGS 16   -Data #:  425
SEND MSG# 217 SEQ#   0 LEN   11 FLAGS  5   -RR #:    426 - FLIPPED BITS 
RECV          SEQ# 426 LEN 1007 FLAGS 16   -Data #:  426
RECV          SEQ# 427 LEN 1007 FLAGS 16   -Data #:  427
SEND MSG# 218 SEQ#   0 LEN   11 FLAGS  5   -RR #:    428
RECV          SEQ# 428 LEN 1007 FLAGS 16   -Data #:  428
RECV          SEQ# 429 LEN 1007 FLAGS 16   -Data #:  429
SEND MSG# 219 SEQ#   0 LEN   11 FLAGS  5   -RR #:    430
RECV          SEQ# 424 LEN 1007 FLAGS 17   -Resent Data #:  424
RECV          SEQ# 430 LEN   87 FLAGS 16   -Data #:  430
SEND MSG# 220 SEQ#   0 LEN   11 FLAGS  5   -RR #:    431
RECV          SEQ# 431 LEN    7 FLAGS 10   -User defined 
RECV          SEQ# 431 LEN    7 FLAGS 10   -User defined 
SEND MSG# 221 SEQ#   0 LEN    7 FLAGS 10   -User defined 
======== SeqNo Report ========
  Msgs (Total)       :   221
  Msgs (Unique SeqNo):     1
==============================
~~~~~Expected: 403  ~~~~~~~ 
~~~~~~~~~~~Highest: 401, Current: 403, Lowest: 0~~~~~~~~~~~~~~~~~
Sending RR and SREJ in buffer:404 
BUFFERING:
~~~~~Expected: 405  ~~~~~~~ 
~~~~~~~~~~~Highest: 403, Current: 405, Lowest: 0~~~~~~~~~~~~~~~~~
Sending RR and SREJ in buffer:406 
BUFFERING:
~~~~~Expected: 407  ~~~~~~~ 
~~~~~~~~~~~Highest: 405, Current: 407, Lowest: 0~~~~~~~~~~~~~~~~~
Sending RR and SREJ in buffer:408 
BUFFERING:
~~~~~Expected: 409  ~~~~~~~ 
~~~~~~~~~~~Highest: 407, Current: 409, Lowest: 0~~~~~~~~~~~~~~~~~
Sending RR and SREJ in buffer:410 
BUFFERING:
~~~~~Expected: 411  ~~~~~~~ 
~~~~~~~~~~~Highest: 409, Current: 411, Lowest: 0~~~~~~~~~~~~~~~~~
Sending RR and SREJ in buffer:412 
BUFFERING:
~~~~~Expected: 413  ~~~~~~~ 
~~~~~~~~~~~Highest: 411, Current: 413, Lowest: 0~~~~~~~~~~~~~~~~~
Sending RR and SREJ in buffer:414 
BUFFERING:
~~~~~Expected: 415  ~~~~~~~ 
~~~~~~~~~~~Highest: 413, Current: 415, Lowest: 0~~~~~~~~~~~~~~~~~
Sending RR and SREJ in buffer:416 
BUFFERING:
~~~~~Expected: 417  ~~~~~~~ 
~~~~~~~~~~~Highest: 415, Current: 417, Lowest: 0~~~~~~~~~~~~~~~~~
Sending RR and SREJ in buffer:418 
BUFFERING:
~~~~~Expected: 419  ~~~~~~~ 
~~~~~~~~~~~Highest: 417, Current: 419, Lowest: 0~~~~~~~~~~~~~~~~~
Sending RR and SREJ in buffer:420 
BUFFERING:
~~~~~Expected: 421  ~~~~~~~ 
~~~~~~~~~~~Highest: 419, Current: 421, Lowest: 0~~~~~~~~~~~~~~~~~
Sending RR and SREJ in buffer:422 
BUFFERING:
~~~~~Expected: 423  ~~~~~~~ 
~~~~~~~~~~~Highest: 421, Current: 423, Lowest: 0~~~~~~~~~~~~~~~~~
Sending RR and SREJ in buffer:424 
BUFFERING:
~~~~~Expected: 425  ~~~~~~~ 
~~~~~~~~~~~Highest: 423, Current: 425, Lowest: 0~~~~~~~~~~~~~~~~~
Sending RR and SREJ in buffer:426 
BUFFERING:
~~~~~Expected: 427  ~~~~~~~ 
~~~~~~~~~~~Highest: 425, Current: 427, Lowest: 0~~~~~~~~~~~~~~~~~
Sending RR and SREJ in buffer:428 
BUFFERING:
~~~~~Expected: 429  ~~~~~~~ 
~~~~~~~~~~~Highest: 427, Current: 429, Lowest: 0~~~~~~~~~~~~~~~~~
Sending RR and SREJ in buffer:430 
BUFFERING:
~~~~~Expected: 430  ~~~~~~~ 
~~~~~~~~~~~Highest: 429, Current: 430, Lowest: 0~~~~~~~~~~~~~~~~~
Sending RR and SREJ in buffer:431 
BUFFERING:
~~~~~Expected: 432  ~~~~~~~ 
EOF DETECTED BABY with seq num: 431
Exiting tranfer completeSent EOF packet to client.
Exiting from INORDER

real	0m0.015s
user	0m0.011s
sys	0m0.000s
