Send Err-INIT ErrRate: 0.15 Drop: Y Flip: Y Rand: Y Debug: Y
SEND MSG#   1 SEQ#   0 LEN   35 FLAGS  8   -FNAME request
RECV          SEQ#   0 LEN    7 FLAGS  9   -FNAME response
RECV          SEQ#   0 LEN 1007 FLAGS 16   -Data #:    0
SEND MSG#   2 SEQ#   0 LEN   11 FLAGS  5   -RR #:      1
RECV          SEQ#   1 LEN 1007 FLAGS 16   -Data #:    1
RECV          SEQ#   2 LEN 1007 FLAGS 16   -Data #:    2
SEND MSG#   3 SEQ#   0 LEN   11 FLAGS  5   -RR #:      3
RECV          SEQ#   3 LEN 1007 FLAGS 16   -Data #:    3
RECV          SEQ#   4 LEN 1007 FLAGS 16   -Data #:    4
SEND MSG#   4 SEQ#   0 LEN   11 FLAGS  5   -RR #:      5
RECV          SEQ#   5 LEN 1007 FLAGS 16   -Data #:    5
RECV          SEQ#   6 LEN 1007 FLAGS 16   -Data #:    6
SEND MSG#   5 SEQ#   0 LEN   11 FLAGS  5   -RR #:      7
RECV          SEQ#   7 LEN 1007 FLAGS 16   -Data #:    7
RECV          SEQ#   8 LEN 1007 FLAGS 16   -Data #:    8
SEND MSG#   6 SEQ#   0 LEN   11 FLAGS  5   -RR #:      9
RECV          SEQ#   9 LEN 1007 FLAGS 16   -Data #:    9
RECV          SEQ#  10 LEN 1007 FLAGS 16   -Data #:   10
SEND MSG#   7 SEQ#   0 LEN   11 FLAGS  5   -RR #:     11
RECV          SEQ#  11 LEN 1007 FLAGS 16   -Data #:   11
RECV          SEQ#  12 LEN 1007 FLAGS 16   -Data #:   12
SEND MSG#   8 SEQ#   0 LEN   11 FLAGS  5   -RR #:     13
RECV          SEQ#  13 LEN 1007 FLAGS 16   -Data #:   13
RECV          SEQ#  14 LEN 1007 FLAGS 16   -Data #:   14
SEND MSG#   9 SEQ#   0 LEN   11 FLAGS  5   -RR #:     15
RECV          SEQ#  15 LEN 1007 FLAGS 16   -Data #:   15
RECV          SEQ#  16 LEN 1007 FLAGS 16   -Data #:   16
SEND MSG#  10 SEQ#   0 LEN   11 FLAGS  5   -RR #:     17
RECV          SEQ#  17 LEN 1007 FLAGS 16   -Data #:   17
RECV          SEQ#  18 LEN 1007 FLAGS 16   -Data #:   18
SEND MSG#  11 SEQ#   0 LEN   11 FLAGS  5   -RR #:     19
RECV          SEQ#  19 LEN 1007 FLAGS 16   -Data #:   19
RECV          SEQ#  20 LEN 1007 FLAGS 16   -Data #:   20
SEND MSG#  12 SEQ#   0 LEN   11 FLAGS  5   -RR #:     21
RECV          SEQ#  21 LEN 1007 FLAGS 16   -Data #:   21
RECV          SEQ#  22 LEN 1007 FLAGS 16   -Data #:   22
SEND MSG#  13 SEQ#   0 LEN   11 FLAGS  5   -RR #:     23
RECV          SEQ#  23 LEN 1007 FLAGS 16   -Data #:   23
RECV          SEQ#  24 LEN 1007 FLAGS 16   -Data #:   24
SEND MSG#  14 SEQ#   0 LEN   11 FLAGS  5   -RR #:     25
RECV          SEQ#  25 LEN 1007 FLAGS 16   -Data #:   25
RECV          SEQ#  26 LEN 1007 FLAGS 16   -Data #:   26
SEND MSG#  15 SEQ#   0 LEN   11 FLAGS  5   -RR #:     27 - DROPPED 
RECV          SEQ#  27 LEN 1007 FLAGS 16   -Data #:   27
RECV          SEQ#  28 LEN 1007 FLAGS 16   -Data #:   28
SEND MSG#  16 SEQ#   0 LEN   11 FLAGS  5   -RR #:     29
RECV          SEQ#  29 LEN 1007 FLAGS 16   -Data #:   29
RECV          SEQ#  30 LEN 1007 FLAGS 16   -Data #:   30
SEND MSG#  17 SEQ#   0 LEN   11 FLAGS  5   -RR #:     31
RECV          SEQ#  31 LEN 1007 FLAGS 16   -Data #:   31
RECV          SEQ#  32 LEN 1007 FLAGS 16   -Data #:   32
SEND MSG#  18 SEQ#   0 LEN   11 FLAGS  5   -RR #:     33
RECV          SEQ#  33 LEN 1007 FLAGS 16   -Data #:   33
RECV          SEQ#  34 LEN 1007 FLAGS 16   -Data #:   34
SEND MSG#  19 SEQ#   0 LEN   11 FLAGS  5   -RR #:     35
RECV          SEQ#  35 LEN 1007 FLAGS 16   -Data #:   35
RECV          SEQ#  36 LEN 1007 FLAGS 16   -Data #:   36
SEND MSG#  20 SEQ#   0 LEN   11 FLAGS  5   -RR #:     37
RECV          SEQ#  37 LEN 1007 FLAGS 16   -Data #:   37
RECV          SEQ#  38 LEN 1007 FLAGS 16   -Data #:   38
SEND MSG#  21 SEQ#   0 LEN   11 FLAGS  5   -RR #:     39
RECV          SEQ#  39 LEN 1007 FLAGS 16   -Data #:   39
RECV          SEQ#  40 LEN 1007 FLAGS 16   -Data #:   40
SEND MSG#  22 SEQ#   0 LEN   11 FLAGS  5   -RR #:     41 - FLIPPED BITS 
RECV          SEQ#  41 LEN 1007 FLAGS 16   -Data #:   41
RECV          SEQ#  42 LEN 1007 FLAGS 16   -Data #:   42
SEND MSG#  23 SEQ#   0 LEN   11 FLAGS  5   -RR #:     43 - DROPPED 
RECV          SEQ#  39 LEN 1007 FLAGS 17   -Resent Data #:   39
RECV          SEQ#  43 LEN 1007 FLAGS 16   -Data #:   43
SEND MSG#  24 SEQ#   0 LEN   11 FLAGS  5   -RR #:     44
RECV          SEQ#  44 LEN 1007 FLAGS 16   -Data #:   44
RECV          SEQ#  45 LEN 1007 FLAGS 16   -Data #:   45
SEND MSG#  25 SEQ#   0 LEN   11 FLAGS  5   -RR #:     46
RECV          SEQ#  46 LEN 1007 FLAGS 16   -Data #:   46
RECV          SEQ#  47 LEN 1007 FLAGS 16   -Data #:   47
SEND MSG#  26 SEQ#   0 LEN   11 FLAGS  5   -RR #:     48
RECV          SEQ#  48 LEN 1007 FLAGS 16   -Data #:   48
RECV          SEQ#  49 LEN 1007 FLAGS 16   -Data #:   49
SEND MSG#  27 SEQ#   0 LEN   11 FLAGS  5   -RR #:     50
RECV          SEQ#  50 LEN 1007 FLAGS 16   -Data #:   50
RECV          SEQ#  51 LEN 1007 FLAGS 16   -Data #:   51
SEND MSG#  28 SEQ#   0 LEN   11 FLAGS  5   -RR #:     52
RECV          SEQ#  52 LEN 1007 FLAGS 16   -Data #:   52
RECV          SEQ#  53 LEN 1007 FLAGS 16   -Data #:   53
SEND MSG#  29 SEQ#   0 LEN   11 FLAGS  5   -RR #:     54
RECV          SEQ#  54 LEN 1007 FLAGS 16   -Data #:   54
RECV          SEQ#  55 LEN 1007 FLAGS 16   -Data #:   55
Server info - IP: ::ffff:127.0.0.1 Port: 41418 
packet length = 35
Attempt 1: Sent filename packet
Incoming bytes: 7, Received response from server: 
Flag: 9
Filename exist, the server will be sending data
~~~~~Expected: 0  ~~~~~~~ 
~~~~~~~~~~~Highest: 0, Current: 0, Lowest: 0~~~~~~~~~~~~~~~~~
Sending RR and SREJ in buffer:1 
BUFFERING:
~~~~~Expected: 2  ~~~~~~~ 
~~~~~~~~~~~Highest: 0, Current: 2, Lowest: 0~~~~~~~~~~~~~~~~~
Sending RR and SREJ in buffer:3 
BUFFERING:
~~~~~Expected: 4  ~~~~~~~ 
~~~~~~~~~~~Highest: 2, Current: 4, Lowest: 0~~~~~~~~~~~~~~~~~
Sending RR and SREJ in buffer:5 
BUFFERING:
~~~~~Expected: 6  ~~~~~~~ 
~~~~~~~~~~~Highest: 4, Current: 6, Lowest: 0~~~~~~~~~~~~~~~~~
Sending RR and SREJ in buffer:7 
BUFFERING:
~~~~~Expected: 8  ~~~~~~~ 
~~~~~~~~~~~Highest: 6, Current: 8, Lowest: 0~~~~~~~~~~~~~~~~~
Sending RR and SREJ in buffer:9 
BUFFERING:
~~~~~Expected: 10  ~~~~~~~ 
~~~~~~~~~~~Highest: 8, Current: 10, Lowest: 0~~~~~~~~~~~~~~~~~
Sending RR and SREJ in buffer:11 
BUFFERING:
~~~~~Expected: 12  ~~~~~~~ 
~~~~~~~~~~~Highest: 10, Current: 12, Lowest: 0~~~~~~~~~~~~~~~~~
Sending RR and SREJ in buffer:13 
BUFFERING:
~~~~~Expected: 14  ~~~~~~~ 
~~~~~~~~~~~Highest: 12, Current: 14, Lowest: 0~~~~~~~~~~~~~~~~~
Sending RR and SREJ in buffer:15 
BUFFERING:
~~~~~Expected: 16  ~~~~~~~ 
~~~~~~~~~~~Highest: 14, Current: 16, Lowest: 0~~~~~~~~~~~~~~~~~
Sending RR and SREJ in buffer:17 
BUFFERING:
~~~~~Expected: 18  ~~~~~~~ 
~~~~~~~~~~~Highest: 16, Current: 18, Lowest: 0~~~~~~~~~~~~~~~~~
Sending RR and SREJ in buffer:19 
BUFFERING:
~~~~~Expected: 20  ~~~~~~~ 
~~~~~~~~~~~Highest: 18, Current: 20, Lowest: 0~~~~~~~~~~~~~~~~~
Sending RR and SREJ in buffer:21 
BUFFERING:
~~~~~Expected: 22  ~~~~~~~ 
~~~~~~~~~~~Highest: 20, Current: 22, Lowest: 0~~~~~~~~~~~~~~~~~
Sending RR and SREJ in buffer:23 
BUFFERING:
~~~~~Expected: 24  ~~~~~~~ 
~~~~~~~~~~~Highest: 22, Current: 24, Lowest: 0~~~~~~~~~~~~~~~~~
Sending RR and SREJ in buffer:25 
BUFFERING:
~~~~~Expected: 26  ~~~~~~~ 
~~~~~~~~~~~Highest: 24, Current: 26, Lowest: 0~~~~~~~~~~~~~~~~~
Sending RR and SREJ in buffer:27 
BUFFERING:
~~~~~Expected: 28  ~~~~~~~ 
~~~~~~~~~~~Highest: 26, Current: 28, Lowest: 0~~~~~~~~~~~~~~~~~
Sending RR and SREJ in buffer:29 
BUFFERING:
~~~~~Expected: 30  ~~~~~~~ 
~~~~~~~~~~~Highest: 28, Current: 30, Lowest: 0~~~~~~~~~~~~~~~~~
Sending RR and SREJ in buffer:31 
BUFFERING:
~~~~~Expected: 32  ~~~~~~~ 
~~~~~~~~~~~Highest: 30, Current: 32, Lowest: 0~~~~~~~~~~~~~~~~~
Sending RR and SREJ in buffer:33 
BUFFERING:
~~~~~Expected: 34  ~~~~~~~ 
~~~~~~~~~~~Highest: 32, Current: 34, Lowest: 0~~~~~~~~~~~~~~~~~
Sending RR and SREJ in buffer:35 
BUFFERING:
~~~~~Expected: 36  ~~~~~~~ 
~~~~~~~~~~~Highest: 34, Current: 36, Lowest: 0~~~~~~~~~~~~~~~~~
Sending RR and SREJ in buffer:37 
BUFFERING:
~~~~~Expected: 38  ~~~~~~~ 
~~~~~~~~~~~Highest: 36, Current: 38, Lowest: 0~~~~~~~~~~~~~~~~~
Sending RR and SREJ in buffer:39 
BUFFERING:
~~~~~Expected: 40  ~~~~~~~ 
~~~~~~~~~~~Highest: 38, Current: 40, Lowest: 0~~~~~~~~~~~~~~~~~
Sending RR and SREJ in buffer:41 
BUFFERING:
~~~~~Expected: 42  ~~~~~~~ 
~~~~~~~~~~~Highest: 40, Current: 42, Lowest: 0~~~~~~~~~~~~~~~~~
Sending RR and SREJ in buffer:43 
BUFFERING:
~~~~~Expected: 43  ~~~~~~~ 
~~~~~~~~~~~Highest: 42, Current: 43, Lowest: 0~~~~~~~~~~~~~~~~~
Sending RR and SREJ in buffer:44 
BUFFERING:
~~~~~Expected: 45  ~~~~~~~ 
~~~~~~~~~~~Highest: 43, Current: 45, Lowest: 0~~~~~~~~~~~~~~~~~
Sending RR and SREJ in buffer:46 
BUFFERING:
~~~~~Expected: 47  ~~~~~~~ 
~~~~~~~~~~~Highest: 45, Current: 47, Lowest: 0~~~~~~~~~~~~~~~~~
Sending RR and SREJ in buffer:48 
BUFFERING:
~~~~~Expected: 49  ~~~~~~~ 
~~~~~~~~~~~Highest: 47, Current: 49, Lowest: 0~~~~~~~~~~~~~~~~~
Sending RR and SREJ in buffer:50 
BUFFERING:
~~~~~Expected: 51  ~~~~~~~ 
~~~~~~~~~~~Highest: 49, Current: 51, Lowest: 0~~~~~~~~~~~~~~~~~
Sending RR and SREJ in buffer:52 
BUFFERING:
~~~~~Expected: 53  ~~~~~~~ 
~~~~~~~~~~~Highest: 51, Current: 53, Lowest: 0~~~~~~~~~~~~~~~~~
Sending RR and SREJ in buffer:54 
BUFFERING:
~~~~~Expected: 55  ~~~~~~~ 
~~~~~~~~~~~Highest: 53, Current: 55, Lowest: 0~SEND MSG#  30 SEQ#   0 LEN   11 FLAGS  5   -RR #:     56 - FLIPPED BITS 
RECV          SEQ#  56 LEN 1007 FLAGS 16   -Data #:   56
RECV          SEQ#  54 LEN 1007 FLAGS 17   -Resent Data #:   54
SEND MSG#  31 SEQ#   0 LEN   11 FLAGS  5   -RR #:     57
RECV          SEQ#  57 LEN 1007 FLAGS 16   -Data #:   57
RECV          SEQ#  58 LEN 1007 FLAGS 16   -Data #:   58
SEND MSG#  32 SEQ#   0 LEN   11 FLAGS  5   -RR #:     59
RECV          SEQ#  59 LEN 1007 FLAGS 16   -Data #:   59
RECV          SEQ#  60 LEN 1007 FLAGS 16   -Data #:   60
SEND MSG#  33 SEQ#   0 LEN   11 FLAGS  5   -RR #:     61
RECV          SEQ#  61 LEN 1007 FLAGS 16   -Data #:   61
RECV          SEQ#  62 LEN 1007 FLAGS 16   -Data #:   62
SEND MSG#  34 SEQ#   0 LEN   11 FLAGS  5   -RR #:     63
RECV          SEQ#  63 LEN 1007 FLAGS 16   -Data #:   63
RECV          SEQ#  64 LEN 1007 FLAGS 16   -Data #:   64
SEND MSG#  35 SEQ#   0 LEN   11 FLAGS  5   -RR #:     65
RECV          SEQ#  65 LEN 1007 FLAGS 16   -Data #:   65
RECV          SEQ#  66 LEN 1007 FLAGS 16   -Data #:   66
SEND MSG#  36 SEQ#   0 LEN   11 FLAGS  5   -RR #:     67
RECV          SEQ#  67 LEN 1007 FLAGS 16   -Data #:   67
RECV          SEQ#  68 LEN 1007 FLAGS 16   -Data #:   68
SEND MSG#  37 SEQ#   0 LEN   11 FLAGS  5   -RR #:     69
RECV          SEQ#  69 LEN 1007 FLAGS 16   -Data #:   69
RECV          SEQ#  70 LEN 1007 FLAGS 16   -Data #:   70
SEND MSG#  38 SEQ#   0 LEN   11 FLAGS  5   -RR #:     71 - DROPPED 
RECV          SEQ#  71 LEN 1007 FLAGS 16   -Data #:   71
RECV          SEQ#  72 LEN 1007 FLAGS 16   -Data #:   72
SEND MSG#  39 SEQ#   0 LEN   11 FLAGS  5   -RR #:     73
RECV          SEQ#  73 LEN 1007 FLAGS 16   -Data #:   73
RECV          SEQ#  74 LEN 1007 FLAGS 16   -Data #:   74
SEND MSG#  40 SEQ#   0 LEN   11 FLAGS  5   -RR #:     75 - DROPPED 
RECV          SEQ#  75 LEN 1007 FLAGS 16   -Data #:   75
RECV          SEQ#  76 LEN 1007 FLAGS 16   -Data #:   76
SEND MSG#  41 SEQ#   0 LEN   11 FLAGS  5   -RR #:     77
RECV          SEQ#  77 LEN 1007 FLAGS 16   -Data #:   77
RECV          SEQ#  78 LEN 1007 FLAGS 16   -Data #:   78
SEND MSG#  42 SEQ#   0 LEN   11 FLAGS  5   -RR #:     79
RECV          SEQ#  79 LEN 1007 FLAGS 16   -Data #:   79
RECV          SEQ#  80 LEN 1007 FLAGS 16   -Data #:   80
SEND MSG#  43 SEQ#   0 LEN   11 FLAGS  5   -RR #:     81
RECV          SEQ#  81 LEN 1007 FLAGS 16   -Data #:   81
RECV          SEQ#  82 LEN 1007 FLAGS 16   -Data #:   82
SEND MSG#  44 SEQ#   0 LEN   11 FLAGS  5   -RR #:     83
RECV          SEQ#  83 LEN 1007 FLAGS 16   -Data #:   83
RECV          SEQ#  84 LEN 1007 FLAGS 16   -Data #:   84
SEND MSG#  45 SEQ#   0 LEN   11 FLAGS  5   -RR #:     85 - FLIPPED BITS 
RECV          SEQ#  85 LEN 1007 FLAGS 16   -Data #:   85
RECV          SEQ#  86 LEN 1007 FLAGS 16   -Data #:   86
SEND MSG#  46 SEQ#   0 LEN   11 FLAGS  5   -RR #:     87 - DROPPED 
RECV          SEQ#  83 LEN 1007 FLAGS 17   -Resent Data #:   83
RECV          SEQ#  87 LEN 1007 FLAGS 16   -Data #:   87
SEND MSG#  47 SEQ#   0 LEN   11 FLAGS  5   -RR #:     88
RECV          SEQ#  88 LEN 1007 FLAGS 16   -Data #:   88
RECV          SEQ#  89 LEN 1007 FLAGS 16   -Data #:   89
SEND MSG#  48 SEQ#   0 LEN   11 FLAGS  5   -RR #:     90
RECV          SEQ#  90 LEN 1007 FLAGS 16   -Data #:   90
RECV          SEQ#  91 LEN 1007 FLAGS 16   -Data #:   91
SEND MSG#  49 SEQ#   0 LEN   11 FLAGS  5   -RR #:     92
RECV          SEQ#  92 LEN 1007 FLAGS 16   -Data #:   92
RECV          SEQ#  93 LEN 1007 FLAGS 16   -Data #:   93
SEND MSG#  50 SEQ#   0 LEN   11 FLAGS  5   -RR #:     94 - DROPPED 
RECV          SEQ#  94 LEN 1007 FLAGS 16   -Data #:   94
RECV          SEQ#  95 LEN 1007 FLAGS 16   -Data #:   95
SEND MSG#  51 SEQ#   0 LEN   11 FLAGS  5   -RR #:     96
RECV          SEQ#  96 LEN 1007 FLAGS 16   -Data #:   96
RECV          SEQ#  97 LEN 1007 FLAGS 16   -Data #:   97
SEND MSG#  52 SEQ#   0 LEN   11 FLAGS  5   -RR #:     98
RECV          SEQ#  98 LEN 1007 FLAGS 16   -Data #:   98
RECV          SEQ#  99 LEN 1007 FLAGS 16   -Data #:   99
SEND MSG#  53 SEQ#   0 LEN   11 FLAGS  5   -RR #:    100
RECV          SEQ# 100 LEN 1007 FLAGS 16   -Data #:  100
RECV          SEQ# 101 LEN 1007 FLAGS 16   -Data #:  101
SEND MSG#  54 SEQ#   0 LEN   11 FLAGS  5   -RR #:    102
RECV          SEQ# 102 LEN 1007 FLAGS 16   -Data #:  102
RECV          SEQ# 103 LEN 1007 FLAGS 16   -Data #:  103
SEND MSG#  55 SEQ#   0 LEN   11 FLAGS  5   -RR #:    104
RECV          SEQ# 104 LEN 1007 FLAGS 16   -Data #:  104
RECV          SEQ# 105 LEN 1007 FLAGS 16   -Data #:  105
SEND MSG#  56 SEQ#   0 LEN   11 FLAGS  5   -RR #:    106 - DROPPED 
RECV          SEQ# 106 LEN 1007 FLAGS 16   -Data #:  106
RECV          SEQ# 107 LEN 1007 FLAGS 16   -Data #:  107
SEND MSG#  57 SEQ#   0 LEN   11 FLAGS  5   -RR #:    108
RECV          SEQ# 108 LEN 1007 FLAGS 16   -Data #:  108
RECV          SEQ# 109 LEN 1007 FLAGS 16   -Data #:  109
SEND MSG#  58 SEQ#   0 LEN   11 FLAGS  5   -RR #:    110
RECV          SEQ# 110 LEN 1007 FLAGS 16   -Data #:  110
RECV          SEQ# 111 LEN 1007 FLAGS 16   -Data #:  111
SEND MSG#  59 SEQ#   0 LEN   11 FLAGS  5   -RR #:    112 - DROPPED 
RECV          SEQ# 112 LEN 1007 FLAGS 16   -Data #:  112
RECV          SEQ# 113 LEN 1007 FLAGS 16   -Data #:  113
~~~~~~~~~~~~~~~~
Sending RR and SREJ in buffer:56 
BUFFERING:
~~~~~Expected: 57  ~~~~~~~ 
~~~~~~~~~~~Highest: 55, Current: 57, Lowest: 0~~~~~~~~~~~~~~~~~
BUFFERING:
~~~~~Expected: 58  ~~~~~~~ 
~~~~~~~~~~~Highest: 55, Current: 58, Lowest: 0~~~~~~~~~~~~~~~~~
Sending RR and SREJ in buffer:59 
BUFFERING:
~~~~~Expected: 60  ~~~~~~~ 
~~~~~~~~~~~Highest: 58, Current: 60, Lowest: 0~~~~~~~~~~~~~~~~~
Sending RR and SREJ in buffer:61 
BUFFERING:
~~~~~Expected: 62  ~~~~~~~ 
~~~~~~~~~~~Highest: 60, Current: 62, Lowest: 0~~~~~~~~~~~~~~~~~
Sending RR and SREJ in buffer:63 
BUFFERING:
~~~~~Expected: 64  ~~~~~~~ 
~~~~~~~~~~~Highest: 62, Current: 64, Lowest: 0~~~~~~~~~~~~~~~~~
Sending RR and SREJ in buffer:65 
BUFFERING:
~~~~~Expected: 66  ~~~~~~~ 
~~~~~~~~~~~Highest: 64, Current: 66, Lowest: 0~~~~~~~~~~~~~~~~~
Sending RR and SREJ in buffer:67 
BUFFERING:
~~~~~Expected: 68  ~~~~~~~ 
~~~~~~~~~~~Highest: 66, Current: 68, Lowest: 0~~~~~~~~~~~~~~~~~
Sending RR and SREJ in buffer:69 
BUFFERING:
~~~~~Expected: 70  ~~~~~~~ 
~~~~~~~~~~~Highest: 68, Current: 70, Lowest: 0~~~~~~~~~~~~~~~~~
Sending RR and SREJ in buffer:71 
BUFFERING:
~~~~~Expected: 72  ~~~~~~~ 
~~~~~~~~~~~Highest: 70, Current: 72, Lowest: 0~~~~~~~~~~~~~~~~~
Sending RR and SREJ in buffer:73 
BUFFERING:
~~~~~Expected: 74  ~~~~~~~ 
~~~~~~~~~~~Highest: 72, Current: 74, Lowest: 0~~~~~~~~~~~~~~~~~
Sending RR and SREJ in buffer:75 
BUFFERING:
~~~~~Expected: 76  ~~~~~~~ 
~~~~~~~~~~~Highest: 74, Current: 76, Lowest: 0~~~~~~~~~~~~~~~~~
Sending RR and SREJ in buffer:77 
BUFFERING:
~~~~~Expected: 78  ~~~~~~~ 
~~~~~~~~~~~Highest: 76, Current: 78, Lowest: 0~~~~~~~~~~~~~~~~~
Sending RR and SREJ in buffer:79 
BUFFERING:
~~~~~Expected: 80  ~~~~~~~ 
~~~~~~~~~~~Highest: 78, Current: 80, Lowest: 0~~~~~~~~~~~~~~~~~
Sending RR and SREJ in buffer:81 
BUFFERING:
~~~~~Expected: 82  ~~~~~~~ 
~~~~~~~~~~~Highest: 80, Current: 82, Lowest: 0~~~~~~~~~~~~~~~~~
Sending RR and SREJ in buffer:83 
BUFFERING:
~~~~~Expected: 84  ~~~~~~~ 
~~~~~~~~~~~Highest: 82, Current: 84, Lowest: 0~~~~~~~~~~~~~~~~~
Sending RR and SREJ in buffer:85 
BUFFERING:
~~~~~Expected: 86  ~~~~~~~ 
~~~~~~~~~~~Highest: 84, Current: 86, Lowest: 0~~~~~~~~~~~~~~~~~
Sending RR and SREJ in buffer:87 
BUFFERING:
~~~~~Expected: 87  ~~~~~~~ 
~~~~~~~~~~~Highest: 86, Current: 87, Lowest: 0~~~~~~~~~~~~~~~~~
Sending RR and SREJ in buffer:88 
BUFFERING:
~~~~~Expected: 89  ~~~~~~~ 
~~~~~~~~~~~Highest: 87, Current: 89, Lowest: 0~~~~~~~~~~~~~~~~~
Sending RR and SREJ in buffer:90 
BUFFERING:
~~~~~Expected: 91  ~~~~~~~ 
~~~~~~~~~~~Highest: 89, Current: 91, Lowest: 0~~~~~~~~~~~~~~~~~
Sending RR and SREJ in buffer:92 
BUFFERING:
~~~~~Expected: 93  ~~~~~~~ 
~~~~~~~~~~~Highest: 91, Current: 93, Lowest: 0~~~~~~~~~~~~~~~~~
Sending RR and SREJ in buffer:94 
BUFFERING:
~~~~~Expected: 95  ~~~~~~~ 
~~~~~~~~~~~Highest: 93, Current: 95, Lowest: 0~~~~~~~~~~~~~~~~~
Sending RR and SREJ in buffer:96 
BUFFERING:
~~~~~Expected: 97  ~~~~~~~ 
~~~~~~~~~~~Highest: 95, Current: 97, Lowest: 0~~~~~~~~~~~~~~~~~
Sending RR and SREJ in buffer:98 
BUFFERING:
~~~~~Expected: 99  ~~~~~~~ 
~~~~~~~~~~~Highest: 97, Current: 99, Lowest: 0~~~~~~~~~~~~~~~~~
Sending RR and SREJ in buffer:100 
BUFFERING:
~~~~~Expected: 101  ~~~~~~~ 
~~~~~~~~~~~Highest: 99, Current: 101, Lowest: 0~~~~~~~~~~~~~~~~~
Sending RR and SREJ in buffer:102 
BUFFERING:
~~~~~Expected: 103  ~~~~~~~ 
~~~~~~~~~~~Highest: 101, Current: 103, Lowest: 0~~~~~~~~~~~~~~~~~
Sending RR and SREJ in buffer:104 
BUFFERING:
~~~~~Expected: 105  ~~~~~~~ 
~~~~~~~~~~~Highest: 103, Current: 105, Lowest: 0~~~~~~~~~~~~~~~~~
Sending RR and SREJ in buffer:106 
BUFFERING:
~~~~~Expected: 107  ~~~~~~~ 
~~~~~~~~~~~Highest: 105, Current: 107, Lowest: 0~~~~~~~~~~~~~~~~~
Sending RR and SREJ in buffer:108 
BUFFERING:
~~~~~Expected: 109  ~~~~~~~ 
~~~~~~~~~~~Highest: 107, Current: 109, Lowest: 0~~~~~~~~~~~~~~~~~
Sending RR and SREJ in buffer:110 
BUFFERING:
~~~~~Expected: 111  ~~~~~~~ 
~~~~~~~~~~~Highest: 109, Current: 111, Lowest: 0~~~~~~~~~~~~~~~~~
Sending RR and SREJ in buffer:112 
BUFFERING:
~~~~~Expected: 113  ~~~~~~~ 
~~~~~~~~~~~Highest: 111, Current: 113, LowSEND MSG#  60 SEQ#   0 LEN   11 FLAGS  5   -RR #:    114 - DROPPED 
RECV          SEQ# 114 LEN 1007 FLAGS 16   -Data #:  114
RECV          SEQ# 110 LEN 1007 FLAGS 18   -Timeout resent data #:  110
SEND MSG#  61 SEQ#   0 LEN   11 FLAGS  5   -RR #:    115
RECV          SEQ# 115 LEN 1007 FLAGS 16   -Data #:  115
RECV          SEQ# 116 LEN 1007 FLAGS 16   -Data #:  116
SEND MSG#  62 SEQ#   0 LEN   11 FLAGS  5   -RR #:    117
RECV          SEQ# 117 LEN 1007 FLAGS 16   -Data #:  117
RECV          SEQ# 118 LEN 1007 FLAGS 16   -Data #:  118
SEND MSG#  63 SEQ#   0 LEN   11 FLAGS  5   -RR #:    119
RECV          SEQ# 119 LEN 1007 FLAGS 16   -Data #:  119
RECV          SEQ# 120 LEN 1007 FLAGS 16   -Data #:  120
SEND MSG#  64 SEQ#   0 LEN   11 FLAGS  5   -RR #:    121
RECV          SEQ# 121 LEN 1007 FLAGS 16   -Data #:  121
RECV          SEQ# 122 LEN 1007 FLAGS 16   -Data #:  122
SEND MSG#  65 SEQ#   0 LEN   11 FLAGS  5   -RR #:    123
RECV          SEQ# 123 LEN 1007 FLAGS 16   -Data #:  123
RECV          SEQ# 124 LEN 1007 FLAGS 16   -Data #:  124
SEND MSG#  66 SEQ#   0 LEN   11 FLAGS  5   -RR #:    125
RECV          SEQ# 125 LEN 1007 FLAGS 16   -Data #:  125
RECV          SEQ# 126 LEN 1007 FLAGS 16   -Data #:  126
SEND MSG#  67 SEQ#   0 LEN   11 FLAGS  5   -RR #:    127
RECV          SEQ# 127 LEN 1007 FLAGS 16   -Data #:  127
RECV          SEQ# 128 LEN 1007 FLAGS 16   -Data #:  128
SEND MSG#  68 SEQ#   0 LEN   11 FLAGS  5   -RR #:    129
RECV          SEQ# 129 LEN 1007 FLAGS 16   -Data #:  129
RECV          SEQ# 130 LEN 1007 FLAGS 16   -Data #:  130
SEND MSG#  69 SEQ#   0 LEN   11 FLAGS  5   -RR #:    131
RECV          SEQ# 131 LEN 1007 FLAGS 16   -Data #:  131
RECV          SEQ# 132 LEN 1007 FLAGS 16   -Data #:  132
SEND MSG#  70 SEQ#   0 LEN   11 FLAGS  5   -RR #:    133
RECV          SEQ# 133 LEN 1007 FLAGS 16   -Data #:  133
RECV          SEQ# 134 LEN 1007 FLAGS 16   -Data #:  134
SEND MSG#  71 SEQ#   0 LEN   11 FLAGS  5   -RR #:    135
RECV          SEQ# 135 LEN 1007 FLAGS 16   -Data #:  135
RECV          SEQ# 136 LEN 1007 FLAGS 16   -Data #:  136
SEND MSG#  72 SEQ#   0 LEN   11 FLAGS  5   -RR #:    137
RECV          SEQ# 137 LEN 1007 FLAGS 16   -Data #:  137
RECV          SEQ# 138 LEN 1007 FLAGS 16   -Data #:  138
SEND MSG#  73 SEQ#   0 LEN   11 FLAGS  5   -RR #:    139
RECV          SEQ# 139 LEN 1007 FLAGS 16   -Data #:  139
RECV          SEQ# 140 LEN 1007 FLAGS 16   -Data #:  140
SEND MSG#  74 SEQ#   0 LEN   11 FLAGS  5   -RR #:    141 - DROPPED 
RECV          SEQ# 141 LEN 1007 FLAGS 16   -Data #:  141
RECV          SEQ# 142 LEN 1007 FLAGS 16   -Data #:  142
SEND MSG#  75 SEQ#   0 LEN   11 FLAGS  5   -RR #:    143
RECV          SEQ# 143 LEN 1007 FLAGS 16   -Data #:  143
RECV          SEQ# 144 LEN 1007 FLAGS 16   -Data #:  144
SEND MSG#  76 SEQ#   0 LEN   11 FLAGS  5   -RR #:    145
RECV          SEQ# 145 LEN 1007 FLAGS 16   -Data #:  145
RECV          SEQ# 146 LEN 1007 FLAGS 16   -Data #:  146
SEND MSG#  77 SEQ#   0 LEN   11 FLAGS  5   -RR #:    147
RECV          SEQ# 147 LEN 1007 FLAGS 16   -Data #:  147
RECV          SEQ# 148 LEN 1007 FLAGS 16   -Data #:  148
SEND MSG#  78 SEQ#   0 LEN   11 FLAGS  5   -RR #:    149
RECV          SEQ# 149 LEN 1007 FLAGS 16   -Data #:  149
RECV          SEQ# 150 LEN 1007 FLAGS 16   -Data #:  150
SEND MSG#  79 SEQ#   0 LEN   11 FLAGS  5   -RR #:    151
RECV          SEQ# 151 LEN 1007 FLAGS 16   -Data #:  151
RECV          SEQ# 152 LEN 1007 FLAGS 16   -Data #:  152
SEND MSG#  80 SEQ#   0 LEN   11 FLAGS  5   -RR #:    153
RECV          SEQ# 153 LEN 1007 FLAGS 16   -Data #:  153
RECV          SEQ# 154 LEN 1007 FLAGS 16   -Data #:  154
SEND MSG#  81 SEQ#   0 LEN   11 FLAGS  5   -RR #:    155
RECV          SEQ# 155 LEN 1007 FLAGS 16   -Data #:  155
RECV          SEQ# 156 LEN 1007 FLAGS 16   -Data #:  156
SEND MSG#  82 SEQ#   0 LEN   11 FLAGS  5   -RR #:    157
RECV          SEQ# 157 LEN 1007 FLAGS 16   -Data #:  157
RECV          SEQ# 158 LEN 1007 FLAGS 16   -Data #:  158
SEND MSG#  83 SEQ#   0 LEN   11 FLAGS  5   -RR #:    159
RECV          SEQ# 159 LEN 1007 FLAGS 16   -Data #:  159
RECV          SEQ# 160 LEN 1007 FLAGS 16   -Data #:  160
SEND MSG#  84 SEQ#   0 LEN   11 FLAGS  5   -RR #:    161
RECV          SEQ# 161 LEN 1007 FLAGS 16   -Data #:  161
RECV          SEQ# 162 LEN 1007 FLAGS 16   -Data #:  162
SEND MSG#  85 SEQ#   0 LEN   11 FLAGS  5   -RR #:    163
RECV          SEQ# 163 LEN 1007 FLAGS 16   -Data #:  163
RECV          SEQ# 164 LEN 1007 FLAGS 16   -Data #:  164
SEND MSG#  86 SEQ#   0 LEN   11 FLAGS  5   -RR #:    165 - DROPPED 
RECV          SEQ# 165 LEN 1007 FLAGS 16   -Data #:  165
RECV          SEQ# 166 LEN 1007 FLAGS 16   -Data #:  166
SEND MSG#  87 SEQ#   0 LEN   11 FLAGS  5   -RR #:    167
RECV          SEQ# 167 LEN 1007 FLAGS 16   -Data #:  167
RECV          SEQ# 168 LEN 1007 FLAGS 16   -Data #:  168
SEND MSG#  88 SEQ#   0 LEN   11 FLAGS  5   -RR #:    169
RECV          SEQ# 169 LEN 1007 FLAGS 16   -Data #:  169
RECV          SEQ# 170 LEN 1007 FLAGS 16   -Data #:  170
SEND MSG#  89 SEQ#   0 LEN   11 FLAGS  5   -RR #:    171
est: 0~~~~~~~~~~~~~~~~~
Sending RR and SREJ in buffer:114 
BUFFERING:
~~~~~Expected: 115  ~~~~~~~ 
~~~~~~~~~~~Highest: 113, Current: 115, Lowest: 0~~~~~~~~~~~~~~~~~
BUFFERING:
~~~~~Expected: 116  ~~~~~~~ 
~~~~~~~~~~~Highest: 113, Current: 116, Lowest: 0~~~~~~~~~~~~~~~~~
Sending RR and SREJ in buffer:117 
BUFFERING:
~~~~~Expected: 118  ~~~~~~~ 
~~~~~~~~~~~Highest: 116, Current: 118, Lowest: 0~~~~~~~~~~~~~~~~~
Sending RR and SREJ in buffer:119 
BUFFERING:
~~~~~Expected: 120  ~~~~~~~ 
~~~~~~~~~~~Highest: 118, Current: 120, Lowest: 0~~~~~~~~~~~~~~~~~
Sending RR and SREJ in buffer:121 
BUFFERING:
~~~~~Expected: 122  ~~~~~~~ 
~~~~~~~~~~~Highest: 120, Current: 122, Lowest: 0~~~~~~~~~~~~~~~~~
Sending RR and SREJ in buffer:123 
BUFFERING:
~~~~~Expected: 124  ~~~~~~~ 
~~~~~~~~~~~Highest: 122, Current: 124, Lowest: 0~~~~~~~~~~~~~~~~~
Sending RR and SREJ in buffer:125 
BUFFERING:
~~~~~Expected: 126  ~~~~~~~ 
~~~~~~~~~~~Highest: 124, Current: 126, Lowest: 0~~~~~~~~~~~~~~~~~
Sending RR and SREJ in buffer:127 
BUFFERING:
~~~~~Expected: 128  ~~~~~~~ 
~~~~~~~~~~~Highest: 126, Current: 128, Lowest: 0~~~~~~~~~~~~~~~~~
Sending RR and SREJ in buffer:129 
BUFFERING:
~~~~~Expected: 130  ~~~~~~~ 
~~~~~~~~~~~Highest: 128, Current: 130, Lowest: 0~~~~~~~~~~~~~~~~~
Sending RR and SREJ in buffer:131 
BUFFERING:
~~~~~Expected: 132  ~~~~~~~ 
~~~~~~~~~~~Highest: 130, Current: 132, Lowest: 0~~~~~~~~~~~~~~~~~
Sending RR and SREJ in buffer:133 
BUFFERING:
~~~~~Expected: 134  ~~~~~~~ 
~~~~~~~~~~~Highest: 132, Current: 134, Lowest: 0~~~~~~~~~~~~~~~~~
Sending RR and SREJ in buffer:135 
BUFFERING:
~~~~~Expected: 136  ~~~~~~~ 
~~~~~~~~~~~Highest: 134, Current: 136, Lowest: 0~~~~~~~~~~~~~~~~~
Sending RR and SREJ in buffer:137 
BUFFERING:
~~~~~Expected: 138  ~~~~~~~ 
~~~~~~~~~~~Highest: 136, Current: 138, Lowest: 0~~~~~~~~~~~~~~~~~
Sending RR and SREJ in buffer:139 
BUFFERING:
~~~~~Expected: 140  ~~~~~~~ 
~~~~~~~~~~~Highest: 138, Current: 140, Lowest: 0~~~~~~~~~~~~~~~~~
Sending RR and SREJ in buffer:141 
BUFFERING:
~~~~~Expected: 142  ~~~~~~~ 
~~~~~~~~~~~Highest: 140, Current: 142, Lowest: 0~~~~~~~~~~~~~~~~~
Sending RR and SREJ in buffer:143 
BUFFERING:
~~~~~Expected: 144  ~~~~~~~ 
~~~~~~~~~~~Highest: 142, Current: 144, Lowest: 0~~~~~~~~~~~~~~~~~
Sending RR and SREJ in buffer:145 
BUFFERING:
~~~~~Expected: 146  ~~~~~~~ 
~~~~~~~~~~~Highest: 144, Current: 146, Lowest: 0~~~~~~~~~~~~~~~~~
Sending RR and SREJ in buffer:147 
BUFFERING:
~~~~~Expected: 148  ~~~~~~~ 
~~~~~~~~~~~Highest: 146, Current: 148, Lowest: 0~~~~~~~~~~~~~~~~~
Sending RR and SREJ in buffer:149 
BUFFERING:
~~~~~Expected: 150  ~~~~~~~ 
~~~~~~~~~~~Highest: 148, Current: 150, Lowest: 0~~~~~~~~~~~~~~~~~
Sending RR and SREJ in buffer:151 
BUFFERING:
~~~~~Expected: 152  ~~~~~~~ 
~~~~~~~~~~~Highest: 150, Current: 152, Lowest: 0~~~~~~~~~~~~~~~~~
Sending RR and SREJ in buffer:153 
BUFFERING:
~~~~~Expected: 154  ~~~~~~~ 
~~~~~~~~~~~Highest: 152, Current: 154, Lowest: 0~~~~~~~~~~~~~~~~~
Sending RR and SREJ in buffer:155 
BUFFERING:
~~~~~Expected: 156  ~~~~~~~ 
~~~~~~~~~~~Highest: 154, Current: 156, Lowest: 0~~~~~~~~~~~~~~~~~
Sending RR and SREJ in buffer:157 
BUFFERING:
~~~~~Expected: 158  ~~~~~~~ 
~~~~~~~~~~~Highest: 156, Current: 158, Lowest: 0~~~~~~~~~~~~~~~~~
Sending RR and SREJ in buffer:159 
BUFFERING:
~~~~~Expected: 160  ~~~~~~~ 
~~~~~~~~~~~Highest: 158, Current: 160, Lowest: 0~~~~~~~~~~~~~~~~~
Sending RR and SREJ in buffer:161 
BUFFERING:
~~~~~Expected: 162  ~~~~~~~ 
~~~~~~~~~~~Highest: 160, Current: 162, Lowest: 0~~~~~~~~~~~~~~~~~
Sending RR and SREJ in buffer:163 
BUFFERING:
~~~~~Expected: 164  ~~~~~~~ 
~~~~~~~~~~~Highest: 162, Current: 164, Lowest: 0~~~~~~~~~~~~~~~~~
Sending RR and SREJ in buffer:165 
BUFFERING:
~~~~~Expected: 166  ~~~~~~~ 
~~~~~~~~~~~Highest: 164, Current: 166, Lowest: 0~~~~~~~~~~~~~~~~~
Sending RR and SREJ in buffer:167 
BUFFERING:
~~~~~Expected: 168  ~~~~~~~ 
~~~~~~~~~~~Highest: 166, Current: 168, Lowest: 0~~~~~~~~~~~~~~~~~
Sending RR and SREJ in buffer:169 
BUFFERING:
~~~~~Expected: 170  ~~~~~~~ 
~~~~~~~~~~~Highest: 168, Current: 170, Lowest: 0~~~~~~~~~~~~~~~~~
Sending RR and SRERECV          SEQ# 171 LEN 1007 FLAGS 16   -Data #:  171
RECV          SEQ# 172 LEN 1007 FLAGS 16   -Data #:  172
SEND MSG#  90 SEQ#   0 LEN   11 FLAGS  5   -RR #:    173
RECV          SEQ# 173 LEN 1007 FLAGS 16   -Data #:  173
RECV          SEQ# 174 LEN 1007 FLAGS 16   -Data #:  174
SEND MSG#  91 SEQ#   0 LEN   11 FLAGS  5   -RR #:    175 - FLIPPED BITS 
RECV          SEQ# 175 LEN 1007 FLAGS 16   -Data #:  175
RECV          SEQ# 173 LEN 1007 FLAGS 17   -Resent Data #:  173
SEND MSG#  92 SEQ#   0 LEN   11 FLAGS  5   -RR #:    176
RECV          SEQ# 176 LEN 1007 FLAGS 16   -Data #:  176
RECV          SEQ# 177 LEN 1007 FLAGS 16   -Data #:  177
SEND MSG#  93 SEQ#   0 LEN   11 FLAGS  5   -RR #:    178
RECV          SEQ# 178 LEN 1007 FLAGS 16   -Data #:  178
RECV          SEQ# 179 LEN 1007 FLAGS 16   -Data #:  179
SEND MSG#  94 SEQ#   0 LEN   11 FLAGS  5   -RR #:    180
RECV          SEQ# 180 LEN 1007 FLAGS 16   -Data #:  180
RECV          SEQ# 181 LEN 1007 FLAGS 16   -Data #:  181
SEND MSG#  95 SEQ#   0 LEN   11 FLAGS  5   -RR #:    182
RECV          SEQ# 182 LEN 1007 FLAGS 16   -Data #:  182
RECV          SEQ# 183 LEN 1007 FLAGS 16   -Data #:  183
SEND MSG#  96 SEQ#   0 LEN   11 FLAGS  5   -RR #:    184
RECV          SEQ# 184 LEN 1007 FLAGS 16   -Data #:  184
RECV          SEQ# 185 LEN 1007 FLAGS 16   -Data #:  185
SEND MSG#  97 SEQ#   0 LEN   11 FLAGS  5   -RR #:    186
RECV          SEQ# 186 LEN 1007 FLAGS 16   -Data #:  186
RECV          SEQ# 187 LEN 1007 FLAGS 16   -Data #:  187
SEND MSG#  98 SEQ#   0 LEN   11 FLAGS  5   -RR #:    188
RECV          SEQ# 188 LEN 1007 FLAGS 16   -Data #:  188
RECV          SEQ# 189 LEN 1007 FLAGS 16   -Data #:  189
SEND MSG#  99 SEQ#   0 LEN   11 FLAGS  5   -RR #:    190
RECV          SEQ# 190 LEN 1007 FLAGS 16   -Data #:  190
RECV          SEQ# 191 LEN 1007 FLAGS 16   -Data #:  191
SEND MSG# 100 SEQ#   0 LEN   11 FLAGS  5   -RR #:    192
RECV          SEQ# 192 LEN 1007 FLAGS 16   -Data #:  192
RECV          SEQ# 193 LEN 1007 FLAGS 16   -Data #:  193
SEND MSG# 101 SEQ#   0 LEN   11 FLAGS  5   -RR #:    194
RECV          SEQ# 194 LEN 1007 FLAGS 16   -Data #:  194
RECV          SEQ# 195 LEN 1007 FLAGS 16   -Data #:  195
SEND MSG# 102 SEQ#   0 LEN   11 FLAGS  5   -RR #:    196
RECV          SEQ# 196 LEN 1007 FLAGS 16   -Data #:  196
RECV          SEQ# 197 LEN 1007 FLAGS 16   -Data #:  197
SEND MSG# 103 SEQ#   0 LEN   11 FLAGS  5   -RR #:    198
RECV          SEQ# 198 LEN 1007 FLAGS 16   -Data #:  198
RECV          SEQ# 199 LEN 1007 FLAGS 16   -Data #:  199
SEND MSG# 104 SEQ#   0 LEN   11 FLAGS  5   -RR #:    200
RECV          SEQ# 200 LEN 1007 FLAGS 16   -Data #:  200
RECV          SEQ# 201 LEN 1007 FLAGS 16   -Data #:  201
SEND MSG# 105 SEQ#   0 LEN   11 FLAGS  5   -RR #:    202
RECV          SEQ# 202 LEN 1007 FLAGS 16   -Data #:  202
RECV          SEQ# 203 LEN 1007 FLAGS 16   -Data #:  203
SEND MSG# 106 SEQ#   0 LEN   11 FLAGS  5   -RR #:    204
RECV          SEQ# 204 LEN 1007 FLAGS 16   -Data #:  204
RECV          SEQ# 205 LEN 1007 FLAGS 16   -Data #:  205
SEND MSG# 107 SEQ#   0 LEN   11 FLAGS  5   -RR #:    206
RECV          SEQ# 206 LEN 1007 FLAGS 16   -Data #:  206
RECV          SEQ# 207 LEN 1007 FLAGS 16   -Data #:  207
SEND MSG# 108 SEQ#   0 LEN   11 FLAGS  5   -RR #:    208
RECV          SEQ# 208 LEN 1007 FLAGS 16   -Data #:  208
RECV          SEQ# 209 LEN 1007 FLAGS 16   -Data #:  209
SEND MSG# 109 SEQ#   0 LEN   11 FLAGS  5   -RR #:    210
RECV          SEQ# 210 LEN 1007 FLAGS 16   -Data #:  210
RECV          SEQ# 211 LEN 1007 FLAGS 16   -Data #:  211
SEND MSG# 110 SEQ#   0 LEN   11 FLAGS  5   -RR #:    212
RECV          SEQ# 212 LEN 1007 FLAGS 16   -Data #:  212
RECV          SEQ# 213 LEN 1007 FLAGS 16   -Data #:  213
SEND MSG# 111 SEQ#   0 LEN   11 FLAGS  5   -RR #:    214
RECV          SEQ# 214 LEN 1007 FLAGS 16   -Data #:  214
RECV          SEQ# 215 LEN 1007 FLAGS 16   -Data #:  215
SEND MSG# 112 SEQ#   0 LEN   11 FLAGS  5   -RR #:    216
RECV          SEQ# 216 LEN 1007 FLAGS 16   -Data #:  216
RECV          SEQ# 217 LEN 1007 FLAGS 16   -Data #:  217
SEND MSG# 113 SEQ#   0 LEN   11 FLAGS  5   -RR #:    218 - FLIPPED BITS 
RECV          SEQ# 218 LEN 1007 FLAGS 16   -Data #:  218
RECV          SEQ# 219 LEN 1007 FLAGS 16   -Data #:  219
SEND MSG# 114 SEQ#   0 LEN   11 FLAGS  5   -RR #:    220
RECV          SEQ# 216 LEN 1007 FLAGS 17   -Resent Data #:  216
RECV          SEQ# 220 LEN 1007 FLAGS 16   -Data #:  220
SEND MSG# 115 SEQ#   0 LEN   11 FLAGS  5   -RR #:    221 - DROPPED 
RECV          SEQ# 221 LEN 1007 FLAGS 16   -Data #:  221
RECV          SEQ# 222 LEN 1007 FLAGS 16   -Data #:  222
SEND MSG# 116 SEQ#   0 LEN   11 FLAGS  5   -RR #:    223
RECV          SEQ# 223 LEN 1007 FLAGS 16   -Data #:  223
RECV          SEQ# 224 LEN 1007 FLAGS 16   -Data #:  224
SEND MSG# 117 SEQ#   0 LEN   11 FLAGS  5   -RR #:    225
RECV          SEQ# 225 LEN 1007 FLAGS 16   -Data #:  225
RECV          SEQ# 226 LEN 1007 FLAGS 16   -Data #:  226
SEND MSG# 118 SEQ#   0 LEN   11 FLAGS  5   -RR #:    227
RECV          SEQ# 227 LEN 1007 FLAGS 16   -Data #:  227
J in buffer:171 
BUFFERING:
~~~~~Expected: 172  ~~~~~~~ 
~~~~~~~~~~~Highest: 170, Current: 172, Lowest: 0~~~~~~~~~~~~~~~~~
Sending RR and SREJ in buffer:173 
BUFFERING:
~~~~~Expected: 174  ~~~~~~~ 
~~~~~~~~~~~Highest: 172, Current: 174, Lowest: 0~~~~~~~~~~~~~~~~~
Sending RR and SREJ in buffer:175 
BUFFERING:
~~~~~Expected: 176  ~~~~~~~ 
~~~~~~~~~~~Highest: 174, Current: 176, Lowest: 0~~~~~~~~~~~~~~~~~
BUFFERING:
~~~~~Expected: 177  ~~~~~~~ 
~~~~~~~~~~~Highest: 174, Current: 177, Lowest: 0~~~~~~~~~~~~~~~~~
Sending RR and SREJ in buffer:178 
BUFFERING:
~~~~~Expected: 179  ~~~~~~~ 
~~~~~~~~~~~Highest: 177, Current: 179, Lowest: 0~~~~~~~~~~~~~~~~~
Sending RR and SREJ in buffer:180 
BUFFERING:
~~~~~Expected: 181  ~~~~~~~ 
~~~~~~~~~~~Highest: 179, Current: 181, Lowest: 0~~~~~~~~~~~~~~~~~
Sending RR and SREJ in buffer:182 
BUFFERING:
~~~~~Expected: 183  ~~~~~~~ 
~~~~~~~~~~~Highest: 181, Current: 183, Lowest: 0~~~~~~~~~~~~~~~~~
Sending RR and SREJ in buffer:184 
BUFFERING:
~~~~~Expected: 185  ~~~~~~~ 
~~~~~~~~~~~Highest: 183, Current: 185, Lowest: 0~~~~~~~~~~~~~~~~~
Sending RR and SREJ in buffer:186 
BUFFERING:
~~~~~Expected: 187  ~~~~~~~ 
~~~~~~~~~~~Highest: 185, Current: 187, Lowest: 0~~~~~~~~~~~~~~~~~
Sending RR and SREJ in buffer:188 
BUFFERING:
~~~~~Expected: 189  ~~~~~~~ 
~~~~~~~~~~~Highest: 187, Current: 189, Lowest: 0~~~~~~~~~~~~~~~~~
Sending RR and SREJ in buffer:190 
BUFFERING:
~~~~~Expected: 191  ~~~~~~~ 
~~~~~~~~~~~Highest: 189, Current: 191, Lowest: 0~~~~~~~~~~~~~~~~~
Sending RR and SREJ in buffer:192 
BUFFERING:
~~~~~Expected: 193  ~~~~~~~ 
~~~~~~~~~~~Highest: 191, Current: 193, Lowest: 0~~~~~~~~~~~~~~~~~
Sending RR and SREJ in buffer:194 
BUFFERING:
~~~~~Expected: 195  ~~~~~~~ 
~~~~~~~~~~~Highest: 193, Current: 195, Lowest: 0~~~~~~~~~~~~~~~~~
Sending RR and SREJ in buffer:196 
BUFFERING:
~~~~~Expected: 197  ~~~~~~~ 
~~~~~~~~~~~Highest: 195, Current: 197, Lowest: 0~~~~~~~~~~~~~~~~~
Sending RR and SREJ in buffer:198 
BUFFERING:
~~~~~Expected: 199  ~~~~~~~ 
~~~~~~~~~~~Highest: 197, Current: 199, Lowest: 0~~~~~~~~~~~~~~~~~
Sending RR and SREJ in buffer:200 
BUFFERING:
~~~~~Expected: 201  ~~~~~~~ 
~~~~~~~~~~~Highest: 199, Current: 201, Lowest: 0~~~~~~~~~~~~~~~~~
Sending RR and SREJ in buffer:202 
BUFFERING:
~~~~~Expected: 203  ~~~~~~~ 
~~~~~~~~~~~Highest: 201, Current: 203, Lowest: 0~~~~~~~~~~~~~~~~~
Sending RR and SREJ in buffer:204 
BUFFERING:
~~~~~Expected: 205  ~~~~~~~ 
~~~~~~~~~~~Highest: 203, Current: 205, Lowest: 0~~~~~~~~~~~~~~~~~
Sending RR and SREJ in buffer:206 
BUFFERING:
~~~~~Expected: 207  ~~~~~~~ 
~~~~~~~~~~~Highest: 205, Current: 207, Lowest: 0~~~~~~~~~~~~~~~~~
Sending RR and SREJ in buffer:208 
BUFFERING:
~~~~~Expected: 209  ~~~~~~~ 
~~~~~~~~~~~Highest: 207, Current: 209, Lowest: 0~~~~~~~~~~~~~~~~~
Sending RR and SREJ in buffer:210 
BUFFERING:
~~~~~Expected: 211  ~~~~~~~ 
~~~~~~~~~~~Highest: 209, Current: 211, Lowest: 0~~~~~~~~~~~~~~~~~
Sending RR and SREJ in buffer:212 
BUFFERING:
~~~~~Expected: 213  ~~~~~~~ 
~~~~~~~~~~~Highest: 211, Current: 213, Lowest: 0~~~~~~~~~~~~~~~~~
Sending RR and SREJ in buffer:214 
BUFFERING:
~~~~~Expected: 215  ~~~~~~~ 
~~~~~~~~~~~Highest: 213, Current: 215, Lowest: 0~~~~~~~~~~~~~~~~~
Sending RR and SREJ in buffer:216 
BUFFERING:
~~~~~Expected: 217  ~~~~~~~ 
~~~~~~~~~~~Highest: 215, Current: 217, Lowest: 0~~~~~~~~~~~~~~~~~
Sending RR and SREJ in buffer:218 
BUFFERING:
~~~~~Expected: 219  ~~~~~~~ 
~~~~~~~~~~~Highest: 217, Current: 219, Lowest: 0~~~~~~~~~~~~~~~~~
Sending RR and SREJ in buffer:220 
BUFFERING:
~~~~~Expected: 220  ~~~~~~~ 
~~~~~~~~~~~Highest: 219, Current: 220, Lowest: 0~~~~~~~~~~~~~~~~~
Sending RR and SREJ in buffer:221 
BUFFERING:
~~~~~Expected: 222  ~~~~~~~ 
~~~~~~~~~~~Highest: 220, Current: 222, Lowest: 0~~~~~~~~~~~~~~~~~
Sending RR and SREJ in buffer:223 
BUFFERING:
~~~~~Expected: 224  ~~~~~~~ 
~~~~~~~~~~~Highest: 222, Current: 224, Lowest: 0~~~~~~~~~~~~~~~~~
Sending RR and SREJ in buffer:225 
BUFFERING:
~~~~~Expected: 226  ~~~~~~~ 
~~~~~~~~~~~Highest: 224, Current: 226, Lowest: 0~~~~~~~~~~~~~~~~~
Sending RR and SREJ in buffer:227 
BUFFERING:
~~~~~Expected:RECV          SEQ# 228 LEN 1007 FLAGS 16   -Data #:  228
SEND MSG# 119 SEQ#   0 LEN   11 FLAGS  5   -RR #:    229
RECV          SEQ# 229 LEN 1007 FLAGS 16   -Data #:  229
RECV          SEQ# 230 LEN 1007 FLAGS 16   -Data #:  230
SEND MSG# 120 SEQ#   0 LEN   11 FLAGS  5   -RR #:    231
RECV          SEQ# 231 LEN 1007 FLAGS 16   -Data #:  231
RECV          SEQ# 232 LEN 1007 FLAGS 16   -Data #:  232
SEND MSG# 121 SEQ#   0 LEN   11 FLAGS  5   -RR #:    233
RECV          SEQ# 233 LEN 1007 FLAGS 16   -Data #:  233
RECV          SEQ# 234 LEN 1007 FLAGS 16   -Data #:  234
SEND MSG# 122 SEQ#   0 LEN   11 FLAGS  5   -RR #:    235 - DROPPED 
RECV          SEQ# 235 LEN 1007 FLAGS 16   -Data #:  235
RECV          SEQ# 236 LEN 1007 FLAGS 16   -Data #:  236
SEND MSG# 123 SEQ#   0 LEN   11 FLAGS  5   -RR #:    237
RECV          SEQ# 237 LEN 1007 FLAGS 16   -Data #:  237
RECV          SEQ# 238 LEN 1007 FLAGS 16   -Data #:  238
SEND MSG# 124 SEQ#   0 LEN   11 FLAGS  5   -RR #:    239
RECV          SEQ# 239 LEN 1007 FLAGS 16   -Data #:  239
RECV          SEQ# 240 LEN 1007 FLAGS 16   -Data #:  240
SEND MSG# 125 SEQ#   0 LEN   11 FLAGS  5   -RR #:    241
RECV          SEQ# 241 LEN 1007 FLAGS 16   -Data #:  241
RECV          SEQ# 242 LEN 1007 FLAGS 16   -Data #:  242
SEND MSG# 126 SEQ#   0 LEN   11 FLAGS  5   -RR #:    243 - FLIPPED BITS 
RECV          SEQ# 243 LEN 1007 FLAGS 16   -Data #:  243
RECV          SEQ# 244 LEN 1007 FLAGS 16   -Data #:  244
SEND MSG# 127 SEQ#   0 LEN   11 FLAGS  5   -RR #:    245
RECV          SEQ# 241 LEN 1007 FLAGS 17   -Resent Data #:  241
RECV          SEQ# 245 LEN 1007 FLAGS 16   -Data #:  245
SEND MSG# 128 SEQ#   0 LEN   11 FLAGS  5   -RR #:    246
RECV          SEQ# 246 LEN 1007 FLAGS 16   -Data #:  246
RECV          SEQ# 247 LEN 1007 FLAGS 16   -Data #:  247
SEND MSG# 129 SEQ#   0 LEN   11 FLAGS  5   -RR #:    248 - FLIPPED BITS 
RECV          SEQ# 248 LEN 1007 FLAGS 16   -Data #:  248
RECV          SEQ# 249 LEN 1007 FLAGS 16   -Data #:  249
SEND MSG# 130 SEQ#   0 LEN   11 FLAGS  5   -RR #:    250
RECV          SEQ# 246 LEN 1007 FLAGS 17   -Resent Data #:  246
RECV          SEQ# 250 LEN 1007 FLAGS 16   -Data #:  250
SEND MSG# 131 SEQ#   0 LEN   11 FLAGS  5   -RR #:    251
RECV          SEQ# 251 LEN 1007 FLAGS 16   -Data #:  251
RECV          SEQ# 252 LEN 1007 FLAGS 16   -Data #:  252
SEND MSG# 132 SEQ#   0 LEN   11 FLAGS  5   -RR #:    253
RECV          SEQ# 253 LEN 1007 FLAGS 16   -Data #:  253
RECV          SEQ# 254 LEN 1007 FLAGS 16   -Data #:  254
SEND MSG# 133 SEQ#   0 LEN   11 FLAGS  5   -RR #:    255
RECV          SEQ# 255 LEN 1007 FLAGS 16   -Data #:  255
RECV          SEQ# 256 LEN 1007 FLAGS 16   -Data #:  256
SEND MSG# 134 SEQ#   0 LEN   11 FLAGS  5   -RR #:    257
RECV          SEQ# 257 LEN 1007 FLAGS 16   -Data #:  257
RECV          SEQ# 258 LEN 1007 FLAGS 16   -Data #:  258
SEND MSG# 135 SEQ#   0 LEN   11 FLAGS  5   -RR #:    259
RECV          SEQ# 259 LEN 1007 FLAGS 16   -Data #:  259
RECV          SEQ# 260 LEN 1007 FLAGS 16   -Data #:  260
SEND MSG# 136 SEQ#   0 LEN   11 FLAGS  5   -RR #:    261
RECV          SEQ# 261 LEN 1007 FLAGS 16   -Data #:  261
RECV          SEQ# 262 LEN 1007 FLAGS 16   -Data #:  262
SEND MSG# 137 SEQ#   0 LEN   11 FLAGS  5   -RR #:    263
RECV          SEQ# 263 LEN 1007 FLAGS 16   -Data #:  263
RECV          SEQ# 264 LEN 1007 FLAGS 16   -Data #:  264
SEND MSG# 138 SEQ#   0 LEN   11 FLAGS  5   -RR #:    265
RECV          SEQ# 265 LEN 1007 FLAGS 16   -Data #:  265
RECV          SEQ# 266 LEN 1007 FLAGS 16   -Data #:  266
SEND MSG# 139 SEQ#   0 LEN   11 FLAGS  5   -RR #:    267
RECV          SEQ# 267 LEN 1007 FLAGS 16   -Data #:  267
RECV          SEQ# 268 LEN 1007 FLAGS 16   -Data #:  268
SEND MSG# 140 SEQ#   0 LEN   11 FLAGS  5   -RR #:    269
RECV          SEQ# 269 LEN 1007 FLAGS 16   -Data #:  269
RECV          SEQ# 270 LEN 1007 FLAGS 16   -Data #:  270
SEND MSG# 141 SEQ#   0 LEN   11 FLAGS  5   -RR #:    271
RECV          SEQ# 271 LEN 1007 FLAGS 16   -Data #:  271
RECV          SEQ# 272 LEN 1007 FLAGS 16   -Data #:  272
SEND MSG# 142 SEQ#   0 LEN   11 FLAGS  5   -RR #:    273
RECV          SEQ# 273 LEN 1007 FLAGS 16   -Data #:  273
RECV          SEQ# 274 LEN 1007 FLAGS 16   -Data #:  274
SEND MSG# 143 SEQ#   0 LEN   11 FLAGS  5   -RR #:    275
RECV          SEQ# 275 LEN 1007 FLAGS 16   -Data #:  275
RECV          SEQ# 276 LEN 1007 FLAGS 16   -Data #:  276
SEND MSG# 144 SEQ#   0 LEN   11 FLAGS  5   -RR #:    277
RECV          SEQ# 277 LEN 1007 FLAGS 16   -Data #:  277
RECV          SEQ# 278 LEN 1007 FLAGS 16   -Data #:  278
SEND MSG# 145 SEQ#   0 LEN   11 FLAGS  5   -RR #:    279
RECV          SEQ# 279 LEN 1007 FLAGS 16   -Data #:  279
RECV          SEQ# 280 LEN 1007 FLAGS 16   -Data #:  280
SEND MSG# 146 SEQ#   0 LEN   11 FLAGS  5   -RR #:    281
RECV          SEQ# 281 LEN 1007 FLAGS 16   -Data #:  281
RECV          SEQ# 282 LEN 1007 FLAGS 16   -Data #:  282
SEND MSG# 147 SEQ#   0 LEN   11 FLAGS  5   -RR #:    283
RECV          SEQ# 283 LEN 1007 FLAGS 16   -Data #:  283
 228  ~~~~~~~ 
~~~~~~~~~~~Highest: 226, Current: 228, Lowest: 0~~~~~~~~~~~~~~~~~
Sending RR and SREJ in buffer:229 
BUFFERING:
~~~~~Expected: 230  ~~~~~~~ 
~~~~~~~~~~~Highest: 228, Current: 230, Lowest: 0~~~~~~~~~~~~~~~~~
Sending RR and SREJ in buffer:231 
BUFFERING:
~~~~~Expected: 232  ~~~~~~~ 
~~~~~~~~~~~Highest: 230, Current: 232, Lowest: 0~~~~~~~~~~~~~~~~~
Sending RR and SREJ in buffer:233 
BUFFERING:
~~~~~Expected: 234  ~~~~~~~ 
~~~~~~~~~~~Highest: 232, Current: 234, Lowest: 0~~~~~~~~~~~~~~~~~
Sending RR and SREJ in buffer:235 
BUFFERING:
~~~~~Expected: 236  ~~~~~~~ 
~~~~~~~~~~~Highest: 234, Current: 236, Lowest: 0~~~~~~~~~~~~~~~~~
Sending RR and SREJ in buffer:237 
BUFFERING:
~~~~~Expected: 238  ~~~~~~~ 
~~~~~~~~~~~Highest: 236, Current: 238, Lowest: 0~~~~~~~~~~~~~~~~~
Sending RR and SREJ in buffer:239 
BUFFERING:
~~~~~Expected: 240  ~~~~~~~ 
~~~~~~~~~~~Highest: 238, Current: 240, Lowest: 0~~~~~~~~~~~~~~~~~
Sending RR and SREJ in buffer:241 
BUFFERING:
~~~~~Expected: 242  ~~~~~~~ 
~~~~~~~~~~~Highest: 240, Current: 242, Lowest: 0~~~~~~~~~~~~~~~~~
Sending RR and SREJ in buffer:243 
BUFFERING:
~~~~~Expected: 244  ~~~~~~~ 
~~~~~~~~~~~Highest: 242, Current: 244, Lowest: 0~~~~~~~~~~~~~~~~~
Sending RR and SREJ in buffer:245 
BUFFERING:
~~~~~Expected: 245  ~~~~~~~ 
~~~~~~~~~~~Highest: 244, Current: 245, Lowest: 0~~~~~~~~~~~~~~~~~
Sending RR and SREJ in buffer:246 
BUFFERING:
~~~~~Expected: 247  ~~~~~~~ 
~~~~~~~~~~~Highest: 245, Current: 247, Lowest: 0~~~~~~~~~~~~~~~~~
Sending RR and SREJ in buffer:248 
BUFFERING:
~~~~~Expected: 249  ~~~~~~~ 
~~~~~~~~~~~Highest: 247, Current: 249, Lowest: 0~~~~~~~~~~~~~~~~~
Sending RR and SREJ in buffer:250 
BUFFERING:
~~~~~Expected: 250  ~~~~~~~ 
~~~~~~~~~~~Highest: 249, Current: 250, Lowest: 0~~~~~~~~~~~~~~~~~
Sending RR and SREJ in buffer:251 
BUFFERING:
~~~~~Expected: 252  ~~~~~~~ 
~~~~~~~~~~~Highest: 250, Current: 252, Lowest: 0~~~~~~~~~~~~~~~~~
Sending RR and SREJ in buffer:253 
BUFFERING:
~~~~~Expected: 254  ~~~~~~~ 
~~~~~~~~~~~Highest: 252, Current: 254, Lowest: 0~~~~~~~~~~~~~~~~~
Sending RR and SREJ in buffer:255 
BUFFERING:
~~~~~Expected: 256  ~~~~~~~ 
~~~~~~~~~~~Highest: 254, Current: 256, Lowest: 0~~~~~~~~~~~~~~~~~
Sending RR and SREJ in buffer:257 
BUFFERING:
~~~~~Expected: 258  ~~~~~~~ 
~~~~~~~~~~~Highest: 256, Current: 258, Lowest: 0~~~~~~~~~~~~~~~~~
Sending RR and SREJ in buffer:259 
BUFFERING:
~~~~~Expected: 260  ~~~~~~~ 
~~~~~~~~~~~Highest: 258, Current: 260, Lowest: 0~~~~~~~~~~~~~~~~~
Sending RR and SREJ in buffer:261 
BUFFERING:
~~~~~Expected: 262  ~~~~~~~ 
~~~~~~~~~~~Highest: 260, Current: 262, Lowest: 0~~~~~~~~~~~~~~~~~
Sending RR and SREJ in buffer:263 
BUFFERING:
~~~~~Expected: 264  ~~~~~~~ 
~~~~~~~~~~~Highest: 262, Current: 264, Lowest: 0~~~~~~~~~~~~~~~~~
Sending RR and SREJ in buffer:265 
BUFFERING:
~~~~~Expected: 266  ~~~~~~~ 
~~~~~~~~~~~Highest: 264, Current: 266, Lowest: 0~~~~~~~~~~~~~~~~~
Sending RR and SREJ in buffer:267 
BUFFERING:
~~~~~Expected: 268  ~~~~~~~ 
~~~~~~~~~~~Highest: 266, Current: 268, Lowest: 0~~~~~~~~~~~~~~~~~
Sending RR and SREJ in buffer:269 
BUFFERING:
~~~~~Expected: 270  ~~~~~~~ 
~~~~~~~~~~~Highest: 268, Current: 270, Lowest: 0~~~~~~~~~~~~~~~~~
Sending RR and SREJ in buffer:271 
BUFFERING:
~~~~~Expected: 272  ~~~~~~~ 
~~~~~~~~~~~Highest: 270, Current: 272, Lowest: 0~~~~~~~~~~~~~~~~~
Sending RR and SREJ in buffer:273 
BUFFERING:
~~~~~Expected: 274  ~~~~~~~ 
~~~~~~~~~~~Highest: 272, Current: 274, Lowest: 0~~~~~~~~~~~~~~~~~
Sending RR and SREJ in buffer:275 
BUFFERING:
~~~~~Expected: 276  ~~~~~~~ 
~~~~~~~~~~~Highest: 274, Current: 276, Lowest: 0~~~~~~~~~~~~~~~~~
Sending RR and SREJ in buffer:277 
BUFFERING:
~~~~~Expected: 278  ~~~~~~~ 
~~~~~~~~~~~Highest: 276, Current: 278, Lowest: 0~~~~~~~~~~~~~~~~~
Sending RR and SREJ in buffer:279 
BUFFERING:
~~~~~Expected: 280  ~~~~~~~ 
~~~~~~~~~~~Highest: 278, Current: 280, Lowest: 0~~~~~~~~~~~~~~~~~
Sending RR and SREJ in buffer:281 
BUFFERING:
~~~~~Expected: 282  ~~~~~~~ 
~~~~~~~~~~~Highest: 280, Current: 282, Lowest: 0~~~~~~~~~~~~~~~~~
Sending RR and SREJ in buffer:283 
BUFFERING:
~~~~~Expected: 284  ~RECV          SEQ# 284 LEN 1007 FLAGS 16   -Data #:  284
SEND MSG# 148 SEQ#   0 LEN   11 FLAGS  5   -RR #:    285 - FLIPPED BITS 
RECV          SEQ# 285 LEN 1007 FLAGS 16   -Data #:  285
RECV          SEQ# 283 LEN 1007 FLAGS 17   -Resent Data #:  283
SEND MSG# 149 SEQ#   0 LEN   11 FLAGS  5   -RR #:    286
RECV          SEQ# 286 LEN 1007 FLAGS 16   -Data #:  286
RECV          SEQ# 287 LEN 1007 FLAGS 16   -Data #:  287
SEND MSG# 150 SEQ#   0 LEN   11 FLAGS  5   -RR #:    288
RECV          SEQ# 288 LEN 1007 FLAGS 16   -Data #:  288
RECV          SEQ# 289 LEN 1007 FLAGS 16   -Data #:  289
SEND MSG# 151 SEQ#   0 LEN   11 FLAGS  5   -RR #:    290
RECV          SEQ# 290 LEN 1007 FLAGS 16   -Data #:  290
RECV          SEQ# 291 LEN 1007 FLAGS 16   -Data #:  291
SEND MSG# 152 SEQ#   0 LEN   11 FLAGS  5   -RR #:    292
RECV          SEQ# 292 LEN 1007 FLAGS 16   -Data #:  292
RECV          SEQ# 293 LEN 1007 FLAGS 16   -Data #:  293
SEND MSG# 153 SEQ#   0 LEN   11 FLAGS  5   -RR #:    294
RECV          SEQ# 294 LEN 1007 FLAGS 16   -Data #:  294
RECV          SEQ# 295 LEN 1007 FLAGS 16   -Data #:  295
SEND MSG# 154 SEQ#   0 LEN   11 FLAGS  5   -RR #:    296
RECV          SEQ# 296 LEN 1007 FLAGS 16   -Data #:  296
RECV          SEQ# 297 LEN 1007 FLAGS 16   -Data #:  297
SEND MSG# 155 SEQ#   0 LEN   11 FLAGS  5   -RR #:    298
RECV          SEQ# 298 LEN 1007 FLAGS 16   -Data #:  298
RECV          SEQ# 299 LEN 1007 FLAGS 16   -Data #:  299
SEND MSG# 156 SEQ#   0 LEN   11 FLAGS  5   -RR #:    300
RECV          SEQ# 300 LEN 1007 FLAGS 16   -Data #:  300
RECV          SEQ# 301 LEN 1007 FLAGS 16   -Data #:  301
SEND MSG# 157 SEQ#   0 LEN   11 FLAGS  5   -RR #:    302
RECV          SEQ# 302 LEN 1007 FLAGS 16   -Data #:  302
RECV          SEQ# 303 LEN 1007 FLAGS 16   -Data #:  303
SEND MSG# 158 SEQ#   0 LEN   11 FLAGS  5   -RR #:    304
RECV          SEQ# 304 LEN 1007 FLAGS 16   -Data #:  304
RECV          SEQ# 305 LEN 1007 FLAGS 16   -Data #:  305
SEND MSG# 159 SEQ#   0 LEN   11 FLAGS  5   -RR #:    306 - FLIPPED BITS 
RECV          SEQ# 306 LEN 1007 FLAGS 16   -Data #:  306
RECV          SEQ# 307 LEN 1007 FLAGS 16   -Data #:  307
SEND MSG# 160 SEQ#   0 LEN   11 FLAGS  5   -RR #:    308 - DROPPED 
RECV          SEQ# 304 LEN 1007 FLAGS 17   -Resent Data #:  304
RECV          SEQ# 308 LEN 1007 FLAGS 16   -Data #:  308
SEND MSG# 161 SEQ#   0 LEN   11 FLAGS  5   -RR #:    309
RECV          SEQ# 309 LEN 1007 FLAGS 16   -Data #:  309
RECV          SEQ# 310 LEN 1007 FLAGS 16   -Data #:  310
SEND MSG# 162 SEQ#   0 LEN   11 FLAGS  5   -RR #:    311
RECV          SEQ# 311 LEN 1007 FLAGS 16   -Data #:  311
RECV          SEQ# 312 LEN 1007 FLAGS 16   -Data #:  312
SEND MSG# 163 SEQ#   0 LEN   11 FLAGS  5   -RR #:    313 - DROPPED 
RECV          SEQ# 313 LEN 1007 FLAGS 16   -Data #:  313
RECV          SEQ# 314 LEN 1007 FLAGS 16   -Data #:  314
SEND MSG# 164 SEQ#   0 LEN   11 FLAGS  5   -RR #:    315 - DROPPED 
RECV          SEQ# 315 LEN 1007 FLAGS 16   -Data #:  315
RECV          SEQ# 311 LEN 1007 FLAGS 18   -Timeout resent data #:  311
SEND MSG# 165 SEQ#   0 LEN   11 FLAGS  5   -RR #:    316
RECV          SEQ# 316 LEN 1007 FLAGS 16   -Data #:  316
RECV          SEQ# 317 LEN 1007 FLAGS 16   -Data #:  317
SEND MSG# 166 SEQ#   0 LEN   11 FLAGS  5   -RR #:    318
RECV          SEQ# 318 LEN 1007 FLAGS 16   -Data #:  318
RECV          SEQ# 319 LEN 1007 FLAGS 16   -Data #:  319
SEND MSG# 167 SEQ#   0 LEN   11 FLAGS  5   -RR #:    320
RECV          SEQ# 320 LEN 1007 FLAGS 16   -Data #:  320
RECV          SEQ# 321 LEN 1007 FLAGS 16   -Data #:  321
SEND MSG# 168 SEQ#   0 LEN   11 FLAGS  5   -RR #:    322
RECV          SEQ# 322 LEN 1007 FLAGS 16   -Data #:  322
RECV          SEQ# 323 LEN 1007 FLAGS 16   -Data #:  323
SEND MSG# 169 SEQ#   0 LEN   11 FLAGS  5   -RR #:    324
RECV          SEQ# 324 LEN 1007 FLAGS 16   -Data #:  324
RECV          SEQ# 325 LEN 1007 FLAGS 16   -Data #:  325
SEND MSG# 170 SEQ#   0 LEN   11 FLAGS  5   -RR #:    326
RECV          SEQ# 326 LEN 1007 FLAGS 16   -Data #:  326
RECV          SEQ# 327 LEN 1007 FLAGS 16   -Data #:  327
SEND MSG# 171 SEQ#   0 LEN   11 FLAGS  5   -RR #:    328
RECV          SEQ# 328 LEN 1007 FLAGS 16   -Data #:  328
RECV          SEQ# 329 LEN 1007 FLAGS 16   -Data #:  329
SEND MSG# 172 SEQ#   0 LEN   11 FLAGS  5   -RR #:    330 - DROPPED 
RECV          SEQ# 330 LEN 1007 FLAGS 16   -Data #:  330
RECV          SEQ# 331 LEN 1007 FLAGS 16   -Data #:  331
SEND MSG# 173 SEQ#   0 LEN   11 FLAGS  5   -RR #:    332
RECV          SEQ# 332 LEN 1007 FLAGS 16   -Data #:  332
RECV          SEQ# 333 LEN 1007 FLAGS 16   -Data #:  333
SEND MSG# 174 SEQ#   0 LEN   11 FLAGS  5   -RR #:    334
RECV          SEQ# 334 LEN 1007 FLAGS 16   -Data #:  334
RECV          SEQ# 335 LEN 1007 FLAGS 16   -Data #:  335
SEND MSG# 175 SEQ#   0 LEN   11 FLAGS  5   -RR #:    336
RECV          SEQ# 336 LEN 1007 FLAGS 16   -Data #:  336
RECV          SEQ# 337 LEN 1007 FLAGS 16   -Data #:  337
SEND MSG# 176 SEQ#   0 LEN   11 FLAGS  5   -RR #:    338
RECV          SEQ# 338 LEN 1007 FLAGS 16   -Data #:  338
RECV          SEQ# 339 LEN 1007 FLAGS 16   -Data #:  339
SEND MSG# 177 SEQ#   0 LEN   11 FLAGS  5   -RR #:    340
~~~~~~ 
~~~~~~~~~~~Highest: 282, Current: 284, Lowest: 0~~~~~~~~~~~~~~~~~
Sending RR and SREJ in buffer:285 
BUFFERING:
~~~~~Expected: 286  ~~~~~~~ 
~~~~~~~~~~~Highest: 284, Current: 286, Lowest: 0~~~~~~~~~~~~~~~~~
BUFFERING:
~~~~~Expected: 287  ~~~~~~~ 
~~~~~~~~~~~Highest: 284, Current: 287, Lowest: 0~~~~~~~~~~~~~~~~~
Sending RR and SREJ in buffer:288 
BUFFERING:
~~~~~Expected: 289  ~~~~~~~ 
~~~~~~~~~~~Highest: 287, Current: 289, Lowest: 0~~~~~~~~~~~~~~~~~
Sending RR and SREJ in buffer:290 
BUFFERING:
~~~~~Expected: 291  ~~~~~~~ 
~~~~~~~~~~~Highest: 289, Current: 291, Lowest: 0~~~~~~~~~~~~~~~~~
Sending RR and SREJ in buffer:292 
BUFFERING:
~~~~~Expected: 293  ~~~~~~~ 
~~~~~~~~~~~Highest: 291, Current: 293, Lowest: 0~~~~~~~~~~~~~~~~~
Sending RR and SREJ in buffer:294 
BUFFERING:
~~~~~Expected: 295  ~~~~~~~ 
~~~~~~~~~~~Highest: 293, Current: 295, Lowest: 0~~~~~~~~~~~~~~~~~
Sending RR and SREJ in buffer:296 
BUFFERING:
~~~~~Expected: 297  ~~~~~~~ 
~~~~~~~~~~~Highest: 295, Current: 297, Lowest: 0~~~~~~~~~~~~~~~~~
Sending RR and SREJ in buffer:298 
BUFFERING:
~~~~~Expected: 299  ~~~~~~~ 
~~~~~~~~~~~Highest: 297, Current: 299, Lowest: 0~~~~~~~~~~~~~~~~~
Sending RR and SREJ in buffer:300 
BUFFERING:
~~~~~Expected: 301  ~~~~~~~ 
~~~~~~~~~~~Highest: 299, Current: 301, Lowest: 0~~~~~~~~~~~~~~~~~
Sending RR and SREJ in buffer:302 
BUFFERING:
~~~~~Expected: 303  ~~~~~~~ 
~~~~~~~~~~~Highest: 301, Current: 303, Lowest: 0~~~~~~~~~~~~~~~~~
Sending RR and SREJ in buffer:304 
BUFFERING:
~~~~~Expected: 305  ~~~~~~~ 
~~~~~~~~~~~Highest: 303, Current: 305, Lowest: 0~~~~~~~~~~~~~~~~~
Sending RR and SREJ in buffer:306 
BUFFERING:
~~~~~Expected: 307  ~~~~~~~ 
~~~~~~~~~~~Highest: 305, Current: 307, Lowest: 0~~~~~~~~~~~~~~~~~
Sending RR and SREJ in buffer:308 
BUFFERING:
~~~~~Expected: 308  ~~~~~~~ 
~~~~~~~~~~~Highest: 307, Current: 308, Lowest: 0~~~~~~~~~~~~~~~~~
Sending RR and SREJ in buffer:309 
BUFFERING:
~~~~~Expected: 310  ~~~~~~~ 
~~~~~~~~~~~Highest: 308, Current: 310, Lowest: 0~~~~~~~~~~~~~~~~~
Sending RR and SREJ in buffer:311 
BUFFERING:
~~~~~Expected: 312  ~~~~~~~ 
~~~~~~~~~~~Highest: 310, Current: 312, Lowest: 0~~~~~~~~~~~~~~~~~
Sending RR and SREJ in buffer:313 
BUFFERING:
~~~~~Expected: 314  ~~~~~~~ 
~~~~~~~~~~~Highest: 312, Current: 314, Lowest: 0~~~~~~~~~~~~~~~~~
Sending RR and SREJ in buffer:315 
BUFFERING:
~~~~~Expected: 316  ~~~~~~~ 
~~~~~~~~~~~Highest: 314, Current: 316, Lowest: 0~~~~~~~~~~~~~~~~~
BUFFERING:
~~~~~Expected: 317  ~~~~~~~ 
~~~~~~~~~~~Highest: 314, Current: 317, Lowest: 0~~~~~~~~~~~~~~~~~
Sending RR and SREJ in buffer:318 
BUFFERING:
~~~~~Expected: 319  ~~~~~~~ 
~~~~~~~~~~~Highest: 317, Current: 319, Lowest: 0~~~~~~~~~~~~~~~~~
Sending RR and SREJ in buffer:320 
BUFFERING:
~~~~~Expected: 321  ~~~~~~~ 
~~~~~~~~~~~Highest: 319, Current: 321, Lowest: 0~~~~~~~~~~~~~~~~~
Sending RR and SREJ in buffer:322 
BUFFERING:
~~~~~Expected: 323  ~~~~~~~ 
~~~~~~~~~~~Highest: 321, Current: 323, Lowest: 0~~~~~~~~~~~~~~~~~
Sending RR and SREJ in buffer:324 
BUFFERING:
~~~~~Expected: 325  ~~~~~~~ 
~~~~~~~~~~~Highest: 323, Current: 325, Lowest: 0~~~~~~~~~~~~~~~~~
Sending RR and SREJ in buffer:326 
BUFFERING:
~~~~~Expected: 327  ~~~~~~~ 
~~~~~~~~~~~Highest: 325, Current: 327, Lowest: 0~~~~~~~~~~~~~~~~~
Sending RR and SREJ in buffer:328 
BUFFERING:
~~~~~Expected: 329  ~~~~~~~ 
~~~~~~~~~~~Highest: 327, Current: 329, Lowest: 0~~~~~~~~~~~~~~~~~
Sending RR and SREJ in buffer:330 
BUFFERING:
~~~~~Expected: 331  ~~~~~~~ 
~~~~~~~~~~~Highest: 329, Current: 331, Lowest: 0~~~~~~~~~~~~~~~~~
Sending RR and SREJ in buffer:332 
BUFFERING:
~~~~~Expected: 333  ~~~~~~~ 
~~~~~~~~~~~Highest: 331, Current: 333, Lowest: 0~~~~~~~~~~~~~~~~~
Sending RR and SREJ in buffer:334 
BUFFERING:
~~~~~Expected: 335  ~~~~~~~ 
~~~~~~~~~~~Highest: 333, Current: 335, Lowest: 0~~~~~~~~~~~~~~~~~
Sending RR and SREJ in buffer:336 
BUFFERING:
~~~~~Expected: 337  ~~~~~~~ 
~~~~~~~~~~~Highest: 335, Current: 337, Lowest: 0~~~~~~~~~~~~~~~~~
Sending RR and SREJ in buffer:338 
BUFFERING:
~~~~~Expected: 339  ~~~~~~~ 
~~~~~~~~~~~Highest: 337, Current: 339, Lowest: 0~~~~~~~~~~~~~~~~~
SenRECV          SEQ# 340 LEN 1007 FLAGS 16   -Data #:  340
RECV          SEQ# 341 LEN 1007 FLAGS 16   -Data #:  341
SEND MSG# 178 SEQ#   0 LEN   11 FLAGS  5   -RR #:    342
RECV          SEQ# 342 LEN 1007 FLAGS 16   -Data #:  342
RECV          SEQ# 343 LEN 1007 FLAGS 16   -Data #:  343
SEND MSG# 179 SEQ#   0 LEN   11 FLAGS  5   -RR #:    344
RECV          SEQ# 344 LEN 1007 FLAGS 16   -Data #:  344
RECV          SEQ# 345 LEN 1007 FLAGS 16   -Data #:  345
SEND MSG# 180 SEQ#   0 LEN   11 FLAGS  5   -RR #:    346
RECV          SEQ# 346 LEN 1007 FLAGS 16   -Data #:  346
RECV          SEQ# 347 LEN 1007 FLAGS 16   -Data #:  347
SEND MSG# 181 SEQ#   0 LEN   11 FLAGS  5   -RR #:    348
RECV          SEQ# 348 LEN 1007 FLAGS 16   -Data #:  348
RECV          SEQ# 349 LEN 1007 FLAGS 16   -Data #:  349
SEND MSG# 182 SEQ#   0 LEN   11 FLAGS  5   -RR #:    350
RECV          SEQ# 350 LEN 1007 FLAGS 16   -Data #:  350
RECV          SEQ# 351 LEN 1007 FLAGS 16   -Data #:  351
SEND MSG# 183 SEQ#   0 LEN   11 FLAGS  5   -RR #:    352
RECV          SEQ# 352 LEN 1007 FLAGS 16   -Data #:  352
RECV          SEQ# 353 LEN 1007 FLAGS 16   -Data #:  353
SEND MSG# 184 SEQ#   0 LEN   11 FLAGS  5   -RR #:    354
RECV          SEQ# 354 LEN 1007 FLAGS 16   -Data #:  354
RECV          SEQ# 355 LEN 1007 FLAGS 16   -Data #:  355
SEND MSG# 185 SEQ#   0 LEN   11 FLAGS  5   -RR #:    356
RECV          SEQ# 356 LEN 1007 FLAGS 16   -Data #:  356
RECV          SEQ# 357 LEN 1007 FLAGS 16   -Data #:  357
SEND MSG# 186 SEQ#   0 LEN   11 FLAGS  5   -RR #:    358
RECV          SEQ# 358 LEN 1007 FLAGS 16   -Data #:  358
RECV          SEQ# 359 LEN 1007 FLAGS 16   -Data #:  359
SEND MSG# 187 SEQ#   0 LEN   11 FLAGS  5   -RR #:    360
RECV          SEQ# 360 LEN 1007 FLAGS 16   -Data #:  360
RECV          SEQ# 361 LEN 1007 FLAGS 16   -Data #:  361
SEND MSG# 188 SEQ#   0 LEN   11 FLAGS  5   -RR #:    362
RECV          SEQ# 362 LEN 1007 FLAGS 16   -Data #:  362
RECV          SEQ# 363 LEN 1007 FLAGS 16   -Data #:  363
SEND MSG# 189 SEQ#   0 LEN   11 FLAGS  5   -RR #:    364
RECV          SEQ# 364 LEN 1007 FLAGS 16   -Data #:  364
RECV          SEQ# 365 LEN 1007 FLAGS 16   -Data #:  365
SEND MSG# 190 SEQ#   0 LEN   11 FLAGS  5   -RR #:    366
RECV          SEQ# 366 LEN 1007 FLAGS 16   -Data #:  366
RECV          SEQ# 367 LEN 1007 FLAGS 16   -Data #:  367
SEND MSG# 191 SEQ#   0 LEN   11 FLAGS  5   -RR #:    368
RECV          SEQ# 368 LEN 1007 FLAGS 16   -Data #:  368
RECV          SEQ# 369 LEN 1007 FLAGS 16   -Data #:  369
SEND MSG# 192 SEQ#   0 LEN   11 FLAGS  5   -RR #:    370
RECV          SEQ# 370 LEN 1007 FLAGS 16   -Data #:  370
RECV          SEQ# 371 LEN 1007 FLAGS 16   -Data #:  371
SEND MSG# 193 SEQ#   0 LEN   11 FLAGS  5   -RR #:    372
RECV          SEQ# 372 LEN 1007 FLAGS 16   -Data #:  372
RECV          SEQ# 373 LEN 1007 FLAGS 16   -Data #:  373
SEND MSG# 194 SEQ#   0 LEN   11 FLAGS  5   -RR #:    374
RECV          SEQ# 374 LEN 1007 FLAGS 16   -Data #:  374
RECV          SEQ# 375 LEN 1007 FLAGS 16   -Data #:  375
SEND MSG# 195 SEQ#   0 LEN   11 FLAGS  5   -RR #:    376
RECV          SEQ# 376 LEN 1007 FLAGS 16   -Data #:  376
RECV          SEQ# 377 LEN 1007 FLAGS 16   -Data #:  377
SEND MSG# 196 SEQ#   0 LEN   11 FLAGS  5   -RR #:    378 - DROPPED 
RECV          SEQ# 378 LEN 1007 FLAGS 16   -Data #:  378
RECV          SEQ# 379 LEN 1007 FLAGS 16   -Data #:  379
SEND MSG# 197 SEQ#   0 LEN   11 FLAGS  5   -RR #:    380
RECV          SEQ# 380 LEN 1007 FLAGS 16   -Data #:  380
RECV          SEQ# 381 LEN 1007 FLAGS 16   -Data #:  381
SEND MSG# 198 SEQ#   0 LEN   11 FLAGS  5   -RR #:    382
RECV          SEQ# 382 LEN 1007 FLAGS 16   -Data #:  382
RECV          SEQ# 383 LEN 1007 FLAGS 16   -Data #:  383
SEND MSG# 199 SEQ#   0 LEN   11 FLAGS  5   -RR #:    384
RECV          SEQ# 384 LEN 1007 FLAGS 16   -Data #:  384
RECV          SEQ# 385 LEN 1007 FLAGS 16   -Data #:  385
SEND MSG# 200 SEQ#   0 LEN   11 FLAGS  5   -RR #:    386
RECV          SEQ# 386 LEN 1007 FLAGS 16   -Data #:  386
RECV          SEQ# 387 LEN 1007 FLAGS 16   -Data #:  387
SEND MSG# 201 SEQ#   0 LEN   11 FLAGS  5   -RR #:    388
RECV          SEQ# 388 LEN 1007 FLAGS 16   -Data #:  388
RECV          SEQ# 389 LEN 1007 FLAGS 16   -Data #:  389
SEND MSG# 202 SEQ#   0 LEN   11 FLAGS  5   -RR #:    390 - FLIPPED BITS 
RECV          SEQ# 390 LEN 1007 FLAGS 16   -Data #:  390
RECV          SEQ# 391 LEN 1007 FLAGS 16   -Data #:  391
SEND MSG# 203 SEQ#   0 LEN   11 FLAGS  5   -RR #:    392
RECV          SEQ# 388 LEN 1007 FLAGS 17   -Resent Data #:  388
RECV          SEQ# 392 LEN 1007 FLAGS 16   -Data #:  392
SEND MSG# 204 SEQ#   0 LEN   11 FLAGS  5   -RR #:    393
RECV          SEQ# 393 LEN 1007 FLAGS 16   -Data #:  393
RECV          SEQ# 394 LEN 1007 FLAGS 16   -Data #:  394
SEND MSG# 205 SEQ#   0 LEN   11 FLAGS  5   -RR #:    395
RECV          SEQ# 395 LEN 1007 FLAGS 16   -Data #:  395
RECV          SEQ# 396 LEN 1007 FLAGS 16   -Data #:  396
SEND MSG# 206 SEQ#   0 LEN   11 FLAGS  5   -RR #:    397
ding RR and SREJ in buffer:340 
BUFFERING:
~~~~~Expected: 341  ~~~~~~~ 
~~~~~~~~~~~Highest: 339, Current: 341, Lowest: 0~~~~~~~~~~~~~~~~~
Sending RR and SREJ in buffer:342 
BUFFERING:
~~~~~Expected: 343  ~~~~~~~ 
~~~~~~~~~~~Highest: 341, Current: 343, Lowest: 0~~~~~~~~~~~~~~~~~
Sending RR and SREJ in buffer:344 
BUFFERING:
~~~~~Expected: 345  ~~~~~~~ 
~~~~~~~~~~~Highest: 343, Current: 345, Lowest: 0~~~~~~~~~~~~~~~~~
Sending RR and SREJ in buffer:346 
BUFFERING:
~~~~~Expected: 347  ~~~~~~~ 
~~~~~~~~~~~Highest: 345, Current: 347, Lowest: 0~~~~~~~~~~~~~~~~~
Sending RR and SREJ in buffer:348 
BUFFERING:
~~~~~Expected: 349  ~~~~~~~ 
~~~~~~~~~~~Highest: 347, Current: 349, Lowest: 0~~~~~~~~~~~~~~~~~
Sending RR and SREJ in buffer:350 
BUFFERING:
~~~~~Expected: 351  ~~~~~~~ 
~~~~~~~~~~~Highest: 349, Current: 351, Lowest: 0~~~~~~~~~~~~~~~~~
Sending RR and SREJ in buffer:352 
BUFFERING:
~~~~~Expected: 353  ~~~~~~~ 
~~~~~~~~~~~Highest: 351, Current: 353, Lowest: 0~~~~~~~~~~~~~~~~~
Sending RR and SREJ in buffer:354 
BUFFERING:
~~~~~Expected: 355  ~~~~~~~ 
~~~~~~~~~~~Highest: 353, Current: 355, Lowest: 0~~~~~~~~~~~~~~~~~
Sending RR and SREJ in buffer:356 
BUFFERING:
~~~~~Expected: 357  ~~~~~~~ 
~~~~~~~~~~~Highest: 355, Current: 357, Lowest: 0~~~~~~~~~~~~~~~~~
Sending RR and SREJ in buffer:358 
BUFFERING:
~~~~~Expected: 359  ~~~~~~~ 
~~~~~~~~~~~Highest: 357, Current: 359, Lowest: 0~~~~~~~~~~~~~~~~~
Sending RR and SREJ in buffer:360 
BUFFERING:
~~~~~Expected: 361  ~~~~~~~ 
~~~~~~~~~~~Highest: 359, Current: 361, Lowest: 0~~~~~~~~~~~~~~~~~
Sending RR and SREJ in buffer:362 
BUFFERING:
~~~~~Expected: 363  ~~~~~~~ 
~~~~~~~~~~~Highest: 361, Current: 363, Lowest: 0~~~~~~~~~~~~~~~~~
Sending RR and SREJ in buffer:364 
BUFFERING:
~~~~~Expected: 365  ~~~~~~~ 
~~~~~~~~~~~Highest: 363, Current: 365, Lowest: 0~~~~~~~~~~~~~~~~~
Sending RR and SREJ in buffer:366 
BUFFERING:
~~~~~Expected: 367  ~~~~~~~ 
~~~~~~~~~~~Highest: 365, Current: 367, Lowest: 0~~~~~~~~~~~~~~~~~
Sending RR and SREJ in buffer:368 
BUFFERING:
~~~~~Expected: 369  ~~~~~~~ 
~~~~~~~~~~~Highest: 367, Current: 369, Lowest: 0~~~~~~~~~~~~~~~~~
Sending RR and SREJ in buffer:370 
BUFFERING:
~~~~~Expected: 371  ~~~~~~~ 
~~~~~~~~~~~Highest: 369, Current: 371, Lowest: 0~~~~~~~~~~~~~~~~~
Sending RR and SREJ in buffer:372 
BUFFERING:
~~~~~Expected: 373  ~~~~~~~ 
~~~~~~~~~~~Highest: 371, Current: 373, Lowest: 0~~~~~~~~~~~~~~~~~
Sending RR and SREJ in buffer:374 
BUFFERING:
~~~~~Expected: 375  ~~~~~~~ 
~~~~~~~~~~~Highest: 373, Current: 375, Lowest: 0~~~~~~~~~~~~~~~~~
Sending RR and SREJ in buffer:376 
BUFFERING:
~~~~~Expected: 377  ~~~~~~~ 
~~~~~~~~~~~Highest: 375, Current: 377, Lowest: 0~~~~~~~~~~~~~~~~~
Sending RR and SREJ in buffer:378 
BUFFERING:
~~~~~Expected: 379  ~~~~~~~ 
~~~~~~~~~~~Highest: 377, Current: 379, Lowest: 0~~~~~~~~~~~~~~~~~
Sending RR and SREJ in buffer:380 
BUFFERING:
~~~~~Expected: 381  ~~~~~~~ 
~~~~~~~~~~~Highest: 379, Current: 381, Lowest: 0~~~~~~~~~~~~~~~~~
Sending RR and SREJ in buffer:382 
BUFFERING:
~~~~~Expected: 383  ~~~~~~~ 
~~~~~~~~~~~Highest: 381, Current: 383, Lowest: 0~~~~~~~~~~~~~~~~~
Sending RR and SREJ in buffer:384 
BUFFERING:
~~~~~Expected: 385  ~~~~~~~ 
~~~~~~~~~~~Highest: 383, Current: 385, Lowest: 0~~~~~~~~~~~~~~~~~
Sending RR and SREJ in buffer:386 
BUFFERING:
~~~~~Expected: 387  ~~~~~~~ 
~~~~~~~~~~~Highest: 385, Current: 387, Lowest: 0~~~~~~~~~~~~~~~~~
Sending RR and SREJ in buffer:388 
BUFFERING:
~~~~~Expected: 389  ~~~~~~~ 
~~~~~~~~~~~Highest: 387, Current: 389, Lowest: 0~~~~~~~~~~~~~~~~~
Sending RR and SREJ in buffer:390 
BUFFERING:
~~~~~Expected: 391  ~~~~~~~ 
~~~~~~~~~~~Highest: 389, Current: 391, Lowest: 0~~~~~~~~~~~~~~~~~
Sending RR and SREJ in buffer:392 
BUFFERING:
~~~~~Expected: 392  ~~~~~~~ 
~~~~~~~~~~~Highest: 391, Current: 392, Lowest: 0~~~~~~~~~~~~~~~~~
Sending RR and SREJ in buffer:393 
BUFFERING:
~~~~~Expected: 394  ~~~~~~~ 
~~~~~~~~~~~Highest: 392, Current: 394, Lowest: 0~~~~~~~~~~~~~~~~~
Sending RR and SREJ in buffer:395 
BUFFERING:
~~~~~Expected: 396  ~~~~~~~ 
~~~~~~~~~~~Highest: 394, Current: 396, Lowest: 0~~~~~~~~~~~~~~~~~
Sending RRRECV          SEQ# 397 LEN 1007 FLAGS 16   -Data #:  397
RECV          SEQ# 398 LEN 1007 FLAGS 16   -Data #:  398
SEND MSG# 207 SEQ#   0 LEN   11 FLAGS  5   -RR #:    399
RECV          SEQ# 399 LEN 1007 FLAGS 16   -Data #:  399
RECV          SEQ# 400 LEN 1007 FLAGS 16   -Data #:  400
SEND MSG# 208 SEQ#   0 LEN   11 FLAGS  5   -RR #:    401
RECV          SEQ# 401 LEN 1007 FLAGS 16   -Data #:  401
RECV          SEQ# 402 LEN 1007 FLAGS 16   -Data #:  402
SEND MSG# 209 SEQ#   0 LEN   11 FLAGS  5   -RR #:    403
RECV          SEQ# 403 LEN 1007 FLAGS 16   -Data #:  403
RECV          SEQ# 404 LEN 1007 FLAGS 16   -Data #:  404
SEND MSG# 210 SEQ#   0 LEN   11 FLAGS  5   -RR #:    405 - DROPPED 
RECV          SEQ# 405 LEN 1007 FLAGS 16   -Data #:  405
RECV          SEQ# 406 LEN 1007 FLAGS 16   -Data #:  406
SEND MSG# 211 SEQ#   0 LEN   11 FLAGS  5   -RR #:    407 - DROPPED 
RECV          SEQ# 407 LEN 1007 FLAGS 16   -Data #:  407
RECV          SEQ# 403 LEN 1007 FLAGS 18   -Timeout resent data #:  403
SEND MSG# 212 SEQ#   0 LEN   11 FLAGS  5   -RR #:    408
RECV          SEQ# 408 LEN 1007 FLAGS 16   -Data #:  408
RECV          SEQ# 409 LEN 1007 FLAGS 16   -Data #:  409
SEND MSG# 213 SEQ#   0 LEN   11 FLAGS  5   -RR #:    410 - DROPPED 
RECV          SEQ# 410 LEN 1007 FLAGS 16   -Data #:  410
RECV          SEQ# 411 LEN 1007 FLAGS 16   -Data #:  411
SEND MSG# 214 SEQ#   0 LEN   11 FLAGS  5   -RR #:    412
RECV          SEQ# 412 LEN 1007 FLAGS 16   -Data #:  412
RECV          SEQ# 413 LEN 1007 FLAGS 16   -Data #:  413
SEND MSG# 215 SEQ#   0 LEN   11 FLAGS  5   -RR #:    414 - DROPPED 
RECV          SEQ# 414 LEN 1007 FLAGS 16   -Data #:  414
RECV          SEQ# 415 LEN 1007 FLAGS 16   -Data #:  415
SEND MSG# 216 SEQ#   0 LEN   11 FLAGS  5   -RR #:    416
RECV          SEQ# 416 LEN 1007 FLAGS 16   -Data #:  416
RECV          SEQ# 417 LEN 1007 FLAGS 16   -Data #:  417
SEND MSG# 217 SEQ#   0 LEN   11 FLAGS  5   -RR #:    418
RECV          SEQ# 418 LEN 1007 FLAGS 16   -Data #:  418
RECV          SEQ# 419 LEN 1007 FLAGS 16   -Data #:  419
SEND MSG# 218 SEQ#   0 LEN   11 FLAGS  5   -RR #:    420
RECV          SEQ# 420 LEN 1007 FLAGS 16   -Data #:  420
RECV          SEQ# 421 LEN 1007 FLAGS 16   -Data #:  421
SEND MSG# 219 SEQ#   0 LEN   11 FLAGS  5   -RR #:    422
RECV          SEQ# 422 LEN 1007 FLAGS 16   -Data #:  422
RECV          SEQ# 423 LEN 1007 FLAGS 16   -Data #:  423
SEND MSG# 220 SEQ#   0 LEN   11 FLAGS  5   -RR #:    424
RECV          SEQ# 424 LEN 1007 FLAGS 16   -Data #:  424
RECV          SEQ# 425 LEN 1007 FLAGS 16   -Data #:  425
SEND MSG# 221 SEQ#   0 LEN   11 FLAGS  5   -RR #:    426
RECV          SEQ# 426 LEN 1007 FLAGS 16   -Data #:  426
RECV          SEQ# 427 LEN 1007 FLAGS 16   -Data #:  427
SEND MSG# 222 SEQ#   0 LEN   11 FLAGS  5   -RR #:    428 - DROPPED 
RECV          SEQ# 428 LEN 1007 FLAGS 16   -Data #:  428
RECV          SEQ# 429 LEN 1007 FLAGS 16   -Data #:  429
SEND MSG# 223 SEQ#   0 LEN   11 FLAGS  5   -RR #:    430 - DROPPED 
RECV          SEQ# 430 LEN   87 FLAGS 16   -Data #:  430
RECV          SEQ# 426 LEN 1007 FLAGS 18   -Timeout resent data #:  426
SEND MSG# 224 SEQ#   0 LEN   11 FLAGS  5   -RR #:    431
RECV          SEQ# 431 LEN    7 FLAGS 10   -User defined 
RECV          SEQ# 431 LEN    7 FLAGS 10   -User defined 
SEND MSG# 225 SEQ#   0 LEN    7 FLAGS 10   -User defined  - FLIPPED BITS 
======== SeqNo Report ========
  Msgs (Total)       :   225
  Msgs (Unique SeqNo):     1
==============================
 and SREJ in buffer:397 
BUFFERING:
~~~~~Expected: 398  ~~~~~~~ 
~~~~~~~~~~~Highest: 396, Current: 398, Lowest: 0~~~~~~~~~~~~~~~~~
Sending RR and SREJ in buffer:399 
BUFFERING:
~~~~~Expected: 400  ~~~~~~~ 
~~~~~~~~~~~Highest: 398, Current: 400, Lowest: 0~~~~~~~~~~~~~~~~~
Sending RR and SREJ in buffer:401 
BUFFERING:
~~~~~Expected: 402  ~~~~~~~ 
~~~~~~~~~~~Highest: 400, Current: 402, Lowest: 0~~~~~~~~~~~~~~~~~
Sending RR and SREJ in buffer:403 
BUFFERING:
~~~~~Expected: 404  ~~~~~~~ 
~~~~~~~~~~~Highest: 402, Current: 404, Lowest: 0~~~~~~~~~~~~~~~~~
Sending RR and SREJ in buffer:405 
BUFFERING:
~~~~~Expected: 406  ~~~~~~~ 
~~~~~~~~~~~Highest: 404, Current: 406, Lowest: 0~~~~~~~~~~~~~~~~~
Sending RR and SREJ in buffer:407 
BUFFERING:
~~~~~Expected: 408  ~~~~~~~ 
~~~~~~~~~~~Highest: 406, Current: 408, Lowest: 0~~~~~~~~~~~~~~~~~
BUFFERING:
~~~~~Expected: 409  ~~~~~~~ 
~~~~~~~~~~~Highest: 406, Current: 409, Lowest: 0~~~~~~~~~~~~~~~~~
Sending RR and SREJ in buffer:410 
BUFFERING:
~~~~~Expected: 411  ~~~~~~~ 
~~~~~~~~~~~Highest: 409, Current: 411, Lowest: 0~~~~~~~~~~~~~~~~~
Sending RR and SREJ in buffer:412 
BUFFERING:
~~~~~Expected: 413  ~~~~~~~ 
~~~~~~~~~~~Highest: 411, Current: 413, Lowest: 0~~~~~~~~~~~~~~~~~
Sending RR and SREJ in buffer:414 
BUFFERING:
~~~~~Expected: 415  ~~~~~~~ 
~~~~~~~~~~~Highest: 413, Current: 415, Lowest: 0~~~~~~~~~~~~~~~~~
Sending RR and SREJ in buffer:416 
BUFFERING:
~~~~~Expected: 417  ~~~~~~~ 
~~~~~~~~~~~Highest: 415, Current: 417, Lowest: 0~~~~~~~~~~~~~~~~~
Sending RR and SREJ in buffer:418 
BUFFERING:
~~~~~Expected: 419  ~~~~~~~ 
~~~~~~~~~~~Highest: 417, Current: 419, Lowest: 0~~~~~~~~~~~~~~~~~
Sending RR and SREJ in buffer:420 
BUFFERING:
~~~~~Expected: 421  ~~~~~~~ 
~~~~~~~~~~~Highest: 419, Current: 421, Lowest: 0~~~~~~~~~~~~~~~~~
Sending RR and SREJ in buffer:422 
BUFFERING:
~~~~~Expected: 423  ~~~~~~~ 
~~~~~~~~~~~Highest: 421, Current: 423, Lowest: 0~~~~~~~~~~~~~~~~~
Sending RR and SREJ in buffer:424 
BUFFERING:
~~~~~Expected: 425  ~~~~~~~ 
~~~~~~~~~~~Highest: 423, Current: 425, Lowest: 0~~~~~~~~~~~~~~~~~
Sending RR and SREJ in buffer:426 
BUFFERING:
~~~~~Expected: 427  ~~~~~~~ 
~~~~~~~~~~~Highest: 425, Current: 427, Lowest: 0~~~~~~~~~~~~~~~~~
Sending RR and SREJ in buffer:428 
BUFFERING:
~~~~~Expected: 429  ~~~~~~~ 
~~~~~~~~~~~Highest: 427, Current: 429, Lowest: 0~~~~~~~~~~~~~~~~~
Sending RR and SREJ in buffer:430 
BUFFERING:
~~~~~Expected: 431  ~~~~~~~ 
~~~~~~~~~~~Highest: 429, Current: 431, Lowest: 0~~~~~~~~~~~~~~~~~
BUFFERING:
~~~~~Expected: 432  ~~~~~~~ 
EOF DETECTED BABY with seq num: 431
Exiting tranfer completeSent EOF packet to client.
Exiting from INORDER

real	0m5.024s
user	0m0.000s
sys	0m0.013s
