Send Err-INIT ErrRate: 0.15 Drop: Y Flip: Y Rand: Y Debug: Y
SEND MSG#   1 SEQ#   0 LEN   36 FLAGS  8   -FNAME request
RECV          SEQ#   1 LEN  907 FLAGS 16   -Data #:    1
RECV          SEQ#   2 LEN  907 FLAGS 16   -Data #:    2
SEND MSG#   2 SEQ#   0 LEN   11 FLAGS  6   -SREJ #:    0
RECV          SEQ#   3 LEN  907 FLAGS 16   -Data #:    3
RECV          SEQ#   0 LEN  907 FLAGS 17   -Resent Data #:    0 - RECV Corrupted packet
RECV          SEQ#   4 LEN  907 FLAGS 16   -Data #:    4
RECV          SEQ#   5 LEN  907 FLAGS 16   -Data #:    5
SEND MSG#   3 SEQ#   0 LEN   11 FLAGS  6   -SREJ #:    0
RECV          SEQ#   6 LEN  907 FLAGS 16   -Data #:    6
RECV          SEQ#   7 LEN  907 FLAGS 16   -Data #:    7 - RECV Corrupted packet
RECV          SEQ#   8 LEN  907 FLAGS 16   -Data #:    8
RECV          SEQ#   9 LEN  907 FLAGS 16   -Data #:    9
SEND MSG#   4 SEQ#   0 LEN   11 FLAGS  6   -SREJ #:    0
RECV          SEQ#  10 LEN  907 FLAGS 16   -Data #:   10
RECV          SEQ#  11 LEN  907 FLAGS 16   -Data #:   11
SEND MSG#   5 SEQ#   0 LEN   11 FLAGS  6   -SREJ #:    0
RECV          SEQ#   0 LEN  907 FLAGS 17   -Resent Data #:    0
RECV          SEQ#   0 LEN  907 FLAGS 17   -Resent Data #:    0 - RECV Corrupted packet
RECV          SEQ#   0 LEN  907 FLAGS 17   -Resent Data #:    0
RECV          SEQ#  12 LEN  907 FLAGS 16   -Data #:   12
SEND MSG#   6 SEQ#   0 LEN   11 FLAGS  6   -SREJ #:    1
RECV          SEQ#  13 LEN  907 FLAGS 16   -Data #:   13
RECV          SEQ#   1 LEN  907 FLAGS 17   -Resent Data #:    1
SEND MSG#   7 SEQ#   0 LEN   11 FLAGS  5   -RR #:      2
RECV          SEQ#  14 LEN  907 FLAGS 16   -Data #:   14
RECV          SEQ#  15 LEN  907 FLAGS 16   -Data #:   15
SEND MSG#   8 SEQ#   0 LEN   11 FLAGS  6   -SREJ #:    2
======== SeqNo Report ========
  Msgs (Total)       :     8
  Msgs (Unique SeqNo):     1
==============================
Server info - IP: ::ffff:127.0.0.1 Port: 41418 
Error_rate: 0.150000
packet length = 36
Attempt 1: Sent filename packet
Incoming bytes: 907, Received response from server: 
Flag: 16
Filename Ack lost, but received dataFile Ok state reached
~~~~~Expected: 0  ~~~~~~~ 
BUFFERING:
~~~~~Expected: 0  ~~~~~~~ 
Checksum error, packet will be dropped
BUFFERING:
~~~~~Expected: 0  ~~~~~~~ 
BUFFERING:
~~~~~Expected: 0  ~~~~~~~ 
Checksum error, packet will be dropped
BUFFERING:
~~~~~Expected: 0  ~~~~~~~ 
BUFFERING:
~~~~~Expected: 0  ~~~~~~~ 
BUFFERING:
~~~~~Expected: 1  ~~~~~~~ 
Checksum error, packet will be dropped
BUFFERING:
~~~~~Expected: 1  ~~~~~~~ 
BUFFERING:
~~~~~Expected: 1  ~~~~~~~ 
Sending RR and SREJ in buffer:2 
BUFFERING:
~~~~~Expected: 2  ~~~~~~~ 
BUFFERING:
FIX LATER BUT YOU NEED TO TERMINATE GRACEFULLY

real	0m10.013s
user	0m0.002s
sys	0m0.000s
