Send Err-INIT ErrRate: 0.15 Drop: Y Flip: Y Rand: Y Debug: Y
SEND MSG#   1 SEQ#   0 LEN   36 FLAGS  8   -FNAME request
RECV          SEQ#   0 LEN    7 FLAGS  9   -FNAME response
RECV          SEQ#   0 LEN 1007 FLAGS 16   -Data #:    0
SEND MSG#   2 SEQ#   0 LEN   11 FLAGS  5   -RR #:      1
RECV          SEQ#   1 LEN 1007 FLAGS 16   -Data #:    1 - RECV Corrupted packet
RECV          SEQ#   2 LEN 1007 FLAGS 16   -Data #:    2
SEND MSG#   3 SEQ#   0 LEN   11 FLAGS  6   -SREJ #:    1
RECV          SEQ#   3 LEN 1007 FLAGS 16   -Data #:    3
RECV          SEQ#   4 LEN 1007 FLAGS 16   -Data #:    4
SEND MSG#   4 SEQ#   0 LEN   11 FLAGS  6   -SREJ #:    1
RECV          SEQ#   5 LEN 1007 FLAGS 16   -Data #:    5
RECV          SEQ#   1 LEN 1007 FLAGS 17   -Resent Data #:    1
SEND MSG#   5 SEQ#   0 LEN   11 FLAGS  5   -RR #:      2
RECV          SEQ#   1 LEN 1007 FLAGS 17   -Resent Data #:    1
RECV          SEQ#   6 LEN 1007 FLAGS 16   -Data #:    6 - RECV Corrupted packet
RECV          SEQ#   7 LEN 1007 FLAGS 16   -Data #:    7
RECV          SEQ#   8 LEN 1007 FLAGS 16   -Data #:    8
SEND MSG#   6 SEQ#   0 LEN   11 FLAGS  6   -SREJ #:    2
RECV          SEQ#   9 LEN 1007 FLAGS 16   -Data #:    9
RECV          SEQ#  10 LEN 1007 FLAGS 16   -Data #:   10
SEND MSG#   7 SEQ#   0 LEN   11 FLAGS  6   -SREJ #:    2
RECV          SEQ#   2 LEN 1007 FLAGS 17   -Resent Data #:    2
RECV          SEQ#   2 LEN 1007 FLAGS 17   -Resent Data #:    2
SEND MSG#   8 SEQ#   0 LEN   11 FLAGS  5   -RR #:      3
RECV          SEQ#   3 LEN 1007 FLAGS 18   -Timeout resent data #:    3
RECV          SEQ#   3 LEN 1007 FLAGS 18   -Timeout resent data #:    3
SEND MSG#   9 SEQ#   0 LEN   11 FLAGS  5   -RR #:      4
RECV          SEQ#  13 LEN 1007 FLAGS 16   -Data #:   13
RECV          SEQ#   4 LEN 1007 FLAGS 18   -Timeout resent data #:    4
SEND MSG#  10 SEQ#   0 LEN   11 FLAGS  5   -RR #:      5
RECV          SEQ#  14 LEN 1007 FLAGS 16   -Data #:   14
RECV          SEQ#   5 LEN 1007 FLAGS 18   -Timeout resent data #:    5
SEND MSG#  11 SEQ#   0 LEN   11 FLAGS  5   -RR #:      6
RECV          SEQ#  15 LEN 1007 FLAGS 16   -Data #:   15
RECV          SEQ#   6 LEN 1007 FLAGS 18   -Timeout resent data #:    6
SEND MSG#  12 SEQ#   0 LEN   11 FLAGS  5   -RR #:      7
RECV          SEQ#  16 LEN 1007 FLAGS 16   -Data #:   16
RECV          SEQ#   7 LEN 1007 FLAGS 18   -Timeout resent data #:    7
SEND MSG#  13 SEQ#   0 LEN   11 FLAGS  5   -RR #:      8
RECV          SEQ#  17 LEN 1007 FLAGS 16   -Data #:   17
RECV          SEQ#   8 LEN 1007 FLAGS 18   -Timeout resent data #:    8 - RECV Corrupted packet
RECV          SEQ#   8 LEN 1007 FLAGS 18   -Timeout resent data #:    8
RECV          SEQ#   8 LEN 1007 FLAGS 18   -Timeout resent data #:    8
SEND MSG#  14 SEQ#   0 LEN   11 FLAGS  5   -RR #:      9
RECV          SEQ#   9 LEN 1007 FLAGS 18   -Timeout resent data #:    9
RECV          SEQ#   9 LEN 1007 FLAGS 18   -Timeout resent data #:    9
SEND MSG#  15 SEQ#   0 LEN   11 FLAGS  5   -RR #:     10
RECV          SEQ#  19 LEN 1007 FLAGS 16   -Data #:   19
RECV          SEQ#  10 LEN 1007 FLAGS 18   -Timeout resent data #:   10
SEND MSG#  16 SEQ#   0 LEN   11 FLAGS  5   -RR #:     11
RECV          SEQ#  20 LEN 1007 FLAGS 16   -Data #:   20
RECV          SEQ#  11 LEN 1007 FLAGS 18   -Timeout resent data #:   11 - RECV Corrupted packet
RECV          SEQ#  11 LEN 1007 FLAGS 18   -Timeout resent data #:   11
RECV          SEQ#  11 LEN 1007 FLAGS 18   -Timeout resent data #:   11
SEND MSG#  17 SEQ#   0 LEN   11 FLAGS  5   -RR #:     12 - DROPPED 
RECV          SEQ#  11 LEN 1007 FLAGS 18   -Timeout resent data #:   11
RECV          SEQ#  11 LEN 1007 FLAGS 18   -Timeout resent data #:   11
SEND MSG#  18 SEQ#   0 LEN   11 FLAGS  5   -RR #:     12
RECV          SEQ#  21 LEN 1007 FLAGS 16   -Data #:   21
RECV          SEQ#  12 LEN 1007 FLAGS 18   -Timeout resent data #:   12
SEND MSG#  19 SEQ#   0 LEN   11 FLAGS  5   -RR #:     13
RECV          SEQ#  22 LEN 1007 FLAGS 16   -Data #:   22
RECV          SEQ#  13 LEN 1007 FLAGS 18   -Timeout resent data #:   13
SEND MSG#  20 SEQ#   0 LEN   11 FLAGS  5   -RR #:     14 - DROPPED 
RECV          SEQ#  13 LEN 1007 FLAGS 18   -Timeout resent data #:   13
RECV          SEQ#  13 LEN 1007 FLAGS 18   -Timeout resent data #:   13
SEND MSG#  21 SEQ#   0 LEN   11 FLAGS  5   -RR #:     14
RECV          SEQ#  23 LEN 1007 FLAGS 16   -Data #:   23
RECV          SEQ#  14 LEN 1007 FLAGS 18   -Timeout resent data #:   14
SEND MSG#  22 SEQ#   0 LEN   11 FLAGS  5   -RR #:     15
RECV          SEQ#  24 LEN 1007 FLAGS 16   -Data #:   24
RECV          SEQ#  15 LEN 1007 FLAGS 18   -Timeout resent data #:   15
SEND MSG#  23 SEQ#   0 LEN   11 FLAGS  5   -RR #:     16
RECV          SEQ#  25 LEN 1007 FLAGS 16   -Data #:   25
RECV          SEQ#  16 LEN 1007 FLAGS 18   -Timeout resent data #:   16
SEND MSG#  24 SEQ#   0 LEN   11 FLAGS  5   -RR #:     17 - DROPPED 
RECV          SEQ#  16 LEN 1007 FLAGS 18   -Timeout resent data #:   16
RECV          SEQ#  16 LEN 1007 FLAGS 18   -Timeout resent data #:   16
SEND MSG#  25 SEQ#   0 LEN   11 FLAGS  5   -RR #:     17 - FLIPPED BITS 
RECV          SEQ#  16 LEN 1007 FLAGS 17   -Resent Data #:   16
RECV          SEQ#  16 LEN 1007 FLAGS 18   -Timeout resent data #:   16
SEND MSG#  26 SEQ#   0 LEN   11 FLAGS  5   -RR #:     17 - FLIPPED BITS 
RECV          SEQ#  16 LEN 1007 FLAGS 17   -Resent Data #:   16
RECV          SEQ#  16 LEN 1007 FLAGS 18   -Timeout resent data #:   16
SEND MSG#  27 SEQ#   0 LEN   11 FLAGS  5   -RR #:     17
RECV          SEQ#  26 LEN 1007 FLAGS 16   -Data #:   26
RECV          SEQ#  17 LEN 1007 FLAGS 18   -Timeout resent data #:   17
SEND MSG#  28 SEQ#   0 LEN   11 FLAGS  5   -RR #:     18
RECV          SEQ#  27 LEN 1007 FLAGS 16   -Data #:   27
RECV          SEQ#  18 LEN 1007 FLAGS 18   -Timeout resent data #:   18
SEND MSG#  29 SEQ#   0 LEN   11 FLAGS  5   -RR #:     19
RECV          SEQ#  28 LEN 1007 FLAGS 16   -Data #:   28
RECV          SEQ#  19 LEN 1007 FLAGS 18   -Timeout resent data #:   19
SEND MSG#  30 SEQ#   0 LEN   11 FLAGS  5   -RR #:     20
RECV          SEQ#  29 LEN 1007 FLAGS 16   -Data #:   29
RECV          SEQ#  20 LEN 1007 FLAGS 18   -Timeout resent data #:   20
SEND MSG#  31 SEQ#   0 LEN   11 FLAGS  5   -RR #:     21
RECV          SEQ#  30 LEN 1007 FLAGS 16   -Data #:   30
RECV          SEQ#  21 LEN 1007 FLAGS 18   -Timeout resent data #:   21
SEND MSG#  32 SEQ#   0 LEN   11 FLAGS  5   -RR #:     22
RECV          SEQ#  31 LEN 1007 FLAGS 16   -Data #:   31
RECV          SEQ#  22 LEN 1007 FLAGS 18   -Timeout resent data #:   22
SEND MSG#  33 SEQ#   0 LEN   11 FLAGS  5   -RR #:     23 - DROPPED 
RECV          SEQ#  22 LEN 1007 FLAGS 18   -Timeout resent data #:   22
RECV          SEQ#  22 LEN 1007 FLAGS 18   -Timeout resent data #:   22
SEND MSG#  34 SEQ#   0 LEN   11 FLAGS  5   -RR #:     23
RECV          SEQ#  32 LEN 1007 FLAGS 16   -Data #:   32
RECV          SEQ#  23 LEN 1007 FLAGS 18   -Timeout resent data #:   23 - RECV Corrupted packet
RECV          SEQ#  23 LEN 1007 FLAGS 18   -Timeout resent data #:   23
RECV          SEQ#  23 LEN 1007 FLAGS 18   -Timeout resent data #:   23
SEND MSG#  35 SEQ#   0 LEN   11 FLAGS  5   -RR #:     24
RECV          SEQ#  33 LEN 1007 FLAGS 16   -Data #:   33
RECV          SEQ#  24 LEN 1007 FLAGS 18   -Timeout resent data #:   24 - RECV Corrupted packet
RECV          SEQ#  24 LEN 1007 FLAGS 18   -Timeout resent data #:   24
RECV          SEQ#  24 LEN 1007 FLAGS 18   -Timeout resent data #:   24
SEND MSG#  36 SEQ#   0 LEN   11 FLAGS  5   -RR #:     25
RECV          SEQ#  34 LEN 1007 FLAGS 16   -Data #:   34
RECV          SEQ#  25 LEN 1007 FLAGS 18   -Timeout resent data #:   25
SEND MSG#  37 SEQ#   0 LEN   11 FLAGS  5   -RR #:     26 - DROPPED 
RECV          SEQ#  25 LEN 1007 FLAGS 18   -Timeout resent data #:   25
RECV          SEQ#  25 LEN 1007 FLAGS 18   -Timeout resent data #:   25 - RECV Corrupted packet
RECV          SEQ#  25 LEN 1007 FLAGS 18   -Timeout resent data #:   25
RECV          SEQ#  25 LEN 1007 FLAGS 18   -Timeout resent data #:   25
SEND MSG#  38 SEQ#   0 LEN   11 FLAGS  5   -RR #:     26
RECV          SEQ#  35 LEN 1007 FLAGS 16   -Data #:   35
RECV          SEQ#  26 LEN 1007 FLAGS 18   -Timeout resent data #:   26
SEND MSG#  39 SEQ#   0 LEN   11 FLAGS  5   -RR #:     27
RECV          SEQ#  36 LEN 1007 FLAGS 16   -Data #:   36
RECV          SEQ#  27 LEN 1007 FLAGS 18   -Timeout resent data #:   27
SEND MSG#  40 SEQ#   0 LEN   11 FLAGS  5   -RR #:     28
RECV          SEQ#  37 LEN 1007 FLAGS 16   -Data #:   37
RECV          SEQ#  28 LEN 1007 FLAGS 18   -Timeout resent data #:   28
SEND MSG#  41 SEQ#   0 LEN   11 FLAGS  5   -RR #:     29
RECV          SEQ#  38 LEN 1007 FLAGS 16   -Data #:   38
RECV          SEQ#  29 LEN 1007 FLAGS 18   -Timeout resent data #:   29
SEND MSG#  42 SEQ#   0 LEN   11 FLAGS  5   -RR #:     30
RECV          SEQ#  39 LEN 1007 FLAGS 16   -Data #:   39
RECV          SEQ#  30 LEN 1007 FLAGS 18   -Timeout resent data #:   30
SEND MSG#  43 SEQ#   0 LEN   11 FLAGS  5   -RR #:     31
RECV          SEQ#  40 LEN 1007 FLAGS 16   -Data #:   40
RECV          SEQ#  31 LEN 1007 FLAGS 18   -Timeout resent data #:   31 - RECV Corrupted packet
RECV          SEQ#  31 LEN 1007 FLAGS 18   -Timeout resent data #:   31
RECV          SEQ#  31 LEN 1007 FLAGS 18   -Timeout resent data #:   31
SEND MSG#  44 SEQ#   0 LEN   11 FLAGS  5   -RR #:     32
RECV          SEQ#  41 LEN 1007 FLAGS 16   -Data #:   41
RECV          SEQ#  32 LEN 1007 FLAGS 18   -Timeout resent data #:   32
SEND MSG#  45 SEQ#   0 LEN   11 FLAGS  5   -RR #:     33
RECV          SEQ#  42 LEN 1007 FLAGS 16   -Data #:   42
RECV          SEQ#  33 LEN 1007 FLAGS 18   -Timeout resent data #:   33
SEND MSG#  46 SEQ#   0 LEN   11 FLAGS  5   -RR #:     34
RECV          SEQ#  43 LEN 1007 FLAGS 16   -Data #:   43
RECV          SEQ#  34 LEN 1007 FLAGS 18   -Timeout resent data #:   34
SEND MSG#  47 SEQ#   0 LEN   11 FLAGS  5   -RR #:     35
RECV          SEQ#  44 LEN 1007 FLAGS 16   -Data #:   44 - RECV Corrupted packet
RECV          SEQ#  35 LEN 1007 FLAGS 18   -Timeout resent data #:   35
SEND MSG#  48 SEQ#   0 LEN   11 FLAGS  5   -RR #:     36
RECV          SEQ#  45 LEN 1007 FLAGS 16   -Data #:   45
RECV          SEQ#  36 LEN 1007 FLAGS 18   -Timeout resent data #:   36
SEND MSG#  49 SEQ#   0 LEN   11 FLAGS  5   -RR #:     37 - FLIPPED BITS 
RECV          SEQ#  36 LEN 1007 FLAGS 17   -Resent Data #:   36
RECV          SEQ#  36 LEN 1007 FLAGS 18   -Timeout resent data #:   36
SEND MSG#  50 SEQ#   0 LEN   11 FLAGS  5   -RR #:     37
RECV          SEQ#  46 LEN 1007 FLAGS 239   -User defined  - RECV Corrupted packet
RECV          SEQ#  37 LEN 1007 FLAGS 18   -Timeout resent data #:   37
SEND MSG#  51 SEQ#   0 LEN   11 FLAGS  5   -RR #:     38
RECV          SEQ#  47 LEN 1007 FLAGS 16   -Data #:   47
RECV          SEQ#  38 LEN 1007 FLAGS 18   -Timeout resent data #:   38
SEND MSG#  52 SEQ#   0 LEN   11 FLAGS  5   -RR #:     39 - DROPPED 
RECV          SEQ#  38 LEN 1007 FLAGS 18   -Timeout resent data #:   38
RECV          SEQ#  38 LEN 1007 FLAGS 18   -Timeout resent data #:   38
SEND MSG#  53 SEQ#   0 LEN   11 FLAGS  5   -RR #:     39
RECV          SEQ#  48 LEN 1007 FLAGS 16   -Data #:   48 - RECV Corrupted packet
RECV          SEQ#  39 LEN 1007 FLAGS 18   -Timeout resent data #:   39
SEND MSG#  54 SEQ#   0 LEN   11 FLAGS  5   -RR #:     40
RECV          SEQ#  49 LEN 1007 FLAGS 16   -Data #:   49 - RECV Corrupted packet
Server info - IP: ::ffff:127.0.0.1 Port: 41418 
Error_rate: 0.150000
packet length = 36
Attempt 1: Sent filename packet
Incoming bytes: 7, Received response from server: 
Flag: 9
Filename exist, the server will be sending data
File Ok state reached
~~~~~Expected: 0  ~~~~~~~ 
Sending RR and SREJ in buffer:1 
BUFFERING:
Checksum error, packet will be dropped
~~~~~Expected: 1  ~~~~~~~ 
BUFFERING:
~~~~~Expected: 1  ~~~~~~~ 
BUFFERING:
~~~~~Expected: 1  ~~~~~~~ 
Sending RR and SREJ in buffer:2 
BUFFERING:
~~~~~Expected: 2  ~~~~~~~ 
Checksum error, packet will be dropped
BUFFERING:
~~~~~Expected: 2  ~~~~~~~ 
BUFFERING:
~~~~~Expected: 2  ~~~~~~~ 
BUFFERING:
~~~~~Expected: 3  ~~~~~~~ 
BUFFERING:
~~~~~Expected: 4  ~~~~~~~ 
BUFFERING:
~~~~~Expected: 4  ~~~~~~~ 
Sending RR and SREJ in buffer:5 
BUFFERING:
~~~~~Expected: 5  ~~~~~~~ 
Sending RR and SREJ in buffer:6 
BUFFERING:
~~~~~Expected: 6  ~~~~~~~ 
Sending RR and SREJ in buffer:7 
BUFFERING:
~~~~~Expected: 7  ~~~~~~~ 
Sending RR and SREJ in buffer:8 
BUFFERING:
~~~~~Expected: 8  ~~~~~~~ 
Checksum error, packet will be dropped
BUFFERING:
~~~~~Expected: 9  ~~~~~~~ 
BUFFERING:
~~~~~Expected: 10  ~~~~~~~ 
BUFFERING:
~~~~~Expected: 10  ~~~~~~~ 
Sending RR and SREJ in buffer:11 
BUFFERING:
~~~~~Expected: 11  ~~~~~~~ 
Checksum error, packet will be dropped
BUFFERING:
~~~~~Expected: 12  ~~~~~~~ 
BUFFERING:
~~~~~Expected: 12  ~~~~~~~ 
BUFFERING:
~~~~~Expected: 12  ~~~~~~~ 
Sending RR and SREJ in buffer:13 
BUFFERING:
~~~~~Expected: 13  ~~~~~~~ 
Sending RR and SREJ in buffer:14 
BUFFERING:
~~~~~Expected: 14  ~~~~~~~ 
BUFFERING:
~~~~~Expected: 14  ~~~~~~~ 
Sending RR and SREJ in buffer:15 
BUFFERING:
~~~~~Expected: 15  ~~~~~~~ 
Sending RR and SREJ in buffer:16 
BUFFERING:
~~~~~Expected: 16  ~~~~~~~ 
Sending RR and SREJ in buffer:17 
BUFFERING:
~~~~~Expected: 17  ~~~~~~~ 
BUFFERING:
~~~~~Expected: 17  ~~~~~~~ 
BUFFERING:
~~~~~Expected: 17  ~~~~~~~ 
BUFFERING:
~~~~~Expected: 17  ~~~~~~~ 
Sending RR and SREJ in buffer:18 
BUFFERING:
~~~~~Expected: 18  ~~~~~~~ 
Sending RR and SREJ in buffer:19 
BUFFERING:
~~~~~Expected: 19  ~~~~~~~ 
Sending RR and SREJ in buffer:20 
BUFFERING:
~~~~~Expected: 20  ~~~~~~~ 
Sending RR and SREJ in buffer:21 
BUFFERING:
~~~~~Expected: 21  ~~~~~~~ 
Sending RR and SREJ in buffer:22 
BUFFERING:
~~~~~Expected: 22  ~~~~~~~ 
Sending RR and SREJ in buffer:23 
BUFFERING:
~~~~~Expected: 23  ~~~~~~~ 
BUFFERING:
~~~~~Expected: 23  ~~~~~~~ 
Checksum error, packet will be dropped
BUFFERING:
~~~~~Expected: 24  ~~~~~~~ 
BUFFERING:
~~~~~Expected: 24  ~~~~~~~ 
Checksum error, packet will be dropped
BUFFERING:
~~~~~Expected: 25  ~~~~~~~ 
BUFFERING:
~~~~~Expected: 25  ~~~~~~~ 
Sending RR and SREJ in buffer:26 
BUFFERING:
~~~~~Expected: 26  ~~~~~~~ 
Checksum error, packet will be dropped
BUFFERING:
~~~~~Expected: 26  ~~~~~~~ 
BUFFERING:
~~~~~Expected: 26  ~~~~~~~ 
Sending RR and SREJ in buffer:27 
BUFFERING:
~~~~~Expected: 27  ~~~~~~~ 
Sending RR and SREJ in buffer:28 
BUFFERING:
~~~~~Expected: 28  ~~~~~~~ 
Sending RR and SREJ in buffer:29 
BUFFERING:
~~~~~Expected: 29  ~~~~~~~ 
Sending RR and SREJ in buffer:30 
BUFFERING:
~~~~~Expected: 30  ~~~~~~~ 
Sending RR and SREJ in buffer:31 
BUFFERING:
~~~~~Expected: 31  ~~~~~~~ 
Checksum error, packet will be dropped
BUFFERING:
~~~~~Expected: 32  ~~~~~~~ 
BUFFERING:
~~~~~Expected: 32  ~~~~~~~ 
Sending RR and SREJ in buffer:33 
BUFFERING:
~~~~~Expected: 33  ~~~~~~~ 
Sending RR and SREJ in buffer:34 
BUFFERING:
~~~~~Expected: 34  ~~~~~~~ 
Sending RR and SREJ in buffer:35 
BUFFERING:
Checksum error, packet will be dropped
~~~~~Expected: 35  ~~~~~~~ 
Sending RR and SREJ in buffer:36 
BUFFERING:
~~~~~Expected: 36  ~~~~~~~ 
Sending RR and SREJ in buffer:37 
BUFFERING:
~~~~~Expected: 37  ~~~~~~~ 
BUFFERING:
Checksum error, packet will be dropped
~~~~~Expected: 37  ~~~~~~~ 
Sending RR and SREJ in buffer:38 
BUFFERING:
~~~~~Expected: 38  ~~~~~~~ 
Sending RR and SREJ in buffer:39 
BUFFERING:
~~~~~Expected: 39  ~~~~~~~ 
BUFFERING:
Checksum error, packet will be dropped
~~~~~Expected: 39  ~~~~~~~ 
Sending RR and SREJ in buffer:40 
BUFFERING:
Checksum erRECV          SEQ#  40 LEN 1007 FLAGS 18   -Timeout resent data #:   40
SEND MSG#  55 SEQ#   0 LEN   11 FLAGS  5   -RR #:     41
RECV          SEQ#  50 LEN 1007 FLAGS 16   -Data #:   50
RECV          SEQ#  41 LEN 1007 FLAGS 18   -Timeout resent data #:   41
SEND MSG#  56 SEQ#   0 LEN   11 FLAGS  5   -RR #:     42
RECV          SEQ#  51 LEN  207 FLAGS 16   -Data #:   51
RECV          SEQ#  42 LEN 1007 FLAGS 18   -Timeout resent data #:   42
SEND MSG#  57 SEQ#   0 LEN   11 FLAGS  5   -RR #:     43
RECV          SEQ#  52 LEN    7 FLAGS 10   -User defined 
RECV          SEQ#  52 LEN    7 FLAGS 10   -User defined 
SEND MSG#  58 SEQ#   0 LEN   11 FLAGS  6   -SREJ #:   43
RECV          SEQ#  43 LEN 1007 FLAGS 17   -Resent Data #:   43
RECV          SEQ#  52 LEN    7 FLAGS 10   -User defined 
SEND MSG#  59 SEQ#   0 LEN   11 FLAGS  6   -SREJ #:   44 - FLIPPED BITS 
RECV          SEQ#  43 LEN 1007 FLAGS 17   -Resent Data #:   43
RECV          SEQ#  52 LEN    7 FLAGS 10   -User defined 
SEND MSG#  60 SEQ#   0 LEN   11 FLAGS  6   -SREJ #:   44
RECV          SEQ#  44 LEN 1007 FLAGS 17   -Resent Data #:   44
RECV          SEQ#  52 LEN    7 FLAGS 10   -User defined 
SEND MSG#  61 SEQ#   0 LEN   11 FLAGS  6   -SREJ #:   45 - FLIPPED BITS 
RECV          SEQ#  43 LEN 1007 FLAGS 17   -Resent Data #:   43 - RECV Corrupted packet
RECV          SEQ#  52 LEN    7 FLAGS 10   -User defined 
SEND MSG#  62 SEQ#   0 LEN   11 FLAGS  6   -SREJ #:   45
RECV          SEQ#  45 LEN 1007 FLAGS 17   -Resent Data #:   45
RECV          SEQ#  52 LEN    7 FLAGS 10   -User defined 
SEND MSG#  63 SEQ#   0 LEN   11 FLAGS  6   -SREJ #:   46
RECV          SEQ#  46 LEN 1007 FLAGS 17   -Resent Data #:   46
RECV          SEQ#  52 LEN    7 FLAGS 10   -User defined 
SEND MSG#  64 SEQ#   0 LEN   11 FLAGS  6   -SREJ #:   47
RECV          SEQ#  47 LEN 1007 FLAGS 17   -Resent Data #:   47
RECV          SEQ#  52 LEN    7 FLAGS 10   -User defined 
SEND MSG#  65 SEQ#   0 LEN   11 FLAGS  6   -SREJ #:   48
RECV          SEQ#  48 LEN 1007 FLAGS 17   -Resent Data #:   48
RECV          SEQ#  52 LEN    7 FLAGS 10   -User defined 
SEND MSG#  66 SEQ#   0 LEN   11 FLAGS  6   -SREJ #:   49
RECV          SEQ#  49 LEN 1007 FLAGS 17   -Resent Data #:   49
RECV          SEQ#  52 LEN    7 FLAGS 10   -User defined 
SEND MSG#  67 SEQ#   0 LEN   11 FLAGS  6   -SREJ #:   50
RECV          SEQ#  50 LEN 1007 FLAGS 17   -Resent Data #:   50
RECV          SEQ#  52 LEN    7 FLAGS 10   -User defined 
SEND MSG#  68 SEQ#   0 LEN   11 FLAGS  6   -SREJ #:   51
RECV          SEQ#  51 LEN  207 FLAGS 17   -Resent Data #:   51
RECV          SEQ#  52 LEN    7 FLAGS 10   -User defined 
SEND MSG#  69 SEQ#   0 LEN   11 FLAGS  5   -RR #:     53
RECV          SEQ# 16711732 LEN    7 FLAGS 10   -User defined  - RECV Corrupted packet
RECV          SEQ#  52 LEN    7 FLAGS 10   -User defined 
SEND MSG#  70 SEQ#   0 LEN    7 FLAGS 10   -User defined 
======== SeqNo Report ========
  Msgs (Total)       :    70
  Msgs (Unique SeqNo):     1
==============================
ror, packet will be dropped
~~~~~Expected: 40  ~~~~~~~ 
Sending RR and SREJ in buffer:41 
BUFFERING:
~~~~~Expected: 41  ~~~~~~~ 
Sending RR and SREJ in buffer:42 
BUFFERING:
~~~~~Expected: 42  ~~~~~~~ 
Sending RR and SREJ in buffer:43 
BUFFERING:
EOF DETECTED BABY with seq num: 52
~~~~~Expected: 43  ~~~~~~~ 
EOF DETECTED BABY with seq num: 52
BUFFERING:
~~~~~Expected: 44  ~~~~~~~ 
EOF DETECTED BABY with seq num: 52
BUFFERING:
~~~~~Expected: 44  ~~~~~~~ 
EOF DETECTED BABY with seq num: 52
BUFFERING:
~~~~~Expected: 45  ~~~~~~~ 
EOF DETECTED BABY with seq num: 52
BUFFERING:
Checksum error, packet will be dropped
~~~~~Expected: 45  ~~~~~~~ 
EOF DETECTED BABY with seq num: 52
BUFFERING:
~~~~~Expected: 46  ~~~~~~~ 
EOF DETECTED BABY with seq num: 52
BUFFERING:
~~~~~Expected: 47  ~~~~~~~ 
EOF DETECTED BABY with seq num: 52
BUFFERING:
~~~~~Expected: 48  ~~~~~~~ 
EOF DETECTED BABY with seq num: 52
BUFFERING:
~~~~~Expected: 49  ~~~~~~~ 
EOF DETECTED BABY with seq num: 52
BUFFERING:
~~~~~Expected: 50  ~~~~~~~ 
EOF DETECTED BABY with seq num: 52
BUFFERING:
~~~~~Expected: 51  ~~~~~~~ 
EOF DETECTED BABY with seq num: 52
BUFFERING:
~~~~~Expected: 52  ~~~~~~~ 
EOF DETECTED BABY with seq num: 52
Sending RR and SREJ in buffer:53 
BUFFERING:
Checksum error, packet will be dropped
~~~~~Expected: 53  ~~~~~~~ 
EOF DETECTED BABY with seq num: 52
Exiting tranfer completeSent EOF packet to client.
Exiting from INORDER

real	1m14.104s
user	0m0.007s
sys	0m0.008s
