Send Err-INIT ErrRate: 0.20 Drop: Y Flip: Y Rand: Y Debug: Y
SEND MSG#   1 SEQ#   0 LEN   36 FLAGS  8   -FNAME request
RECV          SEQ#   0 LEN    7 FLAGS  9   -FNAME response
RECV          SEQ#   0 LEN 1007 FLAGS 16   -Data #:    0
SEND MSG#   2 SEQ#   0 LEN   11 FLAGS  5   -RR #:      1
RECV          SEQ#   1 LEN 1007 FLAGS 16   -Data #:    1 - RECV Corrupted packet
RECV          SEQ#   2 LEN 1007 FLAGS 16   -Data #:    2
SEND MSG#   3 SEQ#   0 LEN   11 FLAGS  6   -SREJ #:    1 - DROPPED 
RECV          SEQ#   3 LEN 1007 FLAGS 16   -Data #:    3
RECV          SEQ#   4 LEN 1007 FLAGS 16   -Data #:    4 - RECV Corrupted packet
======== SeqNo Report ========
  Msgs (Total)       :     3
  Msgs (Unique SeqNo):     1
==============================
Server info - IP: ::ffff:127.0.0.1 Port: 41418 
Error_rate: 0.200000
packet length = 36
Attempt 1: Sent filename packet
Incoming bytes: 7, Received response from server: 
Flag: 9
Filename exist, the server will be sending data
File Ok state reached
~~~~~Expected: 0  ~~~~~~~ 
~~~~~~~~~~~Highest: 0, Current: 0, Lowest: 0~~~~~~~~~~~~~~~~~
INORDER:
~~~~~~~~~~~Highest: 0, Current: 0, Lowest: 0~~~~~~~~~~~~~~~~~
Writing inorder 0
Sending RR and SREJ in buffer:1 
~~~~~Expected: 1  ~~~~~~~ 
~~~~~~~~~~~Highest: 0, Current: 1, Lowest: 0~~~~~~~~~~~~~~~~~
INORDER:
Checksum error, packet will be dropped
~~~~~Expected: 1  ~~~~~~~ 
~~~~~~~~~~~Highest: 0, Current: 1, Lowest: 0~~~~~~~~~~~~~~~~~
INORDER:
~~~~~~~~~~~Highest: 0, Current: 1, Lowest: 0~~~~~~~~~~~~~~~~~
Added to buffer======2~~~~~Expected: 1  ~~~~~~~ 
~~~~~~~~~~~Highest: 2, Current: 1, Lowest: 0~~~~~~~~~~~~~~~~~
BUFFERING:
~~~~~Expected: 1  ~~~~~~~ 
~~~~~~~~~~~Highest: 3, Current: 1, Lowest: 0~~~~~~~~~~~~~~~~~
BUFFERING:
Checksum error, packet will be dropped
~~~~~Expected: 1  ~~~~~~~ 
~~~~~~~~~~~Highest: 3, Current: 1, Lowest: 0~~~~~~~~~~~~~~~~~
BUFFERING:

real	0m10.013s
user	0m0.002s
sys	0m0.000s
