Send Err-INIT ErrRate: 0.20 Drop: Y Flip: Y Rand: Y Debug: Y
SEND MSG#   1 SEQ#   0 LEN   36 FLAGS  8   -FNAME request
RECV          SEQ#   0 LEN    7 FLAGS  9   -FNAME response
RECV          SEQ#   0 LEN 1007 FLAGS 16   -Data #:    0
SEND MSG#   2 SEQ#   0 LEN   11 FLAGS  5   -RR #:      1
RECV          SEQ#   1 LEN 1007 FLAGS 16   -Data #:    1
RECV          SEQ#   2 LEN 1007 FLAGS 16   -Data #:    2
SEND MSG#   3 SEQ#   0 LEN   11 FLAGS  5   -RR #:      3
RECV          SEQ#   3 LEN 1007 FLAGS 16   -Data #:    3
RECV          SEQ#   2 LEN 1007 FLAGS 16   -Data #:    2
SEND MSG#   4 SEQ#   0 LEN   11 FLAGS  5   -RR #:      4
RECV          SEQ#   3 LEN 1007 FLAGS 16   -Data #:    3
RECV          SEQ#   4 LEN 1007 FLAGS 16   -Data #:    4
SEND MSG#   5 SEQ#   0 LEN   11 FLAGS  5   -RR #:      5
RECV          SEQ#   5 LEN 1007 FLAGS 16   -Data #:    5 - RECV Corrupted packet
RECV          SEQ#   5 LEN 1007 FLAGS 18   -Timeout resent data #:    5
SEND MSG#   6 SEQ#   0 LEN   11 FLAGS  5   -RR #:      6 - DROPPED 
RECV          SEQ#   5 LEN 1007 FLAGS 18   -Timeout resent data #:    5
RECV          SEQ#   5 LEN 1007 FLAGS 18   -Timeout resent data #:    5 - RECV Corrupted packet
RECV          SEQ#   5 LEN 1007 FLAGS 18   -Timeout resent data #:    5
RECV          SEQ#   5 LEN 1007 FLAGS 18   -Timeout resent data #:    5
SEND MSG#   7 SEQ#   0 LEN   11 FLAGS  5   -RR #:      6
RECV          SEQ#   6 LEN 1007 FLAGS 16   -Data #:    6 - RECV Corrupted packet
RECV          SEQ#   6 LEN 1007 FLAGS 18   -Timeout resent data #:    6
SEND MSG#   8 SEQ#   0 LEN   11 FLAGS  5   -RR #:      7
RECV          SEQ#   7 LEN 1007 FLAGS 16   -Data #:    7
RECV          SEQ#   7 LEN 1007 FLAGS 18   -Timeout resent data #:    7 - RECV Corrupted packet
RECV          SEQ#   7 LEN 1007 FLAGS 18   -Timeout resent data #:    7
======== SeqNo Report ========
  Msgs (Total)       :     8
  Msgs (Unique SeqNo):     1
==============================
Server info - IP: ::ffff:127.0.0.1 Port: 41418 
packet length = 36
Attempt 1: Sent filename packet
Incoming bytes: 7, Received response from server: 
Flag: 9
Filename exist, the server will be sending data
~~~~~Expected: 0  ~~~~~~~ 
Sending RR and SREJ in buffer:1 
BUFFERING:
~~~~~Expected: 2  ~~~~~~~ 
Sending RR and SREJ in buffer:3 
BUFFERING:
~~~~~Expected: 4  ~~~~~~~ 
BUFFERING:
~~~~~Expected: 4  ~~~~~~~ 
Sending RR and SREJ in buffer:5 
BUFFERING:
Checksum error, packet will be dropped
~~~~~Expected: 5  ~~~~~~~ 
Sending RR and SREJ in buffer:6 
BUFFERING:
~~~~~Expected: 6  ~~~~~~~ 
Checksum error, packet will be dropped
BUFFERING:
~~~~~Expected: 6  ~~~~~~~ 
BUFFERING:
Checksum error, packet will be dropped
~~~~~Expected: 6  ~~~~~~~ 
Sending RR and SREJ in buffer:7 
BUFFERING:
~~~~~Expected: 8  ~~~~~~~ 
Checksum error, packet will be dropped
BUFFERING:
~~~~~Expected: 8  ~~~~~~~ 
FIX LATER BUT YOU NEED TO TERMINATE GRACEFULLY

real	0m18.024s
user	0m0.003s
sys	0m0.000s
