Send Err-INIT ErrRate: 0.20 Drop: Y Flip: Y Rand: Y Debug: Y
SEND MSG#   1 SEQ#   0 LEN   36 FLAGS  8   -FNAME request
RECV          SEQ#   0 LEN    7 FLAGS  9   -FNAME response
RECV          SEQ#   0 LEN 1007 FLAGS 16   -Data #:    0
SEND MSG#   2 SEQ#   0 LEN   11 FLAGS  5   -RR #:      1
RECV          SEQ#   1 LEN 1007 FLAGS 16   -Data #:    1
RECV          SEQ#   2 LEN 1007 FLAGS 16   -Data #:    2
SEND MSG#   3 SEQ#   0 LEN   11 FLAGS  5   -RR #:      3
RECV          SEQ#   3 LEN 1007 FLAGS 16   -Data #:    3
RECV          SEQ#   4 LEN 1007 FLAGS 16   -Data #:    4 - RECV Corrupted packet
RECV          SEQ#   2 LEN 1007 FLAGS 16   -Data #:    2
RECV          SEQ#   3 LEN 1007 FLAGS 16   -Data #:    3
SEND MSG#   4 SEQ#   0 LEN   11 FLAGS  5   -RR #:      4 - DROPPED 
RECV          SEQ#   3 LEN 1007 FLAGS 18   -Timeout resent data #:    3
RECV          SEQ#   3 LEN 1007 FLAGS 18   -Timeout resent data #:    3
SEND MSG#   5 SEQ#   0 LEN   11 FLAGS  5   -RR #:      4 - DROPPED 
RECV          SEQ#   3 LEN 1007 FLAGS 18   -Timeout resent data #:    3
RECV          SEQ#   3 LEN 1007 FLAGS 18   -Timeout resent data #:    3
SEND MSG#   6 SEQ#   0 LEN   11 FLAGS  5   -RR #:      4 - DROPPED 
RECV          SEQ#   3 LEN 1007 FLAGS 18   -Timeout resent data #:    3 - RECV Corrupted packet
RECV          SEQ#   3 LEN 1007 FLAGS 18   -Timeout resent data #:    3
SEND MSG#   7 SEQ#   0 LEN   11 FLAGS  5   -RR #:      4
RECV          SEQ#   4 LEN 1007 FLAGS 16   -Data #:    4
RECV          SEQ#   4 LEN 1007 FLAGS 18   -Timeout resent data #:    4
SEND MSG#   8 SEQ#   0 LEN   11 FLAGS  5   -RR #:      5
RECV          SEQ#   5 LEN 1007 FLAGS 16   -Data #:    5
RECV          SEQ#   5 LEN 1007 FLAGS 18   -Timeout resent data #:    5 - RECV Corrupted packet
RECV          SEQ#   5 LEN 1007 FLAGS 18   -Timeout resent data #:    5
======== SeqNo Report ========
  Msgs (Total)       :     8
  Msgs (Unique SeqNo):     1
==============================
Server info - IP: ::ffff:127.0.0.1 Port: 41418 
packet length = 36
Attempt 1: Sent filename packet
Incoming bytes: 7, Received response from server: 
Flag: 9
Filename exist, the server will be sending data
~~~~~Expected: 0  ~~~~~~~ 
~~~~~~~~~~~Highest: 0, Current: 0, Lowest: 0~~~~~~~~~~~~~~~~~
Sending RR and SREJ in buffer:1 
BUFFERING:
~~~~~Expected: 2  ~~~~~~~ 
~~~~~~~~~~~Highest: 0, Current: 2, Lowest: 0~~~~~~~~~~~~~~~~~
Sending RR and SREJ in buffer:3 
BUFFERING:
~~~~~Expected: 4  ~~~~~~~ 
Checksum error, packet will be dropped
BUFFERING:
~~~~~Expected: 4  ~~~~~~~ 
~~~~~~~~~~~Highest: 2, Current: 4, Lowest: 0~~~~~~~~~~~~~~~~~
BUFFERING:
~~~~~Expected: 4  ~~~~~~~ 
~~~~~~~~~~~Highest: 2, Current: 4, Lowest: 0~~~~~~~~~~~~~~~~~
BUFFERING:
~~~~~Expected: 4  ~~~~~~~ 
~~~~~~~~~~~Highest: 2, Current: 4, Lowest: 0~~~~~~~~~~~~~~~~~
BUFFERING:
Checksum error, packet will be dropped
~~~~~Expected: 4  ~~~~~~~ 
~~~~~~~~~~~Highest: 2, Current: 4, Lowest: 0~~~~~~~~~~~~~~~~~
BUFFERING:
~~~~~Expected: 5  ~~~~~~~ 
~~~~~~~~~~~Highest: 2, Current: 5, Lowest: 0~~~~~~~~~~~~~~~~~
BUFFERING:
~~~~~Expected: 6  ~~~~~~~ 
Checksum error, packet will be dropped
BUFFERING:
~~~~~Expected: 6  ~~~~~~~ 

real	0m19.024s
user	0m0.003s
sys	0m0.000s
