Send Err-INIT ErrRate: 0.20 Drop: Y Flip: Y Rand: Y Debug: Y
SEND MSG#   1 SEQ#   0 LEN   36 FLAGS  8   -FNAME request
RECV          SEQ#   0 LEN    7 FLAGS  9   -FNAME response
RECV          SEQ#   0 LEN 1007 FLAGS 16   -Data #:    0
SEND MSG#   2 SEQ#   0 LEN   11 FLAGS  5   -RR #:      1 - DROPPED 
RECV          SEQ#   1 LEN 1007 FLAGS 16   -Data #:    1
SEND MSG#   3 SEQ#   0 LEN   11 FLAGS  5   -RR #:      2
RECV          SEQ#   2 LEN 1007 FLAGS 16   -Data #:    2
SEND MSG#   4 SEQ#   0 LEN   11 FLAGS  5   -RR #:      3
RECV          SEQ#   3 LEN 1007 FLAGS 16   -Data #:    3
SEND MSG#   5 SEQ#   0 LEN   11 FLAGS  5   -RR #:      4
RECV          SEQ#   4 LEN 1007 FLAGS 16   -Data #:    4
SEND MSG#   6 SEQ#   0 LEN   11 FLAGS  5   -RR #:      5
RECV          SEQ#   5 LEN 1007 FLAGS 16   -Data #:    5
SEND MSG#   7 SEQ#   0 LEN   11 FLAGS  5   -RR #:      6
======== SeqNo Report ========
  Msgs (Total)       :     7
  Msgs (Unique SeqNo):     1
==============================
Server info - IP: ::ffff:127.0.0.1 Port: 41418 
Error_rate: 0.200000
packet length = 36
Attempt 1: Sent filename packet
Incoming bytes: 7, Received response from server: 
Flag: 9
Filename exist, the server will be sending data
File Ok state reached
~~~~~Expected: 0  ~~~~~~~ 
~~~~~~~~~~~Highest: 0, Current: 0, Lowest: 0~~~~~~~~~~~~~~~~~
INORDER:
~~~~~~~~~~~Highest: 0, Current: 0, Lowest: 0~~~~~~~~~~~~~~~~~
Writing inorder 0
Sending RR and SREJ in buffer:1 
~~~~~Expected: 1  ~~~~~~~ 
~~~~~~~~~~~Highest: 0, Current: 1, Lowest: 0~~~~~~~~~~~~~~~~~
INORDER:
~~~~~~~~~~~Highest: 0, Current: 1, Lowest: 0~~~~~~~~~~~~~~~~~
Writing inorder 1
Sending RR and SREJ in buffer:2 
~~~~~Expected: 2  ~~~~~~~ 
~~~~~~~~~~~Highest: 1, Current: 2, Lowest: 0~~~~~~~~~~~~~~~~~
INORDER:
~~~~~~~~~~~Highest: 1, Current: 2, Lowest: 0~~~~~~~~~~~~~~~~~
Writing inorder 2
Sending RR and SREJ in buffer:3 
~~~~~Expected: 3  ~~~~~~~ 
~~~~~~~~~~~Highest: 2, Current: 3, Lowest: 0~~~~~~~~~~~~~~~~~
INORDER:
~~~~~~~~~~~Highest: 2, Current: 3, Lowest: 0~~~~~~~~~~~~~~~~~
Writing inorder 3
Sending RR and SREJ in buffer:4 
~~~~~Expected: 4  ~~~~~~~ 
~~~~~~~~~~~Highest: 3, Current: 4, Lowest: 0~~~~~~~~~~~~~~~~~
INORDER:
~~~~~~~~~~~Highest: 3, Current: 4, Lowest: 0~~~~~~~~~~~~~~~~~
Writing inorder 4
Sending RR and SREJ in buffer:5 
~~~~~Expected: 5  ~~~~~~~ 
~~~~~~~~~~~Highest: 4, Current: 5, Lowest: 0~~~~~~~~~~~~~~~~~
INORDER:
~~~~~~~~~~~Highest: 4, Current: 5, Lowest: 0~~~~~~~~~~~~~~~~~
Writing inorder 5
Sending RR and SREJ in buffer:6 
~~~~~Expected: 6  ~~~~~~~ 
~~~~~~~~~~~Highest: 5, Current: 6, Lowest: 0~~~~~~~~~~~~~~~~~
INORDER:

real	0m10.013s
user	0m0.002s
sys	0m0.000s
