Send Err-INIT ErrRate: 0.20 Drop: Y Flip: Y Rand: Y Debug: Y
SEND MSG#   1 SEQ#   0 LEN   36 FLAGS  8   -FNAME request
RECV          SEQ#   0 LEN    7 FLAGS  9   -FNAME response
RECV          SEQ#   0 LEN 1007 FLAGS 16   -Data #:    0
SEND MSG#   2 SEQ#   0 LEN   11 FLAGS  5   -RR #:      1
RECV          SEQ#   1 LEN 1007 FLAGS 16   -Data #:    1
RECV          SEQ#   2 LEN 1007 FLAGS 16   -Data #:    2
SEND MSG#   3 SEQ#   0 LEN   11 FLAGS  5   -RR #:      3
======== SeqNo Report ========
  Msgs (Total)       :     3
  Msgs (Unique SeqNo):     1
==============================
Server info - IP: ::ffff:127.0.0.1 Port: 41418 
Error_rate: 0.200000
packet length = 36
Attempt 1: Sent filename packet
Incoming bytes: 7, Received response from server: 
Flag: 9
Filename exist, the server will be sending data
File Ok state reached
~~~~~Expected: 0  ~~~~~~~ 
Sending RR and SREJ in buffer:1 
BUFFERING:
~~~~~Expected: 2  ~~~~~~~ 
Sending RR and SREJ in buffer:3 
BUFFERING:
FIX LATER BUT YOU NEED TO TERMINATE GRACEFULLY

real	0m10.012s
user	0m0.002s
sys	0m0.000s
