Send Err-INIT ErrRate: 0.15 Drop: Y Flip: Y Rand: Y Debug: Y
SEND MSG#   1 SEQ#   0 LEN   36 FLAGS  8   -FNAME request
RECV          SEQ# 16711680 LEN    7 FLAGS  9   -FNAME response - RECV Corrupted packet
Checksum verification failed, packet dropped
SEND MSG#   2 SEQ#   0 LEN   36 FLAGS  8   -FNAME request
RECV          SEQ#   0 LEN    7 FLAGS  9   -FNAME response
RECV          SEQ#   0 LEN 1007 FLAGS 16   -Data #:    0 - RECV Corrupted packet
RECV          SEQ#   1 LEN 1007 FLAGS 16   -Data #:    1
SEND MSG#   3 SEQ#   0 LEN   11 FLAGS  6   -SREJ #:    0 - FLIPPED BITS 
RECV          SEQ#   2 LEN 1007 FLAGS 16   -Data #:    2
RECV          SEQ#   3 LEN 1007 FLAGS 16   -Data #:    3
RECV          SEQ#   0 LEN 1007 FLAGS 17   -Resent Data #:    0
SEND MSG#   4 SEQ#   0 LEN   11 FLAGS  5   -RR #:      2
SEND MSG#   5 SEQ#   0 LEN   11 FLAGS  5   -RR #:      3 - DROPPED 
SEND MSG#   6 SEQ#   0 LEN   11 FLAGS  5   -RR #:      4
RECV          SEQ#   4 LEN 1007 FLAGS 16   -Data #:    4
SEND MSG#   7 SEQ#   0 LEN   11 FLAGS  5   -RR #:      5
RECV          SEQ#   0 LEN 1007 FLAGS 16   -Data #:    0
SEND MSG#   8 SEQ#   0 LEN   11 FLAGS  5   -RR #:      5
RECV          SEQ#   5 LEN 1007 FLAGS 16   -Data #:    5
SEND MSG#   9 SEQ#   0 LEN   11 FLAGS  5   -RR #:      6 - FLIPPED BITS 
RECV          SEQ#   1 LEN 1007 FLAGS 16   -Data #:    1
SEND MSG#  10 SEQ#   0 LEN   11 FLAGS  5   -RR #:      6
RECV          SEQ#   6 LEN 1007 FLAGS 16   -Data #:    6 - RECV Corrupted packet
RECV          SEQ#   2 LEN 1007 FLAGS 16   -Data #:    2 - RECV Corrupted packet
RECV          SEQ#   7 LEN 1007 FLAGS 16   -Data #:    7
SEND MSG#  11 SEQ#   0 LEN   11 FLAGS  6   -SREJ #:    6
RECV          SEQ#   3 LEN 1007 FLAGS 16   -Data #:    3
RECV          SEQ#   8 LEN 1007 FLAGS 16   -Data #:    8
RECV          SEQ#   4 LEN 1007 FLAGS 16   -Data #:    4 - RECV Corrupted packet
RECV          SEQ#   9 LEN 1007 FLAGS 16   -Data #:    9
RECV          SEQ#   5 LEN 1007 FLAGS 16   -Data #:    5
RECV          SEQ#  10 LEN 1007 FLAGS 16   -Data #:   10
RECV          SEQ#   6 LEN 1007 FLAGS 16   -Data #:    6
SEND MSG#  12 SEQ#   0 LEN   11 FLAGS  5   -RR #:      8
SEND MSG#  13 SEQ#   0 LEN   11 FLAGS  5   -RR #:      9
SEND MSG#  14 SEQ#   0 LEN   11 FLAGS  5   -RR #:     10
SEND MSG#  15 SEQ#   0 LEN   11 FLAGS  5   -RR #:     11
RECV          SEQ#  11 LEN 1007 FLAGS 16   -Data #:   11
SEND MSG#  16 SEQ#   0 LEN   11 FLAGS  5   -RR #:     12 - DROPPED 
RECV          SEQ#   7 LEN 1007 FLAGS 16   -Data #:    7 - RECV Corrupted packet
RECV          SEQ#   8 LEN 1007 FLAGS 16   -Data #:    8
SEND MSG#  17 SEQ#   0 LEN   11 FLAGS  5   -RR #:     12
RECV          SEQ#   9 LEN 1007 FLAGS 16   -Data #:    9
SEND MSG#  18 SEQ#   0 LEN   11 FLAGS  5   -RR #:     12
RECV          SEQ#  10 LEN 1007 FLAGS 16   -Data #:   10
SEND MSG#  19 SEQ#   0 LEN   11 FLAGS  5   -RR #:     12
RECV          SEQ#  11 LEN 1007 FLAGS 16   -Data #:   11
SEND MSG#  20 SEQ#   0 LEN   11 FLAGS  5   -RR #:     12 - DROPPED 
RECV          SEQ#   5 LEN 1007 FLAGS 17   -Resent Data #:    5
SEND MSG#  21 SEQ#   0 LEN   11 FLAGS  5   -RR #:     12 - FLIPPED BITS 
RECV          SEQ#  13 LEN 1007 FLAGS 16   -Data #:   13
SEND MSG#  22 SEQ#   0 LEN   11 FLAGS  6   -SREJ #:   12
RECV          SEQ#  13 LEN 1007 FLAGS 16   -Data #:   13
RECV          SEQ#  14 LEN 1007 FLAGS 16   -Data #:   14 - RECV Corrupted packet
RECV          SEQ#  14 LEN 1007 FLAGS 16   -Data #:   14
RECV          SEQ#  16 LEN 1007 FLAGS 16   -Data #:   16
RECV          SEQ#  17 LEN 1007 FLAGS 16   -Data #:   17 - RECV Corrupted packet
RECV          SEQ#  18 LEN 1007 FLAGS 16   -Data #:   18
RECV          SEQ#  19 LEN 1007 FLAGS 16   -Data #:   19 - RECV Corrupted packet
RECV          SEQ#  20 LEN 1007 FLAGS 16   -Data #:   20 - RECV Corrupted packet
RECV          SEQ#  21 LEN 1007 FLAGS 16   -Data #:   21
RECV          SEQ#   5 LEN 1007 FLAGS 17   -Resent Data #:    5
RECV          SEQ#  12 LEN 1007 FLAGS 17   -Resent Data #:   12
SEND MSG#  23 SEQ#   0 LEN   11 FLAGS  5   -RR #:     14
SEND MSG#  24 SEQ#   0 LEN   11 FLAGS  5   -RR #:     15 - DROPPED 
SEND MSG#  25 SEQ#   0 LEN   11 FLAGS  6   -SREJ #:   15
SEND MSG#  26 SEQ#   0 LEN   11 FLAGS  5   -RR #:     15
RECV          SEQ#  15 LEN 1007 FLAGS 16   -Data #:   15
SEND MSG#  27 SEQ#   0 LEN   11 FLAGS  5   -RR #:     17 - FLIPPED BITS 
SEND MSG#  28 SEQ#   0 LEN   11 FLAGS  6   -SREJ #:   17 - FLIPPED BITS 
SEND MSG#  29 SEQ#   0 LEN   11 FLAGS  5   -RR #:     17 - DROPPED 
RECV          SEQ#  16 LEN 1007 FLAGS 16   -Data #:   16
RECV          SEQ#  15 LEN 1007 FLAGS 17   -Resent Data #:   15
RECV          SEQ#  17 LEN 1007 FLAGS 16   -Data #:   17
SEND MSG#  30 SEQ#   0 LEN   11 FLAGS  5   -RR #:     19
SEND MSG#  31 SEQ#   0 LEN   11 FLAGS  6   -SREJ #:   19 - FLIPPED BITS 
SEND MSG#  32 SEQ#   0 LEN   11 FLAGS  5   -RR #:     19
RECV          SEQ#  18 LEN 1007 FLAGS 16   -Data #:   18
RECV          SEQ#  19 LEN 1007 FLAGS 16   -Data #:   19
SEND MSG#  33 SEQ#   0 LEN   11 FLAGS  6   -SREJ #:   20
SEND MSG#  34 SEQ#   0 LEN   11 FLAGS  5   -RR #:     20
RECV          SEQ#  15 LEN 1007 FLAGS 17   -Resent Data #:   15
RECV          SEQ#  15 LEN 1007 FLAGS 17   -Resent Data #:   15
RECV          SEQ#  22 LEN 1007 FLAGS 16   -Data #:   22
RECV          SEQ#  23 LEN 1007 FLAGS 16   -Data #:   23
RECV          SEQ#  19 LEN 1007 FLAGS 17   -Resent Data #:   19
RECV          SEQ#  24 LEN 1007 FLAGS 16   -Data #:   24
RECV          SEQ#  26 LEN 1007 FLAGS 16   -Data #:   26
RECV          SEQ#  27 LEN 1007 FLAGS 16   -Data #:   27
RECV          SEQ#  28 LEN 1007 FLAGS 16   -Data #:   28 - RECV Corrupted packet
RECV          SEQ#  29 LEN 1007 FLAGS 16   -Data #:   29
RECV          SEQ#  12 LEN 1007 FLAGS 18   -Timeout resent data #:   12 - RECV Corrupted packet
RECV          SEQ#  20 LEN 1007 FLAGS 18   -Timeout resent data #:   20
SEND MSG#  35 SEQ#   0 LEN   11 FLAGS  5   -RR #:     22
SEND MSG#  36 SEQ#   0 LEN   11 FLAGS  5   -RR #:     23
SEND MSG#  37 SEQ#   0 LEN   11 FLAGS  5   -RR #:     24
SEND MSG#  38 SEQ#   0 LEN   11 FLAGS  5   -RR #:     25
SEND MSG#  39 SEQ#   0 LEN   11 FLAGS  6   -SREJ #:   25
SEND MSG#  40 SEQ#   0 LEN   11 FLAGS  5   -RR #:     25
RECV          SEQ#  30 LEN 1007 FLAGS 16   -Data #:   30
RECV          SEQ#  31 LEN 1007 FLAGS 16   -Data #:   31
RECV          SEQ#  32 LEN 1007 FLAGS 16   -Data #:   32
RECV          SEQ#  33 LEN 1007 FLAGS 16   -Data #:   33
RECV          SEQ#  34 LEN 1007 FLAGS 16   -Data #:   34
RECV          SEQ#  25 LEN 1007 FLAGS 17   -Resent Data #:   25
SEND MSG#  41 SEQ#   0 LEN   11 FLAGS  5   -RR #:     27
SEND MSG#  42 SEQ#   0 LEN   11 FLAGS  5   -RR #:     28 - FLIPPED BITS 
SEND MSG#  43 SEQ#   0 LEN   11 FLAGS  6   -SREJ #:   28 - FLIPPED BITS 
SEND MSG#  44 SEQ#   0 LEN   11 FLAGS  5   -RR #:     28
RECV          SEQ#  35 LEN 1007 FLAGS 16   -Data #:   35
RECV          SEQ#  36 LEN 1007 FLAGS 16   -Data #:   36
RECV          SEQ#  27 LEN 1007 FLAGS 17   -Resent Data #:   27
RECV          SEQ#  27 LEN 1007 FLAGS 17   -Resent Data #:   27
RECV          SEQ#  37 LEN 1007 FLAGS 16   -Data #:   37
RECV          SEQ#  12 LEN 1007 FLAGS 18   -Timeout resent data #:   12 - RECV Corrupted packet
RECV          SEQ#  28 LEN 1007 FLAGS 18   -Timeout resent data #:   28
SEND MSG#  45 SEQ#   0 LEN   11 FLAGS  5   -RR #:     30
SEND MSG#  46 SEQ#   0 LEN   11 FLAGS  5   -RR #:     31
SEND MSG#  47 SEQ#   0 LEN   11 FLAGS  5   -RR #:     32
SEND MSG#  48 SEQ#   0 LEN   11 FLAGS  5   -RR #:     33
SEND MSG#  49 SEQ#   0 LEN   11 FLAGS  5   -RR #:     34
SEND MSG#  50 SEQ#   0 LEN   11 FLAGS  5   -RR #:     35
SEND MSG#  51 SEQ#   0 LEN   11 FLAGS  5   -RR #:     36
SEND MSG#  52 SEQ#   0 LEN   11 FLAGS  5   -RR #:     37
SEND MSG#  53 SEQ#   0 LEN   11 FLAGS  5   -RR #:     38
RECV          SEQ#  38 LEN 1007 FLAGS 16   -Data #:   38
SEND MSG#  54 SEQ#   0 LEN   11 FLAGS  5   -RR #:     39
RECV          SEQ#  39 LEN 1007 FLAGS 16   -Data #:   39
Server info - IP: ::ffff:127.0.0.1 Port: 41418 
packet length = 36
Attempt 1: Sent filename packet
Incoming bytes: 7, Received response from server: 

packet length = 36
Attempt 2: Sent filename packet
Incoming bytes: 7, Received response from server: 
Flag: 9
Filename exist, the server will be sending data
Checksum error, packet will be dropped
~~~~~~~~~~~Highest: 0, Current: 0, Lowest: 0~~~~~~~~~~~~~~~~~
Added to buffer======1BUFFERING:
BUFFERING:
BUFFERING:
FLUSHING:
Flushed 1461746018 bytes, next expected seq_num: 2
Flushed 1701257315 bytes, next expected seq_num: 3
Flushed 1629498469 bytes, next expected seq_num: 4
~~~~~~~~~~~Highest: 3, Current: 4, Lowest: 0~~~~~~~~~~~~~~~~~
Sending RR and SREJ in buffer:5 
~~~~~~~~~~~Highest: 4, Current: 5, Lowest: 0~~~~~~~~~~~~~~~~~
~~~~~~~~~~~Highest: 4, Current: 5, Lowest: 0~~~~~~~~~~~~~~~~~
Sending RR and SREJ in buffer:6 
~~~~~~~~~~~Highest: 5, Current: 6, Lowest: 0~~~~~~~~~~~~~~~~~
Checksum error, packet will be dropped
Checksum error, packet will be dropped
~~~~~~~~~~~Highest: 5, Current: 6, Lowest: 0~~~~~~~~~~~~~~~~~
Added to buffer======7BUFFERING:
BUFFERING:
BUFFERING:
Checksum error, packet will be dropped
BUFFERING:
BUFFERING:
BUFFERING:
BUFFERING:
FLUSHING:
Flushed 538976288 bytes, next expected seq_num: 8
Flushed 538976288 bytes, next expected seq_num: 9
Flushed 538976288 bytes, next expected seq_num: 10
Flushed 825306675 bytes, next expected seq_num: 11
~~~~~~~~~~~Highest: 10, Current: 11, Lowest: 0~~~~~~~~~~~~~~~~~
Sending RR and SREJ in buffer:12 
Checksum error, packet will be dropped
~~~~~~~~~~~Highest: 11, Current: 12, Lowest: 0~~~~~~~~~~~~~~~~~
~~~~~~~~~~~Highest: 11, Current: 12, Lowest: 0~~~~~~~~~~~~~~~~~
~~~~~~~~~~~Highest: 11, Current: 12, Lowest: 0~~~~~~~~~~~~~~~~~
~~~~~~~~~~~Highest: 11, Current: 12, Lowest: 0~~~~~~~~~~~~~~~~~
~~~~~~~~~~~Highest: 11, Current: 12, Lowest: 0~~~~~~~~~~~~~~~~~
~~~~~~~~~~~Highest: 11, Current: 12, Lowest: 0~~~~~~~~~~~~~~~~~
Added to buffer======13BUFFERING:
BUFFERING:
Checksum error, packet will be dropped
BUFFERING:
BUFFERING:
BUFFERING:
Checksum error, packet will be dropped
BUFFERING:
BUFFERING:
Checksum error, packet will be dropped
BUFFERING:
Checksum error, packet will be dropped
BUFFERING:
BUFFERING:
BUFFERING:
FLUSHING:
Flushed 1629498469 bytes, next expected seq_num: 14
Flushed 1948285298 bytes, next expected seq_num: 15
Sending RR and SREJ in flush:15 
BUFFERING:
FLUSHING:
Flushed 538976288 bytes, next expected seq_num: 17
Sending RR and SREJ in flush:17 
BUFFERING:
BUFFERING:
BUFFERING:
FLUSHING:
Flushed 538976288 bytes, next expected seq_num: 19
Sending RR and SREJ in flush:19 
BUFFERING:
BUFFERING:
FLUSHING:
Sending RR and SREJ in flush:20 
BUFFERING:
BUFFERING:
BUFFERING:
BUFFERING:
BUFFERING:
BUFFERING:
BUFFERING:
BUFFERING:
BUFFERING:
Checksum error, packet will be dropped
BUFFERING:
BUFFERING:
Checksum error, packet will be dropped
BUFFERING:
FLUSHING:
Flushed 1461746018 bytes, next expected seq_num: 22
Flushed 1701257315 bytes, next expected seq_num: 23
Flushed 1629498469 bytes, next expected seq_num: 24
Flushed 1948285298 bytes, next expected seq_num: 25
Sending RR and SREJ in flush:25 
BUFFERING:
BUFFERING:
BUFFERING:
BUFFERING:
BUFFERING:
BUFFERING:
FLUSHING:
Flushed 538976288 bytes, next expected seq_num: 27
Flushed 538976288 bytes, next expected seq_num: 28
Sending RR and SREJ in flush:28 
BUFFERING:
BUFFERING:
BUFFERING:
BUFFERING:
BUFFERING:
BUFFERING:
Checksum error, packet will be dropped
BUFFERING:
FLUSHING:
Flushed 538976288 bytes, next expected seq_num: 30
Flushed 825306675 bytes, next expected seq_num: 31
Flushed 1461746018 bytes, next expected seq_num: 32
Flushed 1701257315 bytes, next expected seq_num: 33
Flushed 1629498469 bytes, next expected seq_num: 34
Flushed 1948285298 bytes, next expected seq_num: 35
Flushed 1818846752 bytes, next expected seq_num: 36
Flushed 538976288 bytes, next expected seq_num: 37
Flushed 538976288 bytes, next expected seq_num: 38
~~~~~~~~~~~Highest: 37, Current: 38, Lowest: 0~~~~~~~~~~~~~~~~~
Sending RR and SREJ in buffer:39 
~~~~~~~~~~~Highest: 38, Current: 39, LoSEND MSG#  55 SEQ#   0 LEN   11 FLAGS  5   -RR #:     40
RECV          SEQ#  40 LEN 1007 FLAGS 16   -Data #:   40 - RECV Corrupted packet
RECV          SEQ#  41 LEN 1007 FLAGS 16   -Data #:   41 - RECV Corrupted packet
RECV          SEQ#  42 LEN 1007 FLAGS 16   -Data #:   42 - RECV Corrupted packet
RECV          SEQ#  43 LEN 1007 FLAGS 16   -Data #:   43
SEND MSG#  56 SEQ#   0 LEN   11 FLAGS  6   -SREJ #:   40
RECV          SEQ#  44 LEN 1007 FLAGS 16   -Data #:   44
RECV          SEQ#  45 LEN 1007 FLAGS 16   -Data #:   45
RECV          SEQ#  46 LEN 1007 FLAGS 16   -Data #:   46
RECV          SEQ#  47 LEN 1007 FLAGS 16   -Data #:   47 - RECV Corrupted packet
RECV          SEQ#  48 LEN 1007 FLAGS 16   -Data #:   48
RECV          SEQ#  49 LEN 1007 FLAGS 16   -Data #:   49
RECV          SEQ#  40 LEN 1007 FLAGS 17   -Resent Data #:   40
SEND MSG#  57 SEQ#   0 LEN   11 FLAGS  6   -SREJ #:   41
SEND MSG#  58 SEQ#   0 LEN   11 FLAGS  5   -RR #:     41
RECV          SEQ#  41 LEN 1007 FLAGS 17   -Resent Data #:   41
SEND MSG#  59 SEQ#   0 LEN   11 FLAGS  6   -SREJ #:   42
SEND MSG#  60 SEQ#   0 LEN   11 FLAGS  5   -RR #:     42
RECV          SEQ#  50 LEN 1007 FLAGS 16   -Data #:   50
RECV          SEQ#  42 LEN 1007 FLAGS 17   -Resent Data #:   42
SEND MSG#  61 SEQ#   0 LEN   11 FLAGS  5   -RR #:     44
SEND MSG#  62 SEQ#   0 LEN   11 FLAGS  5   -RR #:     45
SEND MSG#  63 SEQ#   0 LEN   11 FLAGS  5   -RR #:     46 - FLIPPED BITS 
SEND MSG#  64 SEQ#   0 LEN   11 FLAGS  5   -RR #:     47
SEND MSG#  65 SEQ#   0 LEN   11 FLAGS  6   -SREJ #:   47
SEND MSG#  66 SEQ#   0 LEN   11 FLAGS  5   -RR #:     47
RECV          SEQ#  51 LEN  207 FLAGS 16   -Data #:   51
RECV          SEQ#  52 LEN    7 FLAGS 10   -User defined 
RECV          SEQ#  52 LEN    7 FLAGS 10   -User defined 
RECV          SEQ#  45 LEN 1007 FLAGS 17   -Resent Data #:   45
RECV          SEQ#  52 LEN    7 FLAGS 10   -User defined 
RECV          SEQ#  52 LEN    7 FLAGS 10   -User defined 
RECV          SEQ#  47 LEN 1007 FLAGS 17   -Resent Data #:   47
SEND MSG#  67 SEQ#   0 LEN   11 FLAGS  5   -RR #:     49
SEND MSG#  68 SEQ#   0 LEN   11 FLAGS  5   -RR #:     50 - DROPPED 
SEND MSG#  69 SEQ#   0 LEN   11 FLAGS  5   -RR #:     51
SEND MSG#  70 SEQ#   0 LEN   11 FLAGS  5   -RR #:     52
SEND MSG#  71 SEQ#   0 LEN   11 FLAGS  5   -RR #:     53
RECV          SEQ#  52 LEN    7 FLAGS 10   -User defined 
SEND MSG#  72 SEQ#   0 LEN    7 FLAGS 10   -User defined 
======== SeqNo Report ========
  Msgs (Total)       :    72
  Msgs (Unique SeqNo):     1
==============================
west: 0~~~~~~~~~~~~~~~~~
Sending RR and SREJ in buffer:40 
Checksum error, packet will be dropped
Checksum error, packet will be dropped
Checksum error, packet will be dropped
~~~~~~~~~~~Highest: 39, Current: 40, Lowest: 0~~~~~~~~~~~~~~~~~
Added to buffer======43BUFFERING:
BUFFERING:
BUFFERING:
BUFFERING:
Checksum error, packet will be dropped
BUFFERING:
BUFFERING:
BUFFERING:
FLUSHING:
Sending RR and SREJ in flush:41 
BUFFERING:
FLUSHING:
Sending RR and SREJ in flush:42 
BUFFERING:
BUFFERING:
FLUSHING:
Flushed 1629498469 bytes, next expected seq_num: 44
Flushed 1948285298 bytes, next expected seq_num: 45
Flushed 1818846752 bytes, next expected seq_num: 46
Flushed 538976288 bytes, next expected seq_num: 47
Sending RR and SREJ in flush:47 
BUFFERING:
BUFFERING:
BUFFERING:
BUFFERING:
BUFFERING:
BUFFERING:
BUFFERING:
FLUSHING:
Flushed 538976288 bytes, next expected seq_num: 49
Flushed 538976288 bytes, next expected seq_num: 50
Flushed 825306675 bytes, next expected seq_num: 51
Flushed 1461746018 bytes, next expected seq_num: 52
Flushed 1701257315 bytes, next expected seq_num: 53
Exiting tranfer completeSent EOF packet to client.
Exiting from INORDER
Exiting RECEIVE_DATA

real	0m2.010s
user	0m0.000s
sys	0m0.006s
